Log file open, 06/21/20 13:42:29
LogInit: Display: Running engine for game: rollerz
LogPlatformFile: Not using cached read wrapper
LogTaskGraph: Started task graph with 5 named threads and 20 total threads with 3 sets of task threads.
LogStats: Stats thread started at 1.012878
LogD3D11RHI: Loaded GFSDK_Aftermath_Lib.x64.dll
LogICUInternationalization: ICU TimeZone Detection - Raw Offset: +0:00, Platform Override: ''
LogPluginManager: Mounting plugin Paper2D
LogPluginManager: Mounting plugin AISupport
LogPluginManager: Mounting plugin LightPropagationVolume
LogPluginManager: Mounting plugin CameraShakePreviewer
LogPluginManager: Mounting plugin ActorLayerUtilities
LogPluginManager: Mounting plugin AnimationSharing
LogPluginManager: Mounting plugin CLionSourceCodeAccess
LogPluginManager: Mounting plugin CodeLiteSourceCodeAccess
LogPluginManager: Mounting plugin GitSourceControl
LogPluginManager: Mounting plugin KDevelopSourceCodeAccess
LogPluginManager: Mounting plugin NullSourceCodeAccess
LogPluginManager: Mounting plugin PerforceSourceControl
LogPluginManager: Mounting plugin PlasticSourceControl
LogPluginManager: Mounting plugin RiderSourceCodeAccess
LogPluginManager: Mounting plugin SubversionSourceControl
LogPluginManager: Mounting plugin UObjectPlugin
LogPluginManager: Mounting plugin VisualStudioCodeSourceCodeAccess
LogPluginManager: Mounting plugin VisualStudioSourceCodeAccess
LogPluginManager: Mounting plugin XCodeSourceCodeAccess
LogPluginManager: Mounting plugin AssetManagerEditor
LogPluginManager: Mounting plugin CryptoKeys
LogPluginManager: Mounting plugin CurveEditorTools
LogPluginManager: Mounting plugin DataValidation
LogPluginManager: Mounting plugin EditorScriptingUtilities
LogPluginManager: Mounting plugin FacialAnimation
LogPluginManager: Mounting plugin GameplayTagsEditor
LogPluginManager: Mounting plugin GeometryMode
LogPluginManager: Mounting plugin MacGraphicsSwitching
LogPluginManager: Mounting plugin MaterialAnalyzer
LogPluginManager: Mounting plugin MobileLauncherProfileWizard
LogPluginManager: Mounting plugin PluginBrowser
LogPluginManager: Mounting plugin SpeedTreeImporter
LogPluginManager: Mounting plugin DatasmithContent
LogPluginManager: Mounting plugin VariantManagerContent
LogPluginManager: Mounting plugin AlembicImporter
LogPluginManager: Mounting plugin AutomationUtils
LogPluginManager: Mounting plugin BackChannel
LogPluginManager: Mounting plugin ChaosCloth
LogPluginManager: Mounting plugin ChaosClothEditor
LogPluginManager: Mounting plugin ChaosEditor
LogPluginManager: Mounting plugin ChaosNiagara
LogPluginManager: Mounting plugin ChaosSolverPlugin
LogPluginManager: Mounting plugin CharacterAI
LogPluginManager: Mounting plugin GeometryCache
LogPluginManager: Mounting plugin GeometryCollectionPlugin
LogPluginManager: Mounting plugin GeometryProcessing
LogPluginManager: Mounting plugin PlanarCut
LogPluginManager: Mounting plugin PlatformCrypto
LogPluginManager: Mounting plugin ProxyLODPlugin
LogPluginManager: Mounting plugin SkeletalReduction
LogPluginManager: Mounting plugin Niagara
LogPluginManager: Mounting plugin MagicLeap
LogPluginManager: Mounting plugin MagicLeapLightEstimation
LogPluginManager: Mounting plugin MagicLeapMedia
LogPluginManager: Mounting plugin MagicLeapPassableWorld
LogPluginManager: Mounting plugin MLSDK
LogPluginManager: Mounting plugin AndroidMedia
LogPluginManager: Mounting plugin AvfMedia
LogPluginManager: Mounting plugin ImgMedia
LogPluginManager: Mounting plugin MediaCompositing
LogPluginManager: Mounting plugin MediaPlayerEditor
LogPluginManager: Mounting plugin WebMMedia
LogPluginManager: Mounting plugin WmfMedia
LogPluginManager: Mounting plugin MeshPainting
LogPluginManager: Mounting plugin TcpMessaging
LogPluginManager: Mounting plugin UdpMessaging
LogPluginManager: Mounting plugin ActorSequence
LogPluginManager: Mounting plugin LevelSequenceEditor
LogPluginManager: Mounting plugin MatineeToLevelSequence
LogPluginManager: Mounting plugin MovieRenderPipeline
LogPluginManager: Mounting plugin TemplateSequence
LogPluginManager: Mounting plugin NetcodeUnitTest
LogPluginManager: Mounting plugin NUTUnrealEngine4
LogPluginManager: Mounting plugin OnlineSubsystemGooglePlay
LogPluginManager: Mounting plugin OnlineSubsystemIOS
LogPluginManager: Mounting plugin OnlineSubsystem
LogPluginManager: Mounting plugin OnlineSubsystemNull
LogPluginManager: Mounting plugin OnlineSubsystemUtils
LogPluginManager: Mounting plugin LauncherChunkInstaller
LogPluginManager: Mounting plugin AndroidDeviceProfileSelector
LogPluginManager: Mounting plugin AndroidMoviePlayer
LogPluginManager: Mounting plugin AndroidPermission
LogPluginManager: Mounting plugin AppleImageUtils
LogPluginManager: Mounting plugin AppleMoviePlayer
LogPluginManager: Mounting plugin ArchVisCharacter
LogPluginManager: Mounting plugin AssetTags
LogPluginManager: Mounting plugin AudioCapture
LogPluginManager: Mounting plugin CableComponent
LogPluginManager: Mounting plugin CustomMeshComponent
LogPluginManager: Mounting plugin EditableMesh
LogPluginManager: Mounting plugin ExampleDeviceProfileSelector
LogPluginManager: Mounting plugin GoogleCloudMessaging
LogPluginManager: Mounting plugin GooglePAD
LogPluginManager: Mounting plugin IOSDeviceProfileSelector
LogPluginManager: Mounting plugin LinuxDeviceProfileSelector
LogPluginManager: Mounting plugin LocationServicesBPLibrary
LogPluginManager: Mounting plugin MobilePatchingUtils
LogPluginManager: Mounting plugin OculusVR
LogPluginManager: Mounting plugin PhysXVehicles
LogPluginManager: Mounting plugin PostSplashScreen
LogPluginManager: Mounting plugin ProceduralMeshComponent
LogPluginManager: Mounting plugin RuntimePhysXCooking
LogPluginManager: Mounting plugin SignificanceManager
LogPluginManager: Mounting plugin SoundFields
LogPluginManager: Mounting plugin SteamVR
LogPluginManager: Mounting plugin Synthesis
LogPluginManager: Mounting plugin WebMMoviePlayer
LogPluginManager: Mounting plugin WindowsMoviePlayer
LogPluginManager: Mounting plugin ScreenshotTools
LogInit: Using libcurl 7.55.1-DEV
LogInit:  - built for x86_64-pc-win32
LogInit:  - supports SSL with OpenSSL/1.1.1
LogInit:  - supports HTTP deflate (compression) using libz 1.2.8
LogInit:  - other features:
LogInit:      CURL_VERSION_SSL
LogInit:      CURL_VERSION_LIBZ
LogInit:      CURL_VERSION_IPV6
LogInit:      CURL_VERSION_ASYNCHDNS
LogInit:      CURL_VERSION_LARGEFILE
LogInit:      CURL_VERSION_IDN
LogInit:  CurlRequestOptions (configurable via config and command line):
LogInit:  - bVerifyPeer = true  - Libcurl will verify peer certificate
LogInit:  - bUseHttpProxy = false  - Libcurl will NOT use HTTP proxy
LogInit:  - bDontReuseConnections = false  - Libcurl will reuse connections
LogInit:  - MaxHostConnections = 16  - Libcurl will limit the number of connections to a host
LogInit:  - LocalHostAddr = Default
LogInit:  - BufferSize = 65536
LogOnline: OSS: Creating online subsystem instance for: NULL
LogInit: WinSock: version 1.1 (2.2), MaxSocks=32767, MaxUdp=65467
LogOnline: OSS: TryLoadSubsystemAndSetDefault: Loaded subsystem for module [NULL]
LogOculusPluginWrapper: OculusPlugin initialized successfully
LogInit: Build: ++UE4+Release-4.25-CL-13594126
LogInit: Engine Version: 4.25.1-13594126+++UE4+Release-4.25
LogInit: Compatible Engine Version: 4.25.0-13144385+++UE4+Release-4.25
LogInit: Net CL: 13144385
LogInit: OS: Windows 10 (Release 1909) (), CPU: Intel(R) Core(TM) i5-9600K CPU @ 3.70GHz, GPU: NVIDIA GeForce RTX 2070 SUPER
LogInit: Compiled (64-bit): Jun  2 2020 02:10:36
LogInit: Compiled with Visual C++: 19.24.28315.00
LogInit: Build Configuration: Development
LogInit: Branch Name: ++UE4+Release-4.25
LogInit: Command Line: 
LogInit: Base Directory: C:/Program Files/UE_4.25/Engine/Binaries/Win64/
LogInit: Allocator: TBB
LogInit: Installed Engine Build: 1
LogDevObjectVersion: Number of dev versions registered: 26
LogDevObjectVersion:   Dev-Blueprints (B0D832E4-1F89-4F0D-ACCF-7EB736FD4AA2): 10
LogDevObjectVersion:   Dev-Build (E1C64328-A22C-4D53-A36C-8E866417BD8C): 0
LogDevObjectVersion:   Dev-Core (375EC13C-06E4-48FB-B500-84F0262A717E): 4
LogDevObjectVersion:   Dev-Editor (E4B068ED-F494-42E9-A231-DA0B2E46BB41): 38
LogDevObjectVersion:   Dev-Framework (CFFC743F-43B0-4480-9391-14DF171D2073): 37
LogDevObjectVersion:   Dev-Mobile (B02B49B5-BB20-44E9-A304-32B752E40360): 2
LogDevObjectVersion:   Dev-Networking (A4E4105C-59A1-49B5-A7C5-40C4547EDFEE): 0
LogDevObjectVersion:   Dev-Online (39C831C9-5AE6-47DC-9A44-9C173E1C8E7C): 0
LogDevObjectVersion:   Dev-Physics (78F01B33-EBEA-4F98-B9B4-84EACCB95AA2): 4
LogDevObjectVersion:   Dev-Platform (6631380F-2D4D-43E0-8009-CF276956A95A): 0
LogDevObjectVersion:   Dev-Rendering (12F88B9F-8875-4AFC-A67C-D90C383ABD29): 43
LogDevObjectVersion:   Dev-Sequencer (7B5AE74C-D270-4C10-A958-57980B212A5A): 12
LogDevObjectVersion:   Dev-VR (D7296918-1DD6-4BDD-9DE2-64A83CC13884): 3
LogDevObjectVersion:   Dev-LoadTimes (C2A15278-BFE7-4AFE-6C17-90FF531DF755): 1
LogDevObjectVersion:   Private-Geometry (6EACA3D4-40EC-4CC1-B786-8BED09428FC5): 3
LogDevObjectVersion:   Dev-AnimPhys (29E575DD-E0A3-4627-9D10-D276232CDCEA): 17
LogDevObjectVersion:   Dev-Anim (AF43A65D-7FD3-4947-9873-3E8ED9C1BB05): 7
LogDevObjectVersion:   Dev-ReflectionCapture (6B266CEC-1EC7-4B8F-A30B-E4D90942FC07): 1
LogDevObjectVersion:   Dev-Automation (0DF73D61-A23F-47EA-B727-89E90C41499A): 1
LogDevObjectVersion:   FortniteMain (601D1886-AC64-4F84-AA16-D3DE0DEAC7D6): 31
LogDevObjectVersion:   Dev-Enterprise (9DFFBCD6-494F-0158-E221-12823C92A888): 10
LogDevObjectVersion:   Dev-Niagara (F2AED0AC-9AFE-416F-8664-AA7FFA26D6FC): 1
LogDevObjectVersion:   Dev-Destruction (174F1F0B-B4C6-45A5-B13F-2EE8D0FB917D): 10
LogDevObjectVersion:   Dev-Physics-Ext (35F94A83-E258-406C-A318-09F59610247C): 37
LogDevObjectVersion:   Dev-PhysicsMaterial-Chaos (B68FC16E-8B1B-42E2-B453-215C058844FE): 1
LogDevObjectVersion:   Dev-CineCamera (B2E18506-4273-CFC2-A54E-F4BB758BBA07): 1
LogInit: Presizing for max 25165824 objects, including 0 objects not considered by GC, pre-allocating 0 bytes for permanent pool.
LogConfig: Applying CVar settings from Section [/Script/Engine.StreamingSettings] File [D:/projectz/rollerz/Saved/Config/Windows/Engine.ini]
LogConfig: Setting CVar [[s.MinBulkDataSizeForAsyncLoading:131072]]
LogConfig: Setting CVar [[s.AsyncLoadingThreadEnabled:0]]
LogConfig: Setting CVar [[s.EventDrivenLoaderEnabled:1]]
LogConfig: Setting CVar [[s.WarnIfTimeLimitExceeded:0]]
LogConfig: Setting CVar [[s.TimeLimitExceededMultiplier:1.5]]
LogConfig: Setting CVar [[s.TimeLimitExceededMinTime:0.005]]
LogConfig: Setting CVar [[s.UseBackgroundLevelStreaming:1]]
LogConfig: Setting CVar [[s.PriorityAsyncLoadingExtraTime:15.0]]
LogConfig: Setting CVar [[s.LevelStreamingActorsUpdateTimeLimit:5.0]]
LogConfig: Setting CVar [[s.PriorityLevelStreamingActorsUpdateExtraTime:5.0]]
LogConfig: Setting CVar [[s.LevelStreamingComponentsRegistrationGranularity:10]]
LogConfig: Setting CVar [[s.UnregisterComponentsTimeLimit:1.0]]
LogConfig: Setting CVar [[s.LevelStreamingComponentsUnregistrationGranularity:5]]
LogConfig: Setting CVar [[s.FlushStreamingOnExit:1]]
LogInit: Object subsystem initialized
LogConfig: Setting CVar [[con.DebugEarlyDefault:1]]
LogConfig: Setting CVar [[r.setres:1280x720]]
[2020.06.21-12.42.30:197][  0]LogConfig: Setting CVar [[r.VSync:0]]
[2020.06.21-12.42.30:197][  0]LogConfig: Setting CVar [[r.RHICmdBypass:0]]
[2020.06.21-12.42.30:197][  0]LogConfig: Applying CVar settings from Section [/Script/Engine.RendererSettings] File [D:/projectz/rollerz/Saved/Config/Windows/Engine.ini]
[2020.06.21-12.42.30:197][  0]LogConfig: Setting CVar [[r.GPUCrashDebugging:0]]
[2020.06.21-12.42.30:197][  0]LogConfig: Applying CVar settings from Section [/Script/Engine.RendererOverrideSettings] File [D:/projectz/rollerz/Saved/Config/Windows/Engine.ini]
[2020.06.21-12.42.30:197][  0]LogConfig: Applying CVar settings from Section [/Script/Engine.StreamingSettings] File [D:/projectz/rollerz/Saved/Config/Windows/Engine.ini]
[2020.06.21-12.42.30:197][  0]LogConfig: Setting CVar [[s.MinBulkDataSizeForAsyncLoading:131072]]
[2020.06.21-12.42.30:197][  0]LogConfig: Setting CVar [[s.AsyncLoadingThreadEnabled:0]]
[2020.06.21-12.42.30:197][  0]LogConfig: Setting CVar [[s.EventDrivenLoaderEnabled:1]]
[2020.06.21-12.42.30:197][  0]LogConfig: Setting CVar [[s.WarnIfTimeLimitExceeded:0]]
[2020.06.21-12.42.30:197][  0]LogConfig: Setting CVar [[s.TimeLimitExceededMultiplier:1.5]]
[2020.06.21-12.42.30:197][  0]LogConfig: Setting CVar [[s.TimeLimitExceededMinTime:0.005]]
[2020.06.21-12.42.30:197][  0]LogConfig: Setting CVar [[s.UseBackgroundLevelStreaming:1]]
[2020.06.21-12.42.30:197][  0]LogConfig: Setting CVar [[s.PriorityAsyncLoadingExtraTime:15.0]]
[2020.06.21-12.42.30:197][  0]LogConfig: Setting CVar [[s.LevelStreamingActorsUpdateTimeLimit:5.0]]
[2020.06.21-12.42.30:197][  0]LogConfig: Setting CVar [[s.PriorityLevelStreamingActorsUpdateExtraTime:5.0]]
[2020.06.21-12.42.30:197][  0]LogConfig: Setting CVar [[s.LevelStreamingComponentsRegistrationGranularity:10]]
[2020.06.21-12.42.30:197][  0]LogConfig: Setting CVar [[s.UnregisterComponentsTimeLimit:1.0]]
[2020.06.21-12.42.30:197][  0]LogConfig: Setting CVar [[s.LevelStreamingComponentsUnregistrationGranularity:5]]
[2020.06.21-12.42.30:197][  0]LogConfig: Setting CVar [[s.FlushStreamingOnExit:1]]
[2020.06.21-12.42.30:197][  0]LogConfig: Applying CVar settings from Section [/Script/Engine.GarbageCollectionSettings] File [D:/projectz/rollerz/Saved/Config/Windows/Engine.ini]
[2020.06.21-12.42.30:197][  0]LogConfig: Setting CVar [[gc.MaxObjectsNotConsideredByGC:1]]
[2020.06.21-12.42.30:197][  0]LogConfig: Setting CVar [[gc.SizeOfPermanentObjectPool:0]]
[2020.06.21-12.42.30:197][  0]LogConfig: Setting CVar [[gc.FlushStreamingOnGC:0]]
[2020.06.21-12.42.30:197][  0]LogConfig: Setting CVar [[gc.NumRetriesBeforeForcingGC:10]]
[2020.06.21-12.42.30:197][  0]LogConfig: Setting CVar [[gc.AllowParallelGC:1]]
[2020.06.21-12.42.30:197][  0]LogConfig: Setting CVar [[gc.TimeBetweenPurgingPendingKillObjects:61.1]]
[2020.06.21-12.42.30:197][  0]LogConfig: Setting CVar [[gc.MaxObjectsInEditor:25165824]]
[2020.06.21-12.42.30:197][  0]LogConfig: Setting CVar [[gc.IncrementalBeginDestroyEnabled:1]]
[2020.06.21-12.42.30:197][  0]LogConfig: Setting CVar [[gc.CreateGCClusters:1]]
[2020.06.21-12.42.30:197][  0]LogConfig: Setting CVar [[gc.MinGCClusterSize:5]]
[2020.06.21-12.42.30:197][  0]LogConfig: Setting CVar [[gc.ActorClusteringEnabled:0]]
[2020.06.21-12.42.30:197][  0]LogConfig: Setting CVar [[gc.BlueprintClusteringEnabled:0]]
[2020.06.21-12.42.30:197][  0]LogConfig: Setting CVar [[gc.UseDisregardForGCOnDedicatedServers:0]]
[2020.06.21-12.42.30:197][  0]LogConfig: Applying CVar settings from Section [/Script/Engine.NetworkSettings] File [D:/projectz/rollerz/Saved/Config/Windows/Engine.ini]
[2020.06.21-12.42.30:197][  0]LogConfig: Applying CVar settings from Section [/Script/UnrealEd.CookerSettings] File [D:/projectz/rollerz/Saved/Config/Windows/Engine.ini]
[2020.06.21-12.42.30:199][  0]LogConfig: Applying CVar settings from Section [ViewDistanceQuality@3] File [D:/projectz/rollerz/Saved/Config/Windows/Scalability.ini]
[2020.06.21-12.42.30:199][  0]LogConfig: Setting CVar [[r.SkeletalMeshLODBias:0]]
[2020.06.21-12.42.30:199][  0]LogConfig: Setting CVar [[r.ViewDistanceScale:1.0]]
[2020.06.21-12.42.30:199][  0]LogConfig: Applying CVar settings from Section [AntiAliasingQuality@3] File [D:/projectz/rollerz/Saved/Config/Windows/Scalability.ini]
[2020.06.21-12.42.30:199][  0]LogConfig: Setting CVar [[r.PostProcessAAQuality:4]]
[2020.06.21-12.42.30:199][  0]LogConfig: Applying CVar settings from Section [ShadowQuality@3] File [D:/projectz/rollerz/Saved/Config/Windows/Scalability.ini]
[2020.06.21-12.42.30:199][  0]LogConfig: Setting CVar [[r.LightFunctionQuality:1]]
[2020.06.21-12.42.30:199][  0]LogConfig: Setting CVar [[r.ShadowQuality:5]]
[2020.06.21-12.42.30:199][  0]LogConfig: Setting CVar [[r.Shadow.CSM.MaxCascades:10]]
[2020.06.21-12.42.30:199][  0]LogConfig: Setting CVar [[r.Shadow.MaxResolution:2048]]
[2020.06.21-12.42.30:199][  0]LogConfig: Setting CVar [[r.Shadow.MaxCSMResolution:2048]]
[2020.06.21-12.42.30:199][  0]LogConfig: Setting CVar [[r.Shadow.RadiusThreshold:0.01]]
[2020.06.21-12.42.30:199][  0]LogConfig: Setting CVar [[r.Shadow.DistanceScale:1.0]]
[2020.06.21-12.42.30:199][  0]LogConfig: Setting CVar [[r.Shadow.CSM.TransitionScale:1.0]]
[2020.06.21-12.42.30:199][  0]LogConfig: Setting CVar [[r.Shadow.PreShadowResolutionFactor:1.0]]
[2020.06.21-12.42.30:199][  0]LogConfig: Setting CVar [[r.DistanceFieldShadowing:1]]
[2020.06.21-12.42.30:199][  0]LogConfig: Setting CVar [[r.DistanceFieldAO:1]]
[2020.06.21-12.42.30:199][  0]LogConfig: Setting CVar [[r.AOQuality:2]]
[2020.06.21-12.42.30:199][  0]LogConfig: Setting CVar [[r.VolumetricFog:1]]
[2020.06.21-12.42.30:199][  0]LogConfig: Setting CVar [[r.VolumetricFog.GridPixelSize:8]]
[2020.06.21-12.42.30:199][  0]LogConfig: Setting CVar [[r.VolumetricFog.GridSizeZ:128]]
[2020.06.21-12.42.30:199][  0]LogConfig: Setting CVar [[r.VolumetricFog.HistoryMissSupersampleCount:4]]
[2020.06.21-12.42.30:199][  0]LogConfig: Setting CVar [[r.LightMaxDrawDistanceScale:1]]
[2020.06.21-12.42.30:199][  0]LogConfig: Setting CVar [[r.CapsuleShadows:1]]
[2020.06.21-12.42.30:199][  0]LogConfig: Applying CVar settings from Section [PostProcessQuality@3] File [D:/projectz/rollerz/Saved/Config/Windows/Scalability.ini]
[2020.06.21-12.42.30:199][  0]LogConfig: Setting CVar [[r.MotionBlurQuality:4]]
[2020.06.21-12.42.30:199][  0]LogConfig: Setting CVar [[r.AmbientOcclusionMipLevelFactor:0.4]]
[2020.06.21-12.42.30:199][  0]LogConfig: Setting CVar [[r.AmbientOcclusionMaxQuality:100]]
[2020.06.21-12.42.30:199][  0]LogConfig: Setting CVar [[r.AmbientOcclusionLevels:-1]]
[2020.06.21-12.42.30:199][  0]LogConfig: Setting CVar [[r.AmbientOcclusionRadiusScale:1.0]]
[2020.06.21-12.42.30:199][  0]LogConfig: Setting CVar [[r.DepthOfFieldQuality:2]]
[2020.06.21-12.42.30:199][  0]LogConfig: Setting CVar [[r.RenderTargetPoolMin:400]]
[2020.06.21-12.42.30:199][  0]LogConfig: Setting CVar [[r.LensFlareQuality:2]]
[2020.06.21-12.42.30:199][  0]LogConfig: Setting CVar [[r.SceneColorFringeQuality:1]]
[2020.06.21-12.42.30:199][  0]LogConfig: Setting CVar [[r.EyeAdaptationQuality:2]]
[2020.06.21-12.42.30:199][  0]LogConfig: Setting CVar [[r.BloomQuality:5]]
[2020.06.21-12.42.30:199][  0]LogConfig: Setting CVar [[r.FastBlurThreshold:100]]
[2020.06.21-12.42.30:199][  0]LogConfig: Setting CVar [[r.Upscale.Quality:3]]
[2020.06.21-12.42.30:199][  0]LogConfig: Setting CVar [[r.Tonemapper.GrainQuantization:1]]
[2020.06.21-12.42.30:199][  0]LogConfig: Setting CVar [[r.LightShaftQuality:1]]
[2020.06.21-12.42.30:199][  0]LogConfig: Setting CVar [[r.Filter.SizeScale:1]]
[2020.06.21-12.42.30:199][  0]LogConfig: Setting CVar [[r.Tonemapper.Quality:5]]
[2020.06.21-12.42.30:199][  0]LogConfig: Setting CVar [[r.DOF.Gather.AccumulatorQuality:1        ; higher gathering accumulator quality]]
[2020.06.21-12.42.30:199][  0]LogConfig: Setting CVar [[r.DOF.Gather.PostfilterMethod:1          ; Median3x3 postfilering method]]
[2020.06.21-12.42.30:199][  0]LogConfig: Setting CVar [[r.DOF.Gather.EnableBokehSettings:0       ; no bokeh simulation when gathering]]
[2020.06.21-12.42.30:199][  0]LogConfig: Setting CVar [[r.DOF.Gather.RingCount:4                 ; medium number of samples when gathering]]
[2020.06.21-12.42.30:199][  0]LogConfig: Setting CVar [[r.DOF.Scatter.ForegroundCompositing:1    ; additive foreground scattering]]
[2020.06.21-12.42.30:199][  0]LogConfig: Setting CVar [[r.DOF.Scatter.BackgroundCompositing:2    ; additive background scattering]]
[2020.06.21-12.42.30:199][  0]LogConfig: Setting CVar [[r.DOF.Scatter.EnableBokehSettings:1      ; bokeh simulation when scattering]]
[2020.06.21-12.42.30:199][  0]LogConfig: Setting CVar [[r.DOF.Scatter.MaxSpriteRatio:0.1         ; only a maximum of 10% of scattered bokeh]]
[2020.06.21-12.42.30:199][  0]LogConfig: Setting CVar [[r.DOF.Recombine.Quality:1                ; cheap slight out of focus]]
[2020.06.21-12.42.30:199][  0]LogConfig: Setting CVar [[r.DOF.Recombine.EnableBokehSettings:0    ; no bokeh simulation on slight out of focus]]
[2020.06.21-12.42.30:199][  0]LogConfig: Setting CVar [[r.DOF.TemporalAAQuality:1                ; more stable temporal accumulation]]
[2020.06.21-12.42.30:199][  0]LogConfig: Setting CVar [[r.DOF.Kernel.MaxForegroundRadius:0.025]]
[2020.06.21-12.42.30:199][  0]LogConfig: Setting CVar [[r.DOF.Kernel.MaxBackgroundRadius:0.025]]
[2020.06.21-12.42.30:199][  0]LogConfig: Applying CVar settings from Section [TextureQuality@3] File [D:/projectz/rollerz/Saved/Config/Windows/Scalability.ini]
[2020.06.21-12.42.30:199][  0]LogConfig: Setting CVar [[r.Streaming.MipBias:0]]
[2020.06.21-12.42.30:199][  0]LogConfig: Setting CVar [[r.Streaming.AmortizeCPUToGPUCopy:0]]
[2020.06.21-12.42.30:199][  0]LogConfig: Setting CVar [[r.Streaming.MaxNumTexturesToStreamPerFrame:0]]
[2020.06.21-12.42.30:199][  0]LogConfig: Setting CVar [[r.Streaming.Boost:1]]
[2020.06.21-12.42.30:199][  0]LogConfig: Setting CVar [[r.MaxAnisotropy:8]]
[2020.06.21-12.42.30:199][  0]LogConfig: Setting CVar [[r.VT.MaxAnisotropy:8]]
[2020.06.21-12.42.30:199][  0]LogConfig: Setting CVar [[r.Streaming.LimitPoolSizeToVRAM:0]]
[2020.06.21-12.42.30:199][  0]LogConfig: Setting CVar [[r.Streaming.PoolSize:1000]]
[2020.06.21-12.42.30:199][  0]LogConfig: Setting CVar [[r.Streaming.MaxEffectiveScreenSize:0]]
[2020.06.21-12.42.30:199][  0]LogConfig: Applying CVar settings from Section [EffectsQuality@3] File [D:/projectz/rollerz/Saved/Config/Windows/Scalability.ini]
[2020.06.21-12.42.30:199][  0]LogConfig: Setting CVar [[r.TranslucencyLightingVolumeDim:64]]
[2020.06.21-12.42.30:199][  0]LogConfig: Setting CVar [[r.RefractionQuality:2]]
[2020.06.21-12.42.30:199][  0]LogConfig: Setting CVar [[r.SSR.Quality:3]]
[2020.06.21-12.42.30:199][  0]LogConfig: Setting CVar [[r.SSR.HalfResSceneColor:0]]
[2020.06.21-12.42.30:199][  0]LogConfig: Setting CVar [[r.SceneColorFormat:4]]
[2020.06.21-12.42.30:199][  0]LogConfig: Setting CVar [[r.DetailMode:2]]
[2020.06.21-12.42.30:199][  0]LogConfig: Setting CVar [[r.TranslucencyVolumeBlur:1]]
[2020.06.21-12.42.30:199][  0]LogConfig: Setting CVar [[r.MaterialQualityLevel:1 ; High quality]]
[2020.06.21-12.42.30:199][  0]LogConfig: Setting CVar [[r.SSS.Scale:1]]
[2020.06.21-12.42.30:199][  0]LogConfig: Setting CVar [[r.SSS.SampleSet:2]]
[2020.06.21-12.42.30:199][  0]LogConfig: Setting CVar [[r.SSS.Quality:1]]
[2020.06.21-12.42.30:199][  0]LogConfig: Setting CVar [[r.SSS.HalfRes:0]]
[2020.06.21-12.42.30:199][  0]LogConfig: Setting CVar [[r.SSGI.Quality:3]]
[2020.06.21-12.42.30:199][  0]LogConfig: Setting CVar [[r.EmitterSpawnRateScale:1.0]]
[2020.06.21-12.42.30:199][  0]LogConfig: Setting CVar [[r.ParticleLightQuality:2]]
[2020.06.21-12.42.30:199][  0]LogConfig: Setting CVar [[r.SkyAtmosphere.AerialPerspectiveLUT.FastApplyOnOpaque:1 ; Always have FastSkyLUT 1 in this case to avoid wrong sky]]
[2020.06.21-12.42.30:199][  0]LogConfig: Setting CVar [[r.SkyAtmosphere.AerialPerspectiveLUT.SampleCountPerSlice:1]]
[2020.06.21-12.42.30:199][  0]LogConfig: Setting CVar [[r.SkyAtmosphere.AerialPerspectiveLUT.DepthResolution:16.0]]
[2020.06.21-12.42.30:199][  0]LogConfig: Setting CVar [[r.SkyAtmosphere.FastSkyLUT:1]]
[2020.06.21-12.42.30:199][  0]LogConfig: Setting CVar [[r.SkyAtmosphere.FastSkyLUT.SampleCountMin:4.0]]
[2020.06.21-12.42.30:199][  0]LogConfig: Setting CVar [[r.SkyAtmosphere.FastSkyLUT.SampleCountMax:32.0]]
[2020.06.21-12.42.30:199][  0]LogConfig: Setting CVar [[r.SkyAtmosphere.SampleCountMin:4.0]]
[2020.06.21-12.42.30:199][  0]LogConfig: Setting CVar [[r.SkyAtmosphere.SampleCountMax:32.0]]
[2020.06.21-12.42.30:200][  0]LogConfig: Setting CVar [[r.SkyAtmosphere.TransmittanceLUT.UseSmallFormat:0]]
[2020.06.21-12.42.30:200][  0]LogConfig: Setting CVar [[r.SkyAtmosphere.TransmittanceLUT.SampleCount:10.0]]
[2020.06.21-12.42.30:200][  0]LogConfig: Setting CVar [[r.SkyAtmosphere.MultiScatteringLUT.SampleCount:15.0]]
[2020.06.21-12.42.30:200][  0]LogConfig: Applying CVar settings from Section [FoliageQuality@3] File [D:/projectz/rollerz/Saved/Config/Windows/Scalability.ini]
[2020.06.21-12.42.30:200][  0]LogConfig: Setting CVar [[foliage.DensityScale:1.0]]
[2020.06.21-12.42.30:200][  0]LogConfig: Setting CVar [[grass.DensityScale:1.0]]
[2020.06.21-12.42.30:200][  0]LogConfig: Applying CVar settings from Section [ShadingQuality@3] File [D:/projectz/rollerz/Saved/Config/Windows/Scalability.ini]
[2020.06.21-12.42.30:200][  0]LogConfig: Setting CVar [[r.HairStrands.SkyLighting.SampleCount:16]]
[2020.06.21-12.42.30:200][  0]LogConfig: Setting CVar [[r.HairStrands.SkyLighting.JitterIntegration:0]]
[2020.06.21-12.42.30:200][  0]LogConfig: Setting CVar [[r.HairStrands.SkyAO.SampleCount:16]]
[2020.06.21-12.42.30:200][  0]LogConfig: Setting CVar [[r.HairStrands.DeepShadow.SuperSampling:0]]
[2020.06.21-12.42.30:200][  0]LogConfig: Setting CVar [[r.HairStrands.VisibilityPPLL:0]]
[2020.06.21-12.42.30:200][  0]LogConfig: Setting CVar [[r.HairStrands.RasterizationScale:0.5]]
[2020.06.21-12.42.30:200][  0]LogConfig: Setting CVar [[r.HairStrands.VelocityRasterizationScale:1]]
[2020.06.21-12.42.30:200][  0]LogInit: Selected Device Profile: [Windows]
[2020.06.21-12.42.30:200][  0]LogInit: Applying CVar settings loaded from the selected device profile: [Windows]
[2020.06.21-12.42.30:200][  0]LogHAL: Display: Platform has ~ 32 GB [34269765632 / 34359738368 / 32], which maps to Largest [LargestMinGB=32, LargerMinGB=12, DefaultMinGB=8, SmallerMinGB=6, SmallestMinGB=0)
[2020.06.21-12.42.30:200][  0]LogInit: Going up to parent DeviceProfile []
[2020.06.21-12.42.30:200][  0]LogConfig: Applying CVar settings from Section [ViewDistanceQuality@3] File [D:/projectz/rollerz/Saved/Config/Windows/Scalability.ini]
[2020.06.21-12.42.30:200][  0]LogConfig: Setting CVar [[r.SkeletalMeshLODBias:0]]
[2020.06.21-12.42.30:200][  0]LogConfig: Setting CVar [[r.ViewDistanceScale:1.0]]
[2020.06.21-12.42.30:200][  0]LogConfig: Applying CVar settings from Section [AntiAliasingQuality@3] File [D:/projectz/rollerz/Saved/Config/Windows/Scalability.ini]
[2020.06.21-12.42.30:200][  0]LogConfig: Setting CVar [[r.PostProcessAAQuality:4]]
[2020.06.21-12.42.30:200][  0]LogConfig: Applying CVar settings from Section [ShadowQuality@3] File [D:/projectz/rollerz/Saved/Config/Windows/Scalability.ini]
[2020.06.21-12.42.30:200][  0]LogConfig: Setting CVar [[r.LightFunctionQuality:1]]
[2020.06.21-12.42.30:200][  0]LogConfig: Setting CVar [[r.ShadowQuality:5]]
[2020.06.21-12.42.30:200][  0]LogConfig: Setting CVar [[r.Shadow.CSM.MaxCascades:10]]
[2020.06.21-12.42.30:200][  0]LogConfig: Setting CVar [[r.Shadow.MaxResolution:2048]]
[2020.06.21-12.42.30:200][  0]LogConfig: Setting CVar [[r.Shadow.MaxCSMResolution:2048]]
[2020.06.21-12.42.30:200][  0]LogConfig: Setting CVar [[r.Shadow.RadiusThreshold:0.01]]
[2020.06.21-12.42.30:200][  0]LogConfig: Setting CVar [[r.Shadow.DistanceScale:1.0]]
[2020.06.21-12.42.30:200][  0]LogConfig: Setting CVar [[r.Shadow.CSM.TransitionScale:1.0]]
[2020.06.21-12.42.30:200][  0]LogConfig: Setting CVar [[r.Shadow.PreShadowResolutionFactor:1.0]]
[2020.06.21-12.42.30:200][  0]LogConfig: Setting CVar [[r.DistanceFieldShadowing:1]]
[2020.06.21-12.42.30:200][  0]LogConfig: Setting CVar [[r.DistanceFieldAO:1]]
[2020.06.21-12.42.30:200][  0]LogConfig: Setting CVar [[r.AOQuality:2]]
[2020.06.21-12.42.30:200][  0]LogConfig: Setting CVar [[r.VolumetricFog:1]]
[2020.06.21-12.42.30:200][  0]LogConfig: Setting CVar [[r.VolumetricFog.GridPixelSize:8]]
[2020.06.21-12.42.30:200][  0]LogConfig: Setting CVar [[r.VolumetricFog.GridSizeZ:128]]
[2020.06.21-12.42.30:200][  0]LogConfig: Setting CVar [[r.VolumetricFog.HistoryMissSupersampleCount:4]]
[2020.06.21-12.42.30:200][  0]LogConfig: Setting CVar [[r.LightMaxDrawDistanceScale:1]]
[2020.06.21-12.42.30:200][  0]LogConfig: Setting CVar [[r.CapsuleShadows:1]]
[2020.06.21-12.42.30:200][  0]LogConfig: Applying CVar settings from Section [PostProcessQuality@3] File [D:/projectz/rollerz/Saved/Config/Windows/Scalability.ini]
[2020.06.21-12.42.30:200][  0]LogConfig: Setting CVar [[r.MotionBlurQuality:4]]
[2020.06.21-12.42.30:200][  0]LogConfig: Setting CVar [[r.AmbientOcclusionMipLevelFactor:0.4]]
[2020.06.21-12.42.30:200][  0]LogConfig: Setting CVar [[r.AmbientOcclusionMaxQuality:100]]
[2020.06.21-12.42.30:200][  0]LogConfig: Setting CVar [[r.AmbientOcclusionLevels:-1]]
[2020.06.21-12.42.30:200][  0]LogConfig: Setting CVar [[r.AmbientOcclusionRadiusScale:1.0]]
[2020.06.21-12.42.30:200][  0]LogConfig: Setting CVar [[r.DepthOfFieldQuality:2]]
[2020.06.21-12.42.30:200][  0]LogConfig: Setting CVar [[r.RenderTargetPoolMin:400]]
[2020.06.21-12.42.30:200][  0]LogConfig: Setting CVar [[r.LensFlareQuality:2]]
[2020.06.21-12.42.30:200][  0]LogConfig: Setting CVar [[r.SceneColorFringeQuality:1]]
[2020.06.21-12.42.30:200][  0]LogConfig: Setting CVar [[r.EyeAdaptationQuality:2]]
[2020.06.21-12.42.30:200][  0]LogConfig: Setting CVar [[r.BloomQuality:5]]
[2020.06.21-12.42.30:200][  0]LogConfig: Setting CVar [[r.FastBlurThreshold:100]]
[2020.06.21-12.42.30:200][  0]LogConfig: Setting CVar [[r.Upscale.Quality:3]]
[2020.06.21-12.42.30:200][  0]LogConfig: Setting CVar [[r.Tonemapper.GrainQuantization:1]]
[2020.06.21-12.42.30:200][  0]LogConfig: Setting CVar [[r.LightShaftQuality:1]]
[2020.06.21-12.42.30:200][  0]LogConfig: Setting CVar [[r.Filter.SizeScale:1]]
[2020.06.21-12.42.30:200][  0]LogConfig: Setting CVar [[r.Tonemapper.Quality:5]]
[2020.06.21-12.42.30:200][  0]LogConfig: Setting CVar [[r.DOF.Gather.AccumulatorQuality:1        ; higher gathering accumulator quality]]
[2020.06.21-12.42.30:200][  0]LogConfig: Setting CVar [[r.DOF.Gather.PostfilterMethod:1          ; Median3x3 postfilering method]]
[2020.06.21-12.42.30:200][  0]LogConfig: Setting CVar [[r.DOF.Gather.EnableBokehSettings:0       ; no bokeh simulation when gathering]]
[2020.06.21-12.42.30:200][  0]LogConfig: Setting CVar [[r.DOF.Gather.RingCount:4                 ; medium number of samples when gathering]]
[2020.06.21-12.42.30:200][  0]LogConfig: Setting CVar [[r.DOF.Scatter.ForegroundCompositing:1    ; additive foreground scattering]]
[2020.06.21-12.42.30:200][  0]LogConfig: Setting CVar [[r.DOF.Scatter.BackgroundCompositing:2    ; additive background scattering]]
[2020.06.21-12.42.30:200][  0]LogConfig: Setting CVar [[r.DOF.Scatter.EnableBokehSettings:1      ; bokeh simulation when scattering]]
[2020.06.21-12.42.30:200][  0]LogConfig: Setting CVar [[r.DOF.Scatter.MaxSpriteRatio:0.1         ; only a maximum of 10% of scattered bokeh]]
[2020.06.21-12.42.30:200][  0]LogConfig: Setting CVar [[r.DOF.Recombine.Quality:1                ; cheap slight out of focus]]
[2020.06.21-12.42.30:200][  0]LogConfig: Setting CVar [[r.DOF.Recombine.EnableBokehSettings:0    ; no bokeh simulation on slight out of focus]]
[2020.06.21-12.42.30:200][  0]LogConfig: Setting CVar [[r.DOF.TemporalAAQuality:1                ; more stable temporal accumulation]]
[2020.06.21-12.42.30:200][  0]LogConfig: Setting CVar [[r.DOF.Kernel.MaxForegroundRadius:0.025]]
[2020.06.21-12.42.30:200][  0]LogConfig: Setting CVar [[r.DOF.Kernel.MaxBackgroundRadius:0.025]]
[2020.06.21-12.42.30:200][  0]LogConfig: Applying CVar settings from Section [TextureQuality@3] File [D:/projectz/rollerz/Saved/Config/Windows/Scalability.ini]
[2020.06.21-12.42.30:200][  0]LogConfig: Setting CVar [[r.Streaming.MipBias:0]]
[2020.06.21-12.42.30:200][  0]LogConfig: Setting CVar [[r.Streaming.AmortizeCPUToGPUCopy:0]]
[2020.06.21-12.42.30:200][  0]LogConfig: Setting CVar [[r.Streaming.MaxNumTexturesToStreamPerFrame:0]]
[2020.06.21-12.42.30:200][  0]LogConfig: Setting CVar [[r.Streaming.Boost:1]]
[2020.06.21-12.42.30:200][  0]LogConfig: Setting CVar [[r.MaxAnisotropy:8]]
[2020.06.21-12.42.30:200][  0]LogConfig: Setting CVar [[r.VT.MaxAnisotropy:8]]
[2020.06.21-12.42.30:200][  0]LogConfig: Setting CVar [[r.Streaming.LimitPoolSizeToVRAM:0]]
[2020.06.21-12.42.30:200][  0]LogConfig: Setting CVar [[r.Streaming.PoolSize:1000]]
[2020.06.21-12.42.30:200][  0]LogConfig: Setting CVar [[r.Streaming.MaxEffectiveScreenSize:0]]
[2020.06.21-12.42.30:200][  0]LogConfig: Applying CVar settings from Section [EffectsQuality@3] File [D:/projectz/rollerz/Saved/Config/Windows/Scalability.ini]
[2020.06.21-12.42.30:200][  0]LogConfig: Setting CVar [[r.TranslucencyLightingVolumeDim:64]]
[2020.06.21-12.42.30:200][  0]LogConfig: Setting CVar [[r.RefractionQuality:2]]
[2020.06.21-12.42.30:201][  0]LogConfig: Setting CVar [[r.SSR.Quality:3]]
[2020.06.21-12.42.30:201][  0]LogConfig: Setting CVar [[r.SSR.HalfResSceneColor:0]]
[2020.06.21-12.42.30:201][  0]LogConfig: Setting CVar [[r.SceneColorFormat:4]]
[2020.06.21-12.42.30:201][  0]LogConfig: Setting CVar [[r.DetailMode:2]]
[2020.06.21-12.42.30:201][  0]LogConfig: Setting CVar [[r.TranslucencyVolumeBlur:1]]
[2020.06.21-12.42.30:201][  0]LogConfig: Setting CVar [[r.MaterialQualityLevel:1 ; High quality]]
[2020.06.21-12.42.30:201][  0]LogConfig: Setting CVar [[r.SSS.Scale:1]]
[2020.06.21-12.42.30:201][  0]LogConfig: Setting CVar [[r.SSS.SampleSet:2]]
[2020.06.21-12.42.30:201][  0]LogConfig: Setting CVar [[r.SSS.Quality:1]]
[2020.06.21-12.42.30:201][  0]LogConfig: Setting CVar [[r.SSS.HalfRes:0]]
[2020.06.21-12.42.30:201][  0]LogConfig: Setting CVar [[r.SSGI.Quality:3]]
[2020.06.21-12.42.30:201][  0]LogConfig: Setting CVar [[r.EmitterSpawnRateScale:1.0]]
[2020.06.21-12.42.30:201][  0]LogConfig: Setting CVar [[r.ParticleLightQuality:2]]
[2020.06.21-12.42.30:201][  0]LogConfig: Setting CVar [[r.SkyAtmosphere.AerialPerspectiveLUT.FastApplyOnOpaque:1 ; Always have FastSkyLUT 1 in this case to avoid wrong sky]]
[2020.06.21-12.42.30:201][  0]LogConfig: Setting CVar [[r.SkyAtmosphere.AerialPerspectiveLUT.SampleCountPerSlice:1]]
[2020.06.21-12.42.30:201][  0]LogConfig: Setting CVar [[r.SkyAtmosphere.AerialPerspectiveLUT.DepthResolution:16.0]]
[2020.06.21-12.42.30:201][  0]LogConfig: Setting CVar [[r.SkyAtmosphere.FastSkyLUT:1]]
[2020.06.21-12.42.30:201][  0]LogConfig: Setting CVar [[r.SkyAtmosphere.FastSkyLUT.SampleCountMin:4.0]]
[2020.06.21-12.42.30:201][  0]LogConfig: Setting CVar [[r.SkyAtmosphere.FastSkyLUT.SampleCountMax:32.0]]
[2020.06.21-12.42.30:201][  0]LogConfig: Setting CVar [[r.SkyAtmosphere.SampleCountMin:4.0]]
[2020.06.21-12.42.30:201][  0]LogConfig: Setting CVar [[r.SkyAtmosphere.SampleCountMax:32.0]]
[2020.06.21-12.42.30:201][  0]LogConfig: Setting CVar [[r.SkyAtmosphere.TransmittanceLUT.UseSmallFormat:0]]
[2020.06.21-12.42.30:201][  0]LogConfig: Setting CVar [[r.SkyAtmosphere.TransmittanceLUT.SampleCount:10.0]]
[2020.06.21-12.42.30:201][  0]LogConfig: Setting CVar [[r.SkyAtmosphere.MultiScatteringLUT.SampleCount:15.0]]
[2020.06.21-12.42.30:201][  0]LogConfig: Applying CVar settings from Section [FoliageQuality@3] File [D:/projectz/rollerz/Saved/Config/Windows/Scalability.ini]
[2020.06.21-12.42.30:201][  0]LogConfig: Setting CVar [[foliage.DensityScale:1.0]]
[2020.06.21-12.42.30:201][  0]LogConfig: Setting CVar [[grass.DensityScale:1.0]]
[2020.06.21-12.42.30:201][  0]LogConfig: Applying CVar settings from Section [ShadingQuality@3] File [D:/projectz/rollerz/Saved/Config/Windows/Scalability.ini]
[2020.06.21-12.42.30:201][  0]LogConfig: Setting CVar [[r.HairStrands.SkyLighting.SampleCount:16]]
[2020.06.21-12.42.30:201][  0]LogConfig: Setting CVar [[r.HairStrands.SkyLighting.JitterIntegration:0]]
[2020.06.21-12.42.30:201][  0]LogConfig: Setting CVar [[r.HairStrands.SkyAO.SampleCount:16]]
[2020.06.21-12.42.30:201][  0]LogConfig: Setting CVar [[r.HairStrands.DeepShadow.SuperSampling:0]]
[2020.06.21-12.42.30:201][  0]LogConfig: Setting CVar [[r.HairStrands.VisibilityPPLL:0]]
[2020.06.21-12.42.30:201][  0]LogConfig: Setting CVar [[r.HairStrands.RasterizationScale:0.5]]
[2020.06.21-12.42.30:201][  0]LogConfig: Setting CVar [[r.HairStrands.VelocityRasterizationScale:1]]
[2020.06.21-12.42.30:201][  0]LogConfig: Applying CVar settings from Section [Startup] File [../../../Engine/Config/ConsoleVariables.ini]
[2020.06.21-12.42.30:201][  0]LogConfig: Setting CVar [[net.UseAdaptiveNetUpdateFrequency:0]]
[2020.06.21-12.42.30:201][  0]LogConfig: Setting CVar [[p.chaos.AllowCreatePhysxBodies:1]]
[2020.06.21-12.42.30:201][  0]LogConfig: Setting CVar [[fx.SkipVectorVMBackendOptimizations:1]]
[2020.06.21-12.42.30:201][  0]LogConfig: Applying CVar settings from Section [ConsoleVariables] File [D:/projectz/rollerz/Saved/Config/Windows/Engine.ini]
[2020.06.21-12.42.30:201][  0]LogInit: Computer: DESKTOP-TR79E97
[2020.06.21-12.42.30:201][  0]LogInit: User: flytip
[2020.06.21-12.42.30:201][  0]LogInit: CPU Page size=4096, Cores=6
[2020.06.21-12.42.30:201][  0]LogInit: High frequency timer resolution =10.000000 MHz
[2020.06.21-12.42.30:201][  0]LogMemory: Memory total: Physical=31.9GB (32GB approx)
[2020.06.21-12.42.30:201][  0]LogMemory: Platform Memory Stats for Windows
[2020.06.21-12.42.30:201][  0]LogMemory: Process Physical Memory: 119.58 MB used, 119.58 MB peak
[2020.06.21-12.42.30:201][  0]LogMemory: Process Virtual Memory: 102.03 MB used, 102.03 MB peak
[2020.06.21-12.42.30:201][  0]LogMemory: Physical Memory: 4635.60 MB used,  28046.59 MB free, 32682.20 MB total
[2020.06.21-12.42.30:201][  0]LogMemory: Virtual Memory: 5184.68 MB used,  134212544.00 MB free, 134217728.00 MB total
[2020.06.21-12.42.30:205][  0]LogWindows: WindowsPlatformFeatures enabled
[2020.06.21-12.42.30:229][  0]LogInit: Physics initialised using underlying interface: PhysX
[2020.06.21-12.42.30:229][  0]LogInit: Using OS detected language (en-GB).
[2020.06.21-12.42.30:229][  0]LogInit: Using OS detected locale (en-GB).
[2020.06.21-12.42.30:232][  0]LogTextLocalizationManager: No specific localization for 'en-GB' exists, so the 'en' localization will be used.
[2020.06.21-12.42.30:372][  0]LogInit: Setting process to per monitor DPI aware
[2020.06.21-12.42.30:419][  0]LogSlate: New Slate User Created.  User Index 0, Is Virtual User: 0
[2020.06.21-12.42.30:419][  0]LogSlate: Slate User Registered.  User Index 0, Is Virtual User: 0
[2020.06.21-12.42.30:524][  0]LogD3D11RHI: D3D11 min allowed feature level: 11_0
[2020.06.21-12.42.30:524][  0]LogD3D11RHI: D3D11 max allowed feature level: 11_0
[2020.06.21-12.42.30:524][  0]LogD3D11RHI: D3D11 adapters:
[2020.06.21-12.42.30:579][  0]LogD3D11RHI:    0. 'NVIDIA GeForce RTX 2070 SUPER' (Feature Level 11_0)
[2020.06.21-12.42.30:579][  0]LogD3D11RHI:       8011/0/16341 MB DedicatedVideo/DedicatedSystem/SharedSystem, Outputs:1, VendorId:0x10de
[2020.06.21-12.42.30:581][  0]LogD3D11RHI:    1. 'Microsoft Basic Render Driver' (Feature Level 11_0)
[2020.06.21-12.42.30:581][  0]LogD3D11RHI:       0/0/16341 MB DedicatedVideo/DedicatedSystem/SharedSystem, Outputs:0, VendorId:0x1414
[2020.06.21-12.42.30:581][  0]LogD3D11RHI: Chosen D3D11 Adapter: 0
[2020.06.21-12.42.30:586][  0]LogD3D11RHI: Creating new Direct3DDevice
[2020.06.21-12.42.30:586][  0]LogD3D11RHI:     GPU DeviceId: 0x1e84 (for the marketing name, search the web for "GPU Device Id")
[2020.06.21-12.42.30:586][  0]LogWindows: EnumDisplayDevices:
[2020.06.21-12.42.30:587][  0]LogWindows:    0. 'NVIDIA GeForce RTX 2070 SUPER' (P:1 D:1)
[2020.06.21-12.42.30:587][  0]LogWindows:    1. 'NVIDIA GeForce RTX 2070 SUPER' (P:0 D:0)
[2020.06.21-12.42.30:587][  0]LogWindows:    2. 'NVIDIA GeForce RTX 2070 SUPER' (P:0 D:0)
[2020.06.21-12.42.30:587][  0]LogWindows:    3. 'NVIDIA GeForce RTX 2070 SUPER' (P:0 D:0)
[2020.06.21-12.42.30:587][  0]LogWindows: DebugString: FoundDriverCount:4 
[2020.06.21-12.42.30:587][  0]LogD3D11RHI:     Adapter Name: NVIDIA GeForce RTX 2070 SUPER
[2020.06.21-12.42.30:587][  0]LogD3D11RHI:   Driver Version: 446.14 (internal:26.21.14.4614, unified:446.14)
[2020.06.21-12.42.30:587][  0]LogD3D11RHI:      Driver Date: 5-15-2020
[2020.06.21-12.42.30:587][  0]LogRHI: Texture pool is 5607 MB (70% of 8011 MB)
[2020.06.21-12.42.30:635][  0]LogD3D11RHI: RHI has support for 64 bit atomics
[2020.06.21-12.42.30:642][  0]LogD3D11RHI: [Aftermath] Enabled and primed
[2020.06.21-12.42.30:642][  0]LogD3D11RHI: Async texture creation enabled
[2020.06.21-12.42.30:642][  0]LogD3D11RHI: Array index from any shader is supported
[2020.06.21-12.42.30:662][  0]LogD3D11RHI: GPU Timing Frequency: 1000.000000 (Debug: 2 1)
[2020.06.21-12.42.30:911][  0]LogTargetPlatformManager: Display: Loaded TargetPlatform 'AllDesktop'
[2020.06.21-12.42.30:929][  0]LogTargetPlatformManager: Display: Loaded TargetPlatform 'Android'
[2020.06.21-12.42.30:929][  0]LogTargetPlatformManager: Display: Loaded TargetPlatform 'Android_ASTC'
[2020.06.21-12.42.30:929][  0]LogTargetPlatformManager: Display: Loaded TargetPlatform 'Android_DXT'
[2020.06.21-12.42.30:929][  0]LogTargetPlatformManager: Display: Loaded TargetPlatform 'Android_ETC2'
[2020.06.21-12.42.30:929][  0]LogTargetPlatformManager: Display: Loaded TargetPlatform 'AndroidClient'
[2020.06.21-12.42.30:929][  0]LogTargetPlatformManager: Display: Loaded TargetPlatform 'Android_ASTCClient'
[2020.06.21-12.42.30:929][  0]LogTargetPlatformManager: Display: Loaded TargetPlatform 'Android_DXTClient'
[2020.06.21-12.42.30:929][  0]LogTargetPlatformManager: Display: Loaded TargetPlatform 'Android_ETC2Client'
[2020.06.21-12.42.30:929][  0]LogTargetPlatformManager: Display: Loaded TargetPlatform 'Android_Multi'
[2020.06.21-12.42.30:929][  0]LogTargetPlatformManager: Display: Loaded TargetPlatform 'Android_MultiClient'
[2020.06.21-12.42.30:948][  0]LogTargetPlatformManager: Display: Loaded TargetPlatform 'IOSClient'
[2020.06.21-12.42.30:948][  0]LogTargetPlatformManager: Display: Loaded TargetPlatform 'IOS'
[2020.06.21-12.42.30:956][  0]LogTargetPlatformManager: Display: Loaded TargetPlatform 'Linux'
[2020.06.21-12.42.30:963][  0]LogTargetPlatformManager: Display: Loaded TargetPlatform 'LinuxNoEditor'
[2020.06.21-12.42.30:970][  0]LogTargetPlatformManager: Display: Loaded TargetPlatform 'LinuxClient'
[2020.06.21-12.42.30:977][  0]LogTargetPlatformManager: Display: Loaded TargetPlatform 'LinuxServer'
[2020.06.21-12.42.30:984][  0]LogTargetPlatformManager: Display: Loaded TargetPlatform 'LinuxAArch64NoEditor'
[2020.06.21-12.42.30:992][  0]LogTargetPlatformManager: Display: Loaded TargetPlatform 'LinuxAArch64Client'
[2020.06.21-12.42.30:999][  0]LogTargetPlatformManager: Display: Loaded TargetPlatform 'LinuxAArch64Server'
[2020.06.21-12.42.31:020][  0]LogTargetPlatformManager: Display: Loaded TargetPlatform 'Lumin'
[2020.06.21-12.42.31:020][  0]LogTargetPlatformManager: Display: Loaded TargetPlatform 'LuminClient'
[2020.06.21-12.42.31:032][  0]LogTargetPlatformManager: Display: Loaded TargetPlatform 'TVOSClient'
[2020.06.21-12.42.31:032][  0]LogTargetPlatformManager: Display: Loaded TargetPlatform 'TVOS'
[2020.06.21-12.42.31:039][  0]LogTargetPlatformManager: Display: Loaded TargetPlatform 'WindowsNoEditor'
[2020.06.21-12.42.31:047][  0]LogTargetPlatformManager: Display: Loaded TargetPlatform 'Windows'
[2020.06.21-12.42.31:054][  0]LogTargetPlatformManager: Display: Loaded TargetPlatform 'WindowsClient'
[2020.06.21-12.42.31:062][  0]LogTargetPlatformManager: Display: Loaded TargetPlatform 'WindowsServer'
[2020.06.21-12.42.31:062][  0]LogTargetPlatformManager: Display: Building Assets For Windows
[2020.06.21-12.42.31:068][  0]LogAudioDebug: Display: Lib vorbis DLL was dynamically loaded.
[2020.06.21-12.42.31:113][  0]LogShaderCompilers: Guid format shader working directory is 28 characters bigger than the processId version (D:/projectz/rollerz/Intermediate/Shaders/WorkingDirectory/9684/).
[2020.06.21-12.42.31:113][  0]LogShaderCompilers: Cleaned the shader compiler working directory 'C:/Users/flytip/AppData/Local/Temp/UnrealShaderWorkingDir/A01BE99440A2D91D752A31B100A7B867/'.
[2020.06.21-12.42.31:113][  0]LogXGEController: Cleaning working directory: C:/Users/flytip/AppData/Local/Temp/UnrealXGEWorkingDir/
[2020.06.21-12.42.31:114][  0]LogXGEController: Cannot use XGE Controller as Incredibuild is not installed on this machine.
[2020.06.21-12.42.31:114][  0]LogShaderCompilers: Cannot use XGE Shader Compiler as Incredibuild is not installed on this machine.
[2020.06.21-12.42.31:114][  0]LogShaderCompilers: Display: Using Local Shader Compiler.
[2020.06.21-12.42.31:777][  0]LogDerivedDataCache: Display: Max Cache Size: 512 MB
[2020.06.21-12.42.31:819][  0]LogDerivedDataCache: Loaded boot cache 0.04s 79MB C:/Users/flytip/AppData/Local/UnrealEngine/4.25/DerivedDataCache/Boot.ddc.
[2020.06.21-12.42.31:819][  0]LogDerivedDataCache: Display: Loaded Boot cache: C:/Users/flytip/AppData/Local/UnrealEngine/4.25/DerivedDataCache/Boot.ddc
[2020.06.21-12.42.31:819][  0]LogDerivedDataCache: FDerivedDataBackendGraph:  Pak pak cache file D:/projectz/rollerz/DerivedDataCache/DDC.ddp not found, will not use a pak cache.
[2020.06.21-12.42.31:819][  0]LogDerivedDataCache: Unable to find inner node Pak for hierarchical cache Hierarchy.
[2020.06.21-12.42.31:819][  0]LogDerivedDataCache: FDerivedDataBackendGraph:  CompressedPak pak cache file D:/projectz/rollerz/DerivedDataCache/Compressed.ddp not found, will not use a pak cache.
[2020.06.21-12.42.31:819][  0]LogDerivedDataCache: Unable to find inner node CompressedPak for hierarchical cache Hierarchy.
[2020.06.21-12.42.31:828][  0]LogDerivedDataCache: Display: Pak cache opened for reading ../../../Engine/DerivedDataCache/Compressed.ddp.
[2020.06.21-12.42.31:828][  0]LogDerivedDataCache: FDerivedDataBackendGraph:  EnterprisePak pak cache file ../../../Enterprise/DerivedDataCache/Compressed.ddp not found, will not use a pak cache.
[2020.06.21-12.42.31:828][  0]LogDerivedDataCache: Unable to find inner node EnterprisePak for hierarchical cache Hierarchy.
[2020.06.21-12.42.31:829][  0]LogDerivedDataCache: Using Local data cache path C:/Users/flytip/AppData/Local/UnrealEngine/Common/DerivedDataCache: Writable
[2020.06.21-12.42.31:829][  0]LogDerivedDataCache: Shared data cache path not found in *engine.ini, will not use an Shared cache.
[2020.06.21-12.42.31:829][  0]LogDerivedDataCache: Unable to find inner node Shared for hierarchical cache Hierarchy.
[2020.06.21-12.42.31:872][  0]LogSlate: Using FreeType 2.10.0
[2020.06.21-12.42.31:872][  0]LogSlate: SlateFontServices - WITH_FREETYPE: 1, WITH_HARFBUZZ: 1
[2020.06.21-12.42.31:894][  0]LogAssetRegistry: FAssetRegistry took 0.0021 seconds to start up
[2020.06.21-12.42.32:081][  0]LogInit: Selected Device Profile: [Windows]
[2020.06.21-12.42.32:174][  0]LogMeshReduction: Using QuadricMeshReduction for automatic static mesh reduction
[2020.06.21-12.42.32:174][  0]LogMeshReduction: Using SimplygonMeshReduction for automatic skeletal mesh reduction
[2020.06.21-12.42.32:174][  0]LogMeshReduction: Using ProxyLODMeshReduction for automatic mesh merging
[2020.06.21-12.42.32:174][  0]LogMeshReduction: No distributed automatic mesh merging module available
[2020.06.21-12.42.32:174][  0]LogMeshMerging: No distributed automatic mesh merging module available
[2020.06.21-12.42.32:185][  0]LogNetVersion: rollerz 1.0.0, NetCL: 13144385, EngineNetVer: 14, GameNetVer: 0 (Checksum: 3986346402)
[2020.06.21-12.42.32:523][  0]LogAISub: UAISubsystem::UAISubsystem AISubsystem (0000017138EA9300), frame # 0
[2020.06.21-12.42.32:523][  0]LogAISub: UAISubsystem::UAISubsystem AIPerceptionSystem (0000017138DEBC40), frame # 0
[2020.06.21-12.42.32:524][  0]LogAISub: UAISubsystem::UAISubsystem EnvQueryManager (0000017138E54A00), frame # 0
[2020.06.21-12.42.32:561][  0]LogPackageLocalizationCache: Processed 19 localized package path(s) for 1 prioritized culture(s) in 0.032173 seconds
[2020.06.21-12.42.32:565][  0]LogUObjectArray: 15917 objects as part of root set at end of initial load.
[2020.06.21-12.42.32:565][  0]LogUObjectAllocator: 3965568 out of 0 bytes used by permanent object pool.
[2020.06.21-12.42.32:565][  0]LogUObjectArray: CloseDisregardForGC: 0/0 objects in disregard for GC pool
[2020.06.21-12.42.32:815][  0]LogTcpMessaging: Initializing TcpMessaging bridge
[2020.06.21-12.42.32:819][  0]LogUdpMessaging: Initializing bridge on interface 0.0.0.0:0 to multicast group 230.0.0.1:6666.
[2020.06.21-12.42.32:876][  0]SourceControl: Source control is disabled
[2020.06.21-12.42.32:876][  0]SourceControl: Source control is disabled
[2020.06.21-12.42.32:878][  0]SourceControl: Source control is disabled
[2020.06.21-12.42.32:880][  0]SourceControl: Source control is disabled
[2020.06.21-12.42.32:885][  0]SourceControl: Source control is disabled
[2020.06.21-12.42.32:894][  0]LogVSAccessor: Display: Unable to create Visual Studio setup instance: 80040154
[2020.06.21-12.42.32:895][  0]LogVSAccessor: Display: Unable to create Visual Studio setup instance: 80040154
[2020.06.21-12.42.33:062][  0]LogAndroidPermission: UAndroidPermissionCallbackProxy::GetInstance
[2020.06.21-12.42.33:077][  0]LogAudioCaptureCore: Display: No Audio Capture implementations found. Audio input will be silent.
[2020.06.21-12.42.33:077][  0]LogAudioCaptureCore: Display: No Audio Capture implementations found. Audio input will be silent.
[2020.06.21-12.42.33:115][  0]LogOcInput: OculusInput pre-init called
[2020.06.21-12.42.33:319][  0]LogEngine: Initializing Engine...
[2020.06.21-12.42.33:320][  0]LogHMD: Oculus plugin initialized. Version: 4.25.1-13594126+++UE4+Release-4.25, OVRPlugin: 1.44.0
[2020.06.21-12.42.33:320][  0]LogStats: UGameplayTagsManager::InitializeManager -  0.000 s
[2020.06.21-12.42.33:413][  0]LogInit: Initializing FReadOnlyCVARCache
[2020.06.21-12.42.33:419][  0]LogAIModule: Creating AISystem for world Untitled
[2020.06.21-12.42.33:419][  0]LogAISub: UAISubsystem::UAISubsystem EnvQueryManager (000001714286E000), frame # 0
[2020.06.21-12.42.33:419][  0]LogAISub: UAISubsystem::UAISubsystem AIPerceptionSystem (000001714284FB00), frame # 0
[2020.06.21-12.42.33:431][  0]LogAudioMixer: Display: Audio Mixer Platform Settings:
[2020.06.21-12.42.33:431][  0]LogAudioMixer: Display: 	Sample Rate:						  48000
[2020.06.21-12.42.33:431][  0]LogAudioMixer: Display: 	Callback Buffer Frame Size Requested: 1024
[2020.06.21-12.42.33:431][  0]LogAudioMixer: Display: 	Callback Buffer Frame Size To Use:	  1024
[2020.06.21-12.42.33:431][  0]LogAudioMixer: Display: 	Number of buffers to queue:			  2
[2020.06.21-12.42.33:431][  0]LogAudioMixer: Display: 	Max Channels (voices):				  32
[2020.06.21-12.42.33:431][  0]LogAudioMixer: Display: 	Number of Async Source Workers:		  0
[2020.06.21-12.42.33:431][  0]LogAudio: Display: AudioDevice MaxSources: 32
[2020.06.21-12.42.33:431][  0]LogAudio: Display: Using built-in audio occlusion.
[2020.06.21-12.42.33:431][  0]LogAudioMixer: Display: Initializing audio mixer.
[2020.06.21-12.42.33:438][  0]LogAudioMixer: Error: XAudio2 Error: Result -> 0xE000020B: ERROR_NO_SUCH_DEVINST (line: 408)
[2020.06.21-12.42.33:439][  0]LogAudio: Warning: FAudioDevice::Init Failed!
[2020.06.21-12.42.33:439][  0]LogAudioMixer: Error: Audio Platform Device Error: XAudio2 was not initialized. (File D:/Build/++UE4+Licensee/Sync/Engine/Source/Runtime/Windows/AudioMixerXAudio2/Private/AudioMixerPlatformXAudio2.cpp, Line 1014)
[2020.06.21-12.42.33:439][  0]LogAudioMixer: Error: Audio Platform Device Error: XAudio2 was already tore down. (File D:/Build/++UE4+Licensee/Sync/Engine/Source/Runtime/Windows/AudioMixerXAudio2/Private/AudioMixerPlatformXAudio2.cpp, Line 303)
[2020.06.21-12.42.33:439][  0]LogAudio: Display: Audio device could not be initialized. Please check the value for AudioDeviceModuleName and AudioMixerModuleName in [Platform]Engine.ini.
[2020.06.21-12.42.33:439][  0]LogAudio: Display: Audio device could not be initialized. Please check the value for AudioDeviceModuleName and AudioMixerModuleName in [Platform]Engine.ini.
[2020.06.21-12.42.33:439][  0]LogNetVersion: Set ProjectVersion to 1.0.0.0. Version Checksum will be recalculated on next use.
[2020.06.21-12.42.33:476][  0]LogDerivedDataCache: Saved boot cache 0.04s 79MB C:/Users/flytip/AppData/Local/UnrealEngine/4.25/DerivedDataCache/Boot.ddc.
[2020.06.21-12.42.33:481][  0]LogInit: Texture streaming: Enabled
[2020.06.21-12.42.33:492][  0]LogEngineSessionManager: EngineSessionManager initialized
[2020.06.21-12.42.33:492][  0]LogEngineSessionManager: EngineSessionManager sent abnormal shutdown report. Type=Crashed, SessionId={EB8021F5-4A8F-699C-C186-4E905B171DF8}
[2020.06.21-12.42.33:493][  0]LogEditorSessionSummary: Verbose: Initializing EditorSessionSummaryWriter for editor session tracking
[2020.06.21-12.42.33:494][  0]LogEditorSessionSummary: EditorSessionSummaryWriter initialized
[2020.06.21-12.42.33:528][  0]LogInit: Transaction tracking system initialized
[2020.06.21-12.42.33:543][  0]BlueprintLog: New page: Editor Load
[2020.06.21-12.42.33:590][  0]LocalizationService: Localization service is disabled
[2020.06.21-12.42.33:647][  0]LogVSAccessor: Display: Unable to create Visual Studio setup instance: 80040154
[2020.06.21-12.42.33:647][  0]LogVSAccessor: Display: Unable to create Visual Studio setup instance: 80040154
[2020.06.21-12.42.33:701][  0]LogCook: Display: Max memory allowance for cook 16384mb min free memory 0mb
[2020.06.21-12.42.33:701][  0]LogCook: Display: Mobile HDR setting 1
[2020.06.21-12.42.33:732][  0]LogFileCache: Scanning file cache for directory 'D:/projectz/rollerz/Content/' took 0.01s
[2020.06.21-12.42.33:964][  0]SourceControl: Source control is disabled
[2020.06.21-12.42.33:964][  0]LogUnrealEdMisc: Loading editor; pre map load, took 5.758
[2020.06.21-12.42.33:964][  0]Cmd: MAP LOAD FILE="D:/projectz/rollerz/Content/Maps/level1.umap" TEMPLATE=0 SHOWPROGRESS=1 FEATURELEVEL=3
[2020.06.21-12.42.33:964][  0]LightingResults: New page: Lighting Build
[2020.06.21-12.42.33:965][  0]LogWorld: UWorld::CleanupWorld for Untitled, bSessionEnded=true, bCleanupResources=true
[2020.06.21-12.42.33:965][  0]LogSlate: InvalidateAllWidgets triggered.  All widgets were invalidated
[2020.06.21-12.42.33:965][  0]MapCheck: New page: Map Check
[2020.06.21-12.42.33:965][  0]LightingResults: New page: Lighting Build
[2020.06.21-12.42.33:974][  0]LogAISub: UAISubsystem::~UAISubsystem EnvQueryManager (000001714286E000), frame # 0
[2020.06.21-12.42.33:974][  0]LogAISub: UAISubsystem::~UAISubsystem AIPerceptionSystem (000001714284FB00), frame # 0
[2020.06.21-12.42.33:974][  0]LogUObjectHash: Compacting FUObjectHashTables data took   0.56ms
[2020.06.21-12.42.34:203][  0]LogAIModule: Creating AISystem for world level1
[2020.06.21-12.42.34:203][  0]LogAISub: UAISubsystem::UAISubsystem EnvQueryManager (000001712EE07A00), frame # 0
[2020.06.21-12.42.34:203][  0]LogAISub: UAISubsystem::UAISubsystem AIPerceptionSystem (000001712EF30900), frame # 0
[2020.06.21-12.42.34:212][  0]LogEditorServer: Finished looking for orphan Actors (0.000 secs)
[2020.06.21-12.42.34:224][  0]LogUObjectHash: Compacting FUObjectHashTables data took   0.74ms
[2020.06.21-12.42.34:225][  0]Cmd: MAP CHECKDEP NOCLEARLOG
[2020.06.21-12.42.34:225][  0]MapCheck: Map check complete: 0 Error(s), 0 Warning(s), took 0.073ms to complete.
[2020.06.21-12.42.34:225][  0]LogFileHelpers: Loading map 'level1' took 0.261
[2020.06.21-12.42.34:226][  0]LogUnrealEdMisc: Total Editor Startup Time, took 6.020
[2020.06.21-12.42.34:399][  0]LogSlate: Updating window title bar state: overlay mode, drag disabled, window buttons hidden, title bar hidden
[2020.06.21-12.42.34:405][  0]LogSlate: Updating window title bar state: overlay mode, drag disabled, window buttons hidden, title bar hidden
[2020.06.21-12.42.34:410][  0]LogSlate: Updating window title bar state: overlay mode, drag disabled, window buttons hidden, title bar hidden
[2020.06.21-12.42.34:416][  0]LogSlate: Updating window title bar state: overlay mode, drag disabled, window buttons hidden, title bar hidden
[2020.06.21-12.42.34:421][  0]LogCollectionManager: Loaded 0 collections in 0.001147 seconds
[2020.06.21-12.42.34:431][  0]LogFileCache: Scanning file cache for directory 'D:/projectz/rollerz/Saved/Collections/' took 0.00s
[2020.06.21-12.42.34:431][  0]LogFileCache: Scanning file cache for directory 'D:/projectz/rollerz/Content/Developers/flytip/Collections/' took 0.00s
[2020.06.21-12.42.34:431][  0]LogFileCache: Scanning file cache for directory 'D:/projectz/rollerz/Content/Collections/' took 0.00s
[2020.06.21-12.42.34:431][  0]LogContentBrowser: Native class hierarchy populated in 0.0076 seconds. Added 3427 classes and 821 folders.
[2020.06.21-12.42.34:433][  0]LogContentBrowser: Native class hierarchy updated for 'WidgetCarousel' in 0.0002 seconds. Added 0 classes and 0 folders.
[2020.06.21-12.42.34:467][  0]LogContentBrowser: Native class hierarchy updated for 'AddContentDialog' in 0.0002 seconds. Added 0 classes and 0 folders.
[2020.06.21-12.42.34:468][  0]LogContentBrowser: Native class hierarchy updated for 'SceneOutliner' in 0.0002 seconds. Added 2 classes and 0 folders.
[2020.06.21-12.42.34:554][  0]LogSlate: Took 0.000139 seconds to synchronously load lazily loaded font '../../../Engine/Content/Slate/Fonts/Roboto-Regular.ttf' (155K)
[2020.06.21-12.42.34:555][  0]LogSlate: Took 0.000082 seconds to synchronously load lazily loaded font '../../../Engine/Content/Slate/Fonts/Roboto-Bold.ttf' (160K)
[2020.06.21-12.42.34:558][  0]LogSlate: Took 0.000082 seconds to synchronously load lazily loaded font '../../../Engine/Content/Editor/Slate/Fonts/FontAwesome.ttf' (139K)
[2020.06.21-12.42.34:610][  0]LogRenderer: Reallocating scene render targets to support 1316x572 Format 10 NumSamples 1 (Frame:1).
[2020.06.21-12.42.34:684][  0]LogContentBrowser: Native class hierarchy updated for 'HierarchicalLODOutliner' in 0.0002 seconds. Added 0 classes and 0 folders.
[2020.06.21-12.42.34:684][  0]LogLoad: (Engine Initialization) Total time: 6.48 seconds
[2020.06.21-12.42.34:684][  0]LogLoad: (Engine Initialization) Total Blueprint compile time: 0.00 seconds
[2020.06.21-12.42.34:696][  0]LogOcInput: OculusInput is initialized
[2020.06.21-12.42.34:729][  0]LogAssetRegistry: Asset discovery search completed in 2.8355 seconds
[2020.06.21-12.42.34:732][  0]LogCollectionManager: Fixed up redirectors for 0 collections in 0.000002 seconds (updated 0 objects)
[2020.06.21-12.42.34:734][  0]LogContentStreaming: Texture pool size now 1000 MB
[2020.06.21-12.42.34:762][  0]LogSlate: Took 0.000105 seconds to synchronously load lazily loaded font '../../../Engine/Content/Slate/Fonts/Roboto-Light.ttf' (167K)
[2020.06.21-12.42.49:941][739]LogTemp: Repeating last play command: Selected Viewport
[2020.06.21-12.42.49:954][739]LogPlayLevel: PlayLevel: No blueprints needed recompiling
[2020.06.21-12.42.49:954][739]LogHMD: Initializing OVRPlugin session
[2020.06.21-12.42.51:401][739]LogHMD: Allocating Oculus 2688 x 1600 rendertarget swapchain
[2020.06.21-12.42.51:402][739]PIE: New page: PIE session: level1 (21 Jun 2020, 14:42:51)
[2020.06.21-12.42.51:403][739]LogOnline: OSS: Creating online subsystem instance for: NULL
[2020.06.21-12.42.51:403][739]LogOnline: OSS: TryLoadSubsystemAndSetDefault: Loaded subsystem for module [NULL]
[2020.06.21-12.42.51:404][739]LogPlayLevel: Creating play world package: /Game/Maps/UEDPIE_0_level1
[2020.06.21-12.42.51:408][739]LogPlayLevel: PIE: StaticDuplicateObject took: (0.004129s)
[2020.06.21-12.42.51:409][739]LogAIModule: Creating AISystem for world level1
[2020.06.21-12.42.51:409][739]LogAISub: UAISubsystem::UAISubsystem EnvQueryManager (000001716534BE00), frame # 739
[2020.06.21-12.42.51:409][739]LogAISub: UAISubsystem::UAISubsystem AIPerceptionSystem (000001712E2B1BC0), frame # 739
[2020.06.21-12.42.51:409][739]LogPlayLevel: PIE: World Init took: (0.001081s)
[2020.06.21-12.42.51:409][739]LogPlayLevel: PIE: Created PIE world by copying editor world from /Game/Maps/level1.level1 to /Game/Maps/UEDPIE_0_level1.level1 (0.005367s)
[2020.06.21-12.42.51:417][739]LogUObjectHash: Compacting FUObjectHashTables data took   0.62ms
[2020.06.21-12.42.51:424][739]LogLoad: Game class is 'RollingGameMode_C'
[2020.06.21-12.42.51:426][739]LogWorld: Bringing World /Game/Maps/UEDPIE_0_level1.level1 up for play (max tick rate 0) at 2020.06.21-13.42.51
[2020.06.21-12.42.51:426][739]LogWorld: Bringing up level for play took: 0.000833
[2020.06.21-12.42.51:426][739]LogOnline: OSS: Creating online subsystem instance for: :Context_1
[2020.06.21-12.42.51:428][739]LogContentBrowser: Native class hierarchy updated for 'MovieSceneCapture' in 0.0003 seconds. Added 20 classes and 0 folders.
[2020.06.21-12.42.51:429][739]PIE: Server logged in
[2020.06.21-12.42.51:430][739]PIE: Play in editor total start time 1.477 seconds.
[2020.06.21-12.42.59:539][702]LogSlate: Updating window title bar state: overlay mode, drag disabled, window buttons hidden, title bar hidden
[2020.06.21-12.42.59:539][702]LogWorld: BeginTearingDown for /Game/Maps/UEDPIE_0_level1
[2020.06.21-12.42.59:539][702]LogWorld: UWorld::CleanupWorld for level1, bSessionEnded=true, bCleanupResources=true
[2020.06.21-12.42.59:540][702]LogSlate: InvalidateAllWidgets triggered.  All widgets were invalidated
[2020.06.21-12.42.59:544][702]LogPlayLevel: Display: Shutting down PIE online subsystems
[2020.06.21-12.42.59:545][702]LogSlate: InvalidateAllWidgets triggered.  All widgets were invalidated
[2020.06.21-12.42.59:554][702]LogSlate: Updating window title bar state: overlay mode, drag disabled, window buttons hidden, title bar hidden
[2020.06.21-12.42.59:554][702]LogAISub: UAISubsystem::~UAISubsystem AIPerceptionSystem (000001712E2B1BC0), frame # 1702
[2020.06.21-12.42.59:554][702]LogAISub: UAISubsystem::~UAISubsystem EnvQueryManager (000001716534BE00), frame # 1702
[2020.06.21-12.42.59:555][702]LogUObjectHash: Compacting FUObjectHashTables data took   0.49ms
[2020.06.21-12.42.59:641][708]LogPlayLevel: Display: Destroying online subsystem :Context_1
[2020.06.21-12.43.42:187][369]LogEditorViewport: Clicking on Actor (LMB): StaticMeshActor (Floor)
[2020.06.21-12.43.58:688][146]LogTemp: Repeating last play command: Selected Viewport
[2020.06.21-12.43.58:701][146]LogPlayLevel: PlayLevel: No blueprints needed recompiling
[2020.06.21-12.43.58:701][146]PIE: New page: PIE session: level1 (21 Jun 2020, 14:43:58)
[2020.06.21-12.43.58:701][146]LogPlayLevel: Creating play world package: /Game/Maps/UEDPIE_0_level1
[2020.06.21-12.43.58:705][146]LogPlayLevel: PIE: StaticDuplicateObject took: (0.003772s)
[2020.06.21-12.43.58:706][146]LogAIModule: Creating AISystem for world level1
[2020.06.21-12.43.58:706][146]LogAISub: UAISubsystem::UAISubsystem EnvQueryManager (0000017178924E00), frame # 3146
[2020.06.21-12.43.58:706][146]LogAISub: UAISubsystem::UAISubsystem AIPerceptionSystem (000001712E1A0F40), frame # 3146
[2020.06.21-12.43.58:706][146]LogPlayLevel: PIE: World Init took: (0.001015s)
[2020.06.21-12.43.58:706][146]LogPlayLevel: PIE: Created PIE world by copying editor world from /Game/Maps/level1.level1 to /Game/Maps/UEDPIE_0_level1.level1 (0.004885s)
[2020.06.21-12.43.58:714][146]LogUObjectHash: Compacting FUObjectHashTables data took   0.53ms
[2020.06.21-12.43.58:720][146]LogLoad: Game class is 'RollingGameMode_C'
[2020.06.21-12.43.58:721][146]LogWorld: Bringing World /Game/Maps/UEDPIE_0_level1.level1 up for play (max tick rate 0) at 2020.06.21-13.43.58
[2020.06.21-12.43.58:721][146]LogWorld: Bringing up level for play took: 0.000779
[2020.06.21-12.43.58:722][146]LogOnline: OSS: Creating online subsystem instance for: :Context_2
[2020.06.21-12.43.58:724][146]PIE: Server logged in
[2020.06.21-12.43.58:724][146]PIE: Play in editor total start time 0.024 seconds.
[2020.06.21-12.45.53:292][591]LogBlueprintUserMessages: [level1_C_1] You LOSE...!!
[2020.06.21-12.45.55:118][810]LogSlate: Updating window title bar state: overlay mode, drag disabled, window buttons hidden, title bar hidden
[2020.06.21-12.45.55:118][810]LogWorld: BeginTearingDown for /Game/Maps/UEDPIE_0_level1
[2020.06.21-12.45.55:118][810]LogWorld: UWorld::CleanupWorld for level1, bSessionEnded=true, bCleanupResources=true
[2020.06.21-12.45.55:119][810]LogSlate: InvalidateAllWidgets triggered.  All widgets were invalidated
[2020.06.21-12.45.55:128][810]LogPlayLevel: Display: Shutting down PIE online subsystems
[2020.06.21-12.45.55:129][810]LogSlate: InvalidateAllWidgets triggered.  All widgets were invalidated
[2020.06.21-12.45.55:138][810]LogSlate: Updating window title bar state: overlay mode, drag disabled, window buttons hidden, title bar hidden
[2020.06.21-12.45.55:138][810]LogAISub: UAISubsystem::~UAISubsystem AIPerceptionSystem (000001712E1A0F40), frame # 16810
[2020.06.21-12.45.55:138][810]LogAISub: UAISubsystem::~UAISubsystem EnvQueryManager (0000017178924E00), frame # 16810
[2020.06.21-12.45.55:139][810]LogUObjectHash: Compacting FUObjectHashTables data took   0.58ms
[2020.06.21-12.45.55:222][817]LogPlayLevel: Display: Destroying online subsystem :Context_2
[2020.06.21-12.45.57:670][ 91]LogTemp: Repeating last play command: Selected Viewport
[2020.06.21-12.45.57:682][ 91]LogPlayLevel: PlayLevel: No blueprints needed recompiling
[2020.06.21-12.45.57:683][ 91]PIE: New page: PIE session: level1 (21 Jun 2020, 14:45:57)
[2020.06.21-12.45.57:683][ 91]LogPlayLevel: Creating play world package: /Game/Maps/UEDPIE_0_level1
[2020.06.21-12.45.57:686][ 91]LogPlayLevel: PIE: StaticDuplicateObject took: (0.003738s)
[2020.06.21-12.45.57:687][ 91]LogAIModule: Creating AISystem for world level1
[2020.06.21-12.45.57:687][ 91]LogAISub: UAISubsystem::UAISubsystem EnvQueryManager (000001711E384600), frame # 17091
[2020.06.21-12.45.57:687][ 91]LogAISub: UAISubsystem::UAISubsystem AIPerceptionSystem (000001712E31BEC0), frame # 17091
[2020.06.21-12.45.57:687][ 91]LogPlayLevel: PIE: World Init took: (0.000901s)
[2020.06.21-12.45.57:687][ 91]LogPlayLevel: PIE: Created PIE world by copying editor world from /Game/Maps/level1.level1 to /Game/Maps/UEDPIE_0_level1.level1 (0.004731s)
[2020.06.21-12.45.57:696][ 91]LogUObjectHash: Compacting FUObjectHashTables data took   0.51ms
[2020.06.21-12.45.57:701][ 91]LogLoad: Game class is 'RollingGameMode_C'
[2020.06.21-12.45.57:702][ 91]LogWorld: Bringing World /Game/Maps/UEDPIE_0_level1.level1 up for play (max tick rate 0) at 2020.06.21-13.45.57
[2020.06.21-12.45.57:702][ 91]LogWorld: Bringing up level for play took: 0.000771
[2020.06.21-12.45.57:702][ 91]LogOnline: OSS: Creating online subsystem instance for: :Context_3
[2020.06.21-12.45.57:704][ 91]PIE: Server logged in
[2020.06.21-12.45.57:705][ 91]PIE: Play in editor total start time 0.023 seconds.
[2020.06.21-12.46.45:960][870]LogNet: Browse: /Game/Maps/level2
[2020.06.21-12.46.45:960][870]LogHMD: FSplash::OnShow
[2020.06.21-12.46.45:960][870]LogLoad: LoadMap: /Game/Maps/level2
[2020.06.21-12.46.45:960][870]LogWorld: BeginTearingDown for /Game/Maps/UEDPIE_0_level1
[2020.06.21-12.46.45:961][870]LogWorld: UWorld::CleanupWorld for level1, bSessionEnded=true, bCleanupResources=true
[2020.06.21-12.46.45:961][870]LogSlate: InvalidateAllWidgets triggered.  All widgets were invalidated
[2020.06.21-12.46.45:970][870]LogAISub: UAISubsystem::~UAISubsystem AIPerceptionSystem (000001712E31BEC0), frame # 22870
[2020.06.21-12.46.45:970][870]LogAISub: UAISubsystem::~UAISubsystem EnvQueryManager (000001711E384600), frame # 22870
[2020.06.21-12.46.45:971][870]LogUObjectHash: Compacting FUObjectHashTables data took   0.54ms
[2020.06.21-12.46.45:998][870]LogAIModule: Creating AISystem for world level2
[2020.06.21-12.46.45:998][870]LogAISub: UAISubsystem::UAISubsystem EnvQueryManager (000001711E080E00), frame # 22870
[2020.06.21-12.46.45:998][870]LogAISub: UAISubsystem::UAISubsystem AIPerceptionSystem (0000017165374CC0), frame # 22870
[2020.06.21-12.46.45:998][870]LogLoad: Game class is 'RollingGameMode_C'
[2020.06.21-12.46.46:000][870]LogWorld: Bringing World /Game/Maps/UEDPIE_0_level2.level2 up for play (max tick rate 0) at 2020.06.21-13.46.46
[2020.06.21-12.46.46:001][870]LogWorld: Bringing up level for play took: 0.001547
[2020.06.21-12.46.46:001][870]LogGameMode: FindPlayerStart: PATHS NOT DEFINED or NO PLAYERSTART with positive rating
[2020.06.21-12.46.46:001][870]LogHMD: FSplash::OnShow
[2020.06.21-12.46.46:002][870]LogLoad: Took 0.041447 seconds to LoadMap(/Game/Maps/level2)
[2020.06.21-12.46.46:011][871]LogHMD: FSplash::OnHide
[2020.06.21-12.47.18:843][807]LogSlate: Updating window title bar state: overlay mode, drag disabled, window buttons hidden, title bar hidden
[2020.06.21-12.47.18:843][807]LogWorld: BeginTearingDown for /Game/Maps/UEDPIE_0_level2
[2020.06.21-12.47.18:843][807]LogWorld: UWorld::CleanupWorld for level2, bSessionEnded=true, bCleanupResources=true
[2020.06.21-12.47.18:843][807]LogSlate: InvalidateAllWidgets triggered.  All widgets were invalidated
[2020.06.21-12.47.18:850][807]LogPlayLevel: Display: Shutting down PIE online subsystems
[2020.06.21-12.47.18:851][807]LogSlate: InvalidateAllWidgets triggered.  All widgets were invalidated
[2020.06.21-12.47.18:859][807]LogSlate: Updating window title bar state: overlay mode, drag disabled, window buttons hidden, title bar hidden
[2020.06.21-12.47.18:859][807]LogAISub: UAISubsystem::~UAISubsystem AIPerceptionSystem (0000017165374CC0), frame # 26807
[2020.06.21-12.47.18:859][807]LogAISub: UAISubsystem::~UAISubsystem EnvQueryManager (000001711E080E00), frame # 26807
[2020.06.21-12.47.18:860][807]LogUObjectHash: Compacting FUObjectHashTables data took   0.56ms
[2020.06.21-12.47.18:947][814]LogPlayLevel: Display: Destroying online subsystem :Context_3
[2020.06.21-12.47.23:756][278]LogSlate: Took 0.000128 seconds to synchronously load lazily loaded font '../../../Engine/Content/Slate/Fonts/Roboto-Light.ttf' (167K)
[2020.06.21-12.47.23:790][278]LogAssetEditorSubsystem: Opening Asset editor for World /Game/Maps/level1.level1
[2020.06.21-12.47.23:798][278]LogUObjectHash: Compacting FUObjectHashTables data took   0.49ms
[2020.06.21-12.47.23:799][278]Cmd: MAP LOAD FILE="D:/projectz/rollerz/Content/Maps/level1.umap" TEMPLATE=0 SHOWPROGRESS=1 FEATURELEVEL=3
[2020.06.21-12.47.23:799][278]LightingResults: New page: Lighting Build
[2020.06.21-12.47.23:799][278]LoadErrors: New page: Loading map: level1.umap
[2020.06.21-12.47.23:800][278]LogWorld: UWorld::CleanupWorld for level1, bSessionEnded=true, bCleanupResources=true
[2020.06.21-12.47.23:800][278]LogSlate: InvalidateAllWidgets triggered.  All widgets were invalidated
[2020.06.21-12.47.23:800][278]MapCheck: New page: Map Check
[2020.06.21-12.47.23:800][278]LightingResults: New page: Lighting Build
[2020.06.21-12.47.23:809][278]LogAISub: UAISubsystem::~UAISubsystem EnvQueryManager (000001712EE07A00), frame # 27278
[2020.06.21-12.47.23:809][278]LogAISub: UAISubsystem::~UAISubsystem AIPerceptionSystem (000001712EF30900), frame # 27278
[2020.06.21-12.47.23:810][278]LogUObjectHash: Compacting FUObjectHashTables data took   0.68ms
[2020.06.21-12.47.23:822][278]LogAIModule: Creating AISystem for world level1
[2020.06.21-12.47.23:822][278]LogAISub: UAISubsystem::UAISubsystem EnvQueryManager (000001712EE07000), frame # 27278
[2020.06.21-12.47.23:822][278]LogAISub: UAISubsystem::UAISubsystem AIPerceptionSystem (000001712EF307C0), frame # 27278
[2020.06.21-12.47.23:881][278]LogEditorServer: Finished looking for orphan Actors (0.000 secs)
[2020.06.21-12.47.23:892][278]LogUObjectHash: Compacting FUObjectHashTables data took   0.65ms
[2020.06.21-12.47.23:914][278]Cmd: MAP CHECKDEP NOCLEARLOG
[2020.06.21-12.47.23:914][278]MapCheck: Map check complete: 0 Error(s), 0 Warning(s), took 0.069ms to complete.
[2020.06.21-12.47.23:914][278]LogFileHelpers: Loading map 'level1' took 0.115
[2020.06.21-12.47.36:423][646]LogAssetEditorSubsystem: Opening Asset editor for Blueprint /Game/blueprints/explosive.explosive
[2020.06.21-12.47.36:751][646]LogContentBrowser: Native class hierarchy updated for 'BlueprintGraph' in 0.0005 seconds. Added 125 classes and 0 folders.
[2020.06.21-12.47.37:559][646]LogSlate: Took 0.003862 seconds to synchronously load lazily loaded font '../../../Engine/Content/Slate/Fonts/Roboto-BoldCondensed.ttf' (158K)
[2020.06.21-12.47.37:640][647]LogSlate: Took 0.000146 seconds to synchronously load lazily loaded font '../../../Engine/Content/Slate/Fonts/Roboto-Italic.ttf' (157K)
