Log file open, 06/16/20 23:07:16
LogInit: Display: Running engine for game: rollerz
LogPlatformFile: Not using cached read wrapper
LogTaskGraph: Started task graph with 5 named threads and 20 total threads with 3 sets of task threads.
LogStats: Stats thread started at 1.273160
LogD3D11RHI: Loaded GFSDK_Aftermath_Lib.x64.dll
LogICUInternationalization: ICU TimeZone Detection - Raw Offset: +0:00, Platform Override: ''
LogPluginManager: Mounting plugin Paper2D
LogPluginManager: Mounting plugin AISupport
LogPluginManager: Mounting plugin LightPropagationVolume
LogPluginManager: Mounting plugin CameraShakePreviewer
LogPluginManager: Mounting plugin ActorLayerUtilities
LogPluginManager: Mounting plugin AnimationSharing
LogPluginManager: Mounting plugin CLionSourceCodeAccess
LogPluginManager: Mounting plugin CodeLiteSourceCodeAccess
LogPluginManager: Mounting plugin GitSourceControl
LogPluginManager: Mounting plugin KDevelopSourceCodeAccess
LogPluginManager: Mounting plugin NullSourceCodeAccess
LogPluginManager: Mounting plugin PerforceSourceControl
LogPluginManager: Mounting plugin PlasticSourceControl
LogPluginManager: Mounting plugin RiderSourceCodeAccess
LogPluginManager: Mounting plugin SubversionSourceControl
LogPluginManager: Mounting plugin UObjectPlugin
LogPluginManager: Mounting plugin VisualStudioCodeSourceCodeAccess
LogPluginManager: Mounting plugin VisualStudioSourceCodeAccess
LogPluginManager: Mounting plugin XCodeSourceCodeAccess
LogPluginManager: Mounting plugin AssetManagerEditor
LogPluginManager: Mounting plugin CryptoKeys
LogPluginManager: Mounting plugin CurveEditorTools
LogPluginManager: Mounting plugin DataValidation
LogPluginManager: Mounting plugin EditorScriptingUtilities
LogPluginManager: Mounting plugin FacialAnimation
LogPluginManager: Mounting plugin GameplayTagsEditor
LogPluginManager: Mounting plugin GeometryMode
LogPluginManager: Mounting plugin MacGraphicsSwitching
LogPluginManager: Mounting plugin MaterialAnalyzer
LogPluginManager: Mounting plugin MobileLauncherProfileWizard
LogPluginManager: Mounting plugin PluginBrowser
LogPluginManager: Mounting plugin SpeedTreeImporter
LogPluginManager: Mounting plugin DatasmithContent
LogPluginManager: Mounting plugin VariantManagerContent
LogPluginManager: Mounting plugin AlembicImporter
LogPluginManager: Mounting plugin AutomationUtils
LogPluginManager: Mounting plugin BackChannel
LogPluginManager: Mounting plugin ChaosCloth
LogPluginManager: Mounting plugin ChaosClothEditor
LogPluginManager: Mounting plugin ChaosEditor
LogPluginManager: Mounting plugin ChaosNiagara
LogPluginManager: Mounting plugin ChaosSolverPlugin
LogPluginManager: Mounting plugin CharacterAI
LogPluginManager: Mounting plugin GeometryCache
LogPluginManager: Mounting plugin GeometryCollectionPlugin
LogPluginManager: Mounting plugin GeometryProcessing
LogPluginManager: Mounting plugin PlanarCut
LogPluginManager: Mounting plugin PlatformCrypto
LogPluginManager: Mounting plugin ProxyLODPlugin
LogPluginManager: Mounting plugin SkeletalReduction
LogPluginManager: Mounting plugin Niagara
LogPluginManager: Mounting plugin MagicLeap
LogPluginManager: Mounting plugin MagicLeapLightEstimation
LogPluginManager: Mounting plugin MagicLeapMedia
LogPluginManager: Mounting plugin MagicLeapPassableWorld
LogPluginManager: Mounting plugin MLSDK
LogPluginManager: Mounting plugin AndroidMedia
LogPluginManager: Mounting plugin AvfMedia
LogPluginManager: Mounting plugin ImgMedia
LogPluginManager: Mounting plugin MediaCompositing
LogPluginManager: Mounting plugin MediaPlayerEditor
LogPluginManager: Mounting plugin WebMMedia
LogPluginManager: Mounting plugin WmfMedia
LogPluginManager: Mounting plugin MeshPainting
LogPluginManager: Mounting plugin TcpMessaging
LogPluginManager: Mounting plugin UdpMessaging
LogPluginManager: Mounting plugin ActorSequence
LogPluginManager: Mounting plugin LevelSequenceEditor
LogPluginManager: Mounting plugin MatineeToLevelSequence
LogPluginManager: Mounting plugin MovieRenderPipeline
LogPluginManager: Mounting plugin TemplateSequence
LogPluginManager: Mounting plugin NetcodeUnitTest
LogPluginManager: Mounting plugin NUTUnrealEngine4
LogPluginManager: Mounting plugin OnlineSubsystemGooglePlay
LogPluginManager: Mounting plugin OnlineSubsystemIOS
LogPluginManager: Mounting plugin OnlineSubsystem
LogPluginManager: Mounting plugin OnlineSubsystemNull
LogPluginManager: Mounting plugin OnlineSubsystemUtils
LogPluginManager: Mounting plugin LauncherChunkInstaller
LogPluginManager: Mounting plugin AndroidDeviceProfileSelector
LogPluginManager: Mounting plugin AndroidMoviePlayer
LogPluginManager: Mounting plugin AndroidPermission
LogPluginManager: Mounting plugin AppleImageUtils
LogPluginManager: Mounting plugin AppleMoviePlayer
LogPluginManager: Mounting plugin ArchVisCharacter
LogPluginManager: Mounting plugin AssetTags
LogPluginManager: Mounting plugin AudioCapture
LogPluginManager: Mounting plugin CableComponent
LogPluginManager: Mounting plugin CustomMeshComponent
LogPluginManager: Mounting plugin EditableMesh
LogPluginManager: Mounting plugin ExampleDeviceProfileSelector
LogPluginManager: Mounting plugin GoogleCloudMessaging
LogPluginManager: Mounting plugin GooglePAD
LogPluginManager: Mounting plugin IOSDeviceProfileSelector
LogPluginManager: Mounting plugin LinuxDeviceProfileSelector
LogPluginManager: Mounting plugin LocationServicesBPLibrary
LogPluginManager: Mounting plugin MobilePatchingUtils
LogPluginManager: Mounting plugin OculusVR
LogPluginManager: Mounting plugin PhysXVehicles
LogPluginManager: Mounting plugin PostSplashScreen
LogPluginManager: Mounting plugin ProceduralMeshComponent
LogPluginManager: Mounting plugin RuntimePhysXCooking
LogPluginManager: Mounting plugin SignificanceManager
LogPluginManager: Mounting plugin SoundFields
LogPluginManager: Mounting plugin SteamVR
LogPluginManager: Mounting plugin Synthesis
LogPluginManager: Mounting plugin WebMMoviePlayer
LogPluginManager: Mounting plugin WindowsMoviePlayer
LogPluginManager: Mounting plugin ScreenshotTools
LogInit: Using libcurl 7.55.1-DEV
LogInit:  - built for x86_64-pc-win32
LogInit:  - supports SSL with OpenSSL/1.1.1
LogInit:  - supports HTTP deflate (compression) using libz 1.2.8
LogInit:  - other features:
LogInit:      CURL_VERSION_SSL
LogInit:      CURL_VERSION_LIBZ
LogInit:      CURL_VERSION_IPV6
LogInit:      CURL_VERSION_ASYNCHDNS
LogInit:      CURL_VERSION_LARGEFILE
LogInit:      CURL_VERSION_IDN
LogInit:  CurlRequestOptions (configurable via config and command line):
LogInit:  - bVerifyPeer = true  - Libcurl will verify peer certificate
LogInit:  - bUseHttpProxy = false  - Libcurl will NOT use HTTP proxy
LogInit:  - bDontReuseConnections = false  - Libcurl will reuse connections
LogInit:  - MaxHostConnections = 16  - Libcurl will limit the number of connections to a host
LogInit:  - LocalHostAddr = Default
LogInit:  - BufferSize = 65536
LogOnline: OSS: Creating online subsystem instance for: NULL
LogInit: WinSock: version 1.1 (2.2), MaxSocks=32767, MaxUdp=65467
LogOnline: OSS: TryLoadSubsystemAndSetDefault: Loaded subsystem for module [NULL]
LogOculusPluginWrapper: OculusPlugin initialized successfully
LogInit: Build: ++UE4+Release-4.25-CL-13594126
LogInit: Engine Version: 4.25.1-13594126+++UE4+Release-4.25
LogInit: Compatible Engine Version: 4.25.0-13144385+++UE4+Release-4.25
LogInit: Net CL: 13144385
LogInit: OS: Windows 10 (Release 1909) (), CPU: Intel(R) Core(TM) i5-9600K CPU @ 3.70GHz, GPU: NVIDIA GeForce RTX 2070 SUPER
LogInit: Compiled (64-bit): Jun  2 2020 02:10:36
LogInit: Compiled with Visual C++: 19.24.28315.00
LogInit: Build Configuration: Development
LogInit: Branch Name: ++UE4+Release-4.25
LogInit: Command Line: 
LogInit: Base Directory: C:/Program Files/UE_4.25/Engine/Binaries/Win64/
LogInit: Allocator: TBB
LogInit: Installed Engine Build: 1
LogDevObjectVersion: Number of dev versions registered: 26
LogDevObjectVersion:   Dev-Blueprints (B0D832E4-1F89-4F0D-ACCF-7EB736FD4AA2): 10
LogDevObjectVersion:   Dev-Build (E1C64328-A22C-4D53-A36C-8E866417BD8C): 0
LogDevObjectVersion:   Dev-Core (375EC13C-06E4-48FB-B500-84F0262A717E): 4
LogDevObjectVersion:   Dev-Editor (E4B068ED-F494-42E9-A231-DA0B2E46BB41): 38
LogDevObjectVersion:   Dev-Framework (CFFC743F-43B0-4480-9391-14DF171D2073): 37
LogDevObjectVersion:   Dev-Mobile (B02B49B5-BB20-44E9-A304-32B752E40360): 2
LogDevObjectVersion:   Dev-Networking (A4E4105C-59A1-49B5-A7C5-40C4547EDFEE): 0
LogDevObjectVersion:   Dev-Online (39C831C9-5AE6-47DC-9A44-9C173E1C8E7C): 0
LogDevObjectVersion:   Dev-Physics (78F01B33-EBEA-4F98-B9B4-84EACCB95AA2): 4
LogDevObjectVersion:   Dev-Platform (6631380F-2D4D-43E0-8009-CF276956A95A): 0
LogDevObjectVersion:   Dev-Rendering (12F88B9F-8875-4AFC-A67C-D90C383ABD29): 43
LogDevObjectVersion:   Dev-Sequencer (7B5AE74C-D270-4C10-A958-57980B212A5A): 12
LogDevObjectVersion:   Dev-VR (D7296918-1DD6-4BDD-9DE2-64A83CC13884): 3
LogDevObjectVersion:   Dev-LoadTimes (C2A15278-BFE7-4AFE-6C17-90FF531DF755): 1
LogDevObjectVersion:   Private-Geometry (6EACA3D4-40EC-4CC1-B786-8BED09428FC5): 3
LogDevObjectVersion:   Dev-AnimPhys (29E575DD-E0A3-4627-9D10-D276232CDCEA): 17
LogDevObjectVersion:   Dev-Anim (AF43A65D-7FD3-4947-9873-3E8ED9C1BB05): 7
LogDevObjectVersion:   Dev-ReflectionCapture (6B266CEC-1EC7-4B8F-A30B-E4D90942FC07): 1
LogDevObjectVersion:   Dev-Automation (0DF73D61-A23F-47EA-B727-89E90C41499A): 1
LogDevObjectVersion:   FortniteMain (601D1886-AC64-4F84-AA16-D3DE0DEAC7D6): 31
LogDevObjectVersion:   Dev-Enterprise (9DFFBCD6-494F-0158-E221-12823C92A888): 10
LogDevObjectVersion:   Dev-Niagara (F2AED0AC-9AFE-416F-8664-AA7FFA26D6FC): 1
LogDevObjectVersion:   Dev-Destruction (174F1F0B-B4C6-45A5-B13F-2EE8D0FB917D): 10
LogDevObjectVersion:   Dev-Physics-Ext (35F94A83-E258-406C-A318-09F59610247C): 37
LogDevObjectVersion:   Dev-PhysicsMaterial-Chaos (B68FC16E-8B1B-42E2-B453-215C058844FE): 1
LogDevObjectVersion:   Dev-CineCamera (B2E18506-4273-CFC2-A54E-F4BB758BBA07): 1
LogInit: Presizing for max 25165824 objects, including 0 objects not considered by GC, pre-allocating 0 bytes for permanent pool.
LogConfig: Applying CVar settings from Section [/Script/Engine.StreamingSettings] File [D:/projectz/rollerz/Saved/Config/Windows/Engine.ini]
LogConfig: Setting CVar [[s.MinBulkDataSizeForAsyncLoading:131072]]
LogConfig: Setting CVar [[s.AsyncLoadingThreadEnabled:0]]
LogConfig: Setting CVar [[s.EventDrivenLoaderEnabled:1]]
LogConfig: Setting CVar [[s.WarnIfTimeLimitExceeded:0]]
LogConfig: Setting CVar [[s.TimeLimitExceededMultiplier:1.5]]
LogConfig: Setting CVar [[s.TimeLimitExceededMinTime:0.005]]
LogConfig: Setting CVar [[s.UseBackgroundLevelStreaming:1]]
LogConfig: Setting CVar [[s.PriorityAsyncLoadingExtraTime:15.0]]
LogConfig: Setting CVar [[s.LevelStreamingActorsUpdateTimeLimit:5.0]]
LogConfig: Setting CVar [[s.PriorityLevelStreamingActorsUpdateExtraTime:5.0]]
LogConfig: Setting CVar [[s.LevelStreamingComponentsRegistrationGranularity:10]]
LogConfig: Setting CVar [[s.UnregisterComponentsTimeLimit:1.0]]
LogConfig: Setting CVar [[s.LevelStreamingComponentsUnregistrationGranularity:5]]
LogConfig: Setting CVar [[s.FlushStreamingOnExit:1]]
LogInit: Object subsystem initialized
LogConfig: Setting CVar [[con.DebugEarlyDefault:1]]
LogConfig: Setting CVar [[r.setres:1280x720]]
[2020.06.16-22.07.17:486][  0]LogConfig: Setting CVar [[r.VSync:0]]
[2020.06.16-22.07.17:486][  0]LogConfig: Setting CVar [[r.RHICmdBypass:0]]
[2020.06.16-22.07.17:486][  0]LogConfig: Applying CVar settings from Section [/Script/Engine.RendererSettings] File [D:/projectz/rollerz/Saved/Config/Windows/Engine.ini]
[2020.06.16-22.07.17:486][  0]LogConfig: Setting CVar [[r.GPUCrashDebugging:0]]
[2020.06.16-22.07.17:486][  0]LogConfig: Applying CVar settings from Section [/Script/Engine.RendererOverrideSettings] File [D:/projectz/rollerz/Saved/Config/Windows/Engine.ini]
[2020.06.16-22.07.17:486][  0]LogConfig: Applying CVar settings from Section [/Script/Engine.StreamingSettings] File [D:/projectz/rollerz/Saved/Config/Windows/Engine.ini]
[2020.06.16-22.07.17:486][  0]LogConfig: Setting CVar [[s.MinBulkDataSizeForAsyncLoading:131072]]
[2020.06.16-22.07.17:486][  0]LogConfig: Setting CVar [[s.AsyncLoadingThreadEnabled:0]]
[2020.06.16-22.07.17:486][  0]LogConfig: Setting CVar [[s.EventDrivenLoaderEnabled:1]]
[2020.06.16-22.07.17:486][  0]LogConfig: Setting CVar [[s.WarnIfTimeLimitExceeded:0]]
[2020.06.16-22.07.17:486][  0]LogConfig: Setting CVar [[s.TimeLimitExceededMultiplier:1.5]]
[2020.06.16-22.07.17:486][  0]LogConfig: Setting CVar [[s.TimeLimitExceededMinTime:0.005]]
[2020.06.16-22.07.17:486][  0]LogConfig: Setting CVar [[s.UseBackgroundLevelStreaming:1]]
[2020.06.16-22.07.17:486][  0]LogConfig: Setting CVar [[s.PriorityAsyncLoadingExtraTime:15.0]]
[2020.06.16-22.07.17:486][  0]LogConfig: Setting CVar [[s.LevelStreamingActorsUpdateTimeLimit:5.0]]
[2020.06.16-22.07.17:486][  0]LogConfig: Setting CVar [[s.PriorityLevelStreamingActorsUpdateExtraTime:5.0]]
[2020.06.16-22.07.17:486][  0]LogConfig: Setting CVar [[s.LevelStreamingComponentsRegistrationGranularity:10]]
[2020.06.16-22.07.17:486][  0]LogConfig: Setting CVar [[s.UnregisterComponentsTimeLimit:1.0]]
[2020.06.16-22.07.17:486][  0]LogConfig: Setting CVar [[s.LevelStreamingComponentsUnregistrationGranularity:5]]
[2020.06.16-22.07.17:486][  0]LogConfig: Setting CVar [[s.FlushStreamingOnExit:1]]
[2020.06.16-22.07.17:486][  0]LogConfig: Applying CVar settings from Section [/Script/Engine.GarbageCollectionSettings] File [D:/projectz/rollerz/Saved/Config/Windows/Engine.ini]
[2020.06.16-22.07.17:486][  0]LogConfig: Setting CVar [[gc.MaxObjectsNotConsideredByGC:1]]
[2020.06.16-22.07.17:486][  0]LogConfig: Setting CVar [[gc.SizeOfPermanentObjectPool:0]]
[2020.06.16-22.07.17:486][  0]LogConfig: Setting CVar [[gc.FlushStreamingOnGC:0]]
[2020.06.16-22.07.17:486][  0]LogConfig: Setting CVar [[gc.NumRetriesBeforeForcingGC:10]]
[2020.06.16-22.07.17:486][  0]LogConfig: Setting CVar [[gc.AllowParallelGC:1]]
[2020.06.16-22.07.17:486][  0]LogConfig: Setting CVar [[gc.TimeBetweenPurgingPendingKillObjects:61.1]]
[2020.06.16-22.07.17:486][  0]LogConfig: Setting CVar [[gc.MaxObjectsInEditor:25165824]]
[2020.06.16-22.07.17:486][  0]LogConfig: Setting CVar [[gc.IncrementalBeginDestroyEnabled:1]]
[2020.06.16-22.07.17:486][  0]LogConfig: Setting CVar [[gc.CreateGCClusters:1]]
[2020.06.16-22.07.17:486][  0]LogConfig: Setting CVar [[gc.MinGCClusterSize:5]]
[2020.06.16-22.07.17:486][  0]LogConfig: Setting CVar [[gc.ActorClusteringEnabled:0]]
[2020.06.16-22.07.17:486][  0]LogConfig: Setting CVar [[gc.BlueprintClusteringEnabled:0]]
[2020.06.16-22.07.17:486][  0]LogConfig: Setting CVar [[gc.UseDisregardForGCOnDedicatedServers:0]]
[2020.06.16-22.07.17:486][  0]LogConfig: Applying CVar settings from Section [/Script/Engine.NetworkSettings] File [D:/projectz/rollerz/Saved/Config/Windows/Engine.ini]
[2020.06.16-22.07.17:486][  0]LogConfig: Applying CVar settings from Section [/Script/UnrealEd.CookerSettings] File [D:/projectz/rollerz/Saved/Config/Windows/Engine.ini]
[2020.06.16-22.07.17:488][  0]LogConfig: Applying CVar settings from Section [ViewDistanceQuality@3] File [D:/projectz/rollerz/Saved/Config/Windows/Scalability.ini]
[2020.06.16-22.07.17:488][  0]LogConfig: Setting CVar [[r.SkeletalMeshLODBias:0]]
[2020.06.16-22.07.17:488][  0]LogConfig: Setting CVar [[r.ViewDistanceScale:1.0]]
[2020.06.16-22.07.17:488][  0]LogConfig: Applying CVar settings from Section [AntiAliasingQuality@3] File [D:/projectz/rollerz/Saved/Config/Windows/Scalability.ini]
[2020.06.16-22.07.17:488][  0]LogConfig: Setting CVar [[r.PostProcessAAQuality:4]]
[2020.06.16-22.07.17:488][  0]LogConfig: Applying CVar settings from Section [ShadowQuality@3] File [D:/projectz/rollerz/Saved/Config/Windows/Scalability.ini]
[2020.06.16-22.07.17:488][  0]LogConfig: Setting CVar [[r.LightFunctionQuality:1]]
[2020.06.16-22.07.17:488][  0]LogConfig: Setting CVar [[r.ShadowQuality:5]]
[2020.06.16-22.07.17:488][  0]LogConfig: Setting CVar [[r.Shadow.CSM.MaxCascades:10]]
[2020.06.16-22.07.17:488][  0]LogConfig: Setting CVar [[r.Shadow.MaxResolution:2048]]
[2020.06.16-22.07.17:488][  0]LogConfig: Setting CVar [[r.Shadow.MaxCSMResolution:2048]]
[2020.06.16-22.07.17:488][  0]LogConfig: Setting CVar [[r.Shadow.RadiusThreshold:0.01]]
[2020.06.16-22.07.17:488][  0]LogConfig: Setting CVar [[r.Shadow.DistanceScale:1.0]]
[2020.06.16-22.07.17:488][  0]LogConfig: Setting CVar [[r.Shadow.CSM.TransitionScale:1.0]]
[2020.06.16-22.07.17:488][  0]LogConfig: Setting CVar [[r.Shadow.PreShadowResolutionFactor:1.0]]
[2020.06.16-22.07.17:488][  0]LogConfig: Setting CVar [[r.DistanceFieldShadowing:1]]
[2020.06.16-22.07.17:488][  0]LogConfig: Setting CVar [[r.DistanceFieldAO:1]]
[2020.06.16-22.07.17:488][  0]LogConfig: Setting CVar [[r.AOQuality:2]]
[2020.06.16-22.07.17:488][  0]LogConfig: Setting CVar [[r.VolumetricFog:1]]
[2020.06.16-22.07.17:488][  0]LogConfig: Setting CVar [[r.VolumetricFog.GridPixelSize:8]]
[2020.06.16-22.07.17:488][  0]LogConfig: Setting CVar [[r.VolumetricFog.GridSizeZ:128]]
[2020.06.16-22.07.17:488][  0]LogConfig: Setting CVar [[r.VolumetricFog.HistoryMissSupersampleCount:4]]
[2020.06.16-22.07.17:488][  0]LogConfig: Setting CVar [[r.LightMaxDrawDistanceScale:1]]
[2020.06.16-22.07.17:488][  0]LogConfig: Setting CVar [[r.CapsuleShadows:1]]
[2020.06.16-22.07.17:488][  0]LogConfig: Applying CVar settings from Section [PostProcessQuality@3] File [D:/projectz/rollerz/Saved/Config/Windows/Scalability.ini]
[2020.06.16-22.07.17:488][  0]LogConfig: Setting CVar [[r.MotionBlurQuality:4]]
[2020.06.16-22.07.17:488][  0]LogConfig: Setting CVar [[r.AmbientOcclusionMipLevelFactor:0.4]]
[2020.06.16-22.07.17:488][  0]LogConfig: Setting CVar [[r.AmbientOcclusionMaxQuality:100]]
[2020.06.16-22.07.17:488][  0]LogConfig: Setting CVar [[r.AmbientOcclusionLevels:-1]]
[2020.06.16-22.07.17:488][  0]LogConfig: Setting CVar [[r.AmbientOcclusionRadiusScale:1.0]]
[2020.06.16-22.07.17:488][  0]LogConfig: Setting CVar [[r.DepthOfFieldQuality:2]]
[2020.06.16-22.07.17:488][  0]LogConfig: Setting CVar [[r.RenderTargetPoolMin:400]]
[2020.06.16-22.07.17:488][  0]LogConfig: Setting CVar [[r.LensFlareQuality:2]]
[2020.06.16-22.07.17:488][  0]LogConfig: Setting CVar [[r.SceneColorFringeQuality:1]]
[2020.06.16-22.07.17:488][  0]LogConfig: Setting CVar [[r.EyeAdaptationQuality:2]]
[2020.06.16-22.07.17:488][  0]LogConfig: Setting CVar [[r.BloomQuality:5]]
[2020.06.16-22.07.17:488][  0]LogConfig: Setting CVar [[r.FastBlurThreshold:100]]
[2020.06.16-22.07.17:488][  0]LogConfig: Setting CVar [[r.Upscale.Quality:3]]
[2020.06.16-22.07.17:488][  0]LogConfig: Setting CVar [[r.Tonemapper.GrainQuantization:1]]
[2020.06.16-22.07.17:488][  0]LogConfig: Setting CVar [[r.LightShaftQuality:1]]
[2020.06.16-22.07.17:488][  0]LogConfig: Setting CVar [[r.Filter.SizeScale:1]]
[2020.06.16-22.07.17:488][  0]LogConfig: Setting CVar [[r.Tonemapper.Quality:5]]
[2020.06.16-22.07.17:488][  0]LogConfig: Setting CVar [[r.DOF.Gather.AccumulatorQuality:1        ; higher gathering accumulator quality]]
[2020.06.16-22.07.17:488][  0]LogConfig: Setting CVar [[r.DOF.Gather.PostfilterMethod:1          ; Median3x3 postfilering method]]
[2020.06.16-22.07.17:488][  0]LogConfig: Setting CVar [[r.DOF.Gather.EnableBokehSettings:0       ; no bokeh simulation when gathering]]
[2020.06.16-22.07.17:488][  0]LogConfig: Setting CVar [[r.DOF.Gather.RingCount:4                 ; medium number of samples when gathering]]
[2020.06.16-22.07.17:488][  0]LogConfig: Setting CVar [[r.DOF.Scatter.ForegroundCompositing:1    ; additive foreground scattering]]
[2020.06.16-22.07.17:488][  0]LogConfig: Setting CVar [[r.DOF.Scatter.BackgroundCompositing:2    ; additive background scattering]]
[2020.06.16-22.07.17:488][  0]LogConfig: Setting CVar [[r.DOF.Scatter.EnableBokehSettings:1      ; bokeh simulation when scattering]]
[2020.06.16-22.07.17:488][  0]LogConfig: Setting CVar [[r.DOF.Scatter.MaxSpriteRatio:0.1         ; only a maximum of 10% of scattered bokeh]]
[2020.06.16-22.07.17:488][  0]LogConfig: Setting CVar [[r.DOF.Recombine.Quality:1                ; cheap slight out of focus]]
[2020.06.16-22.07.17:488][  0]LogConfig: Setting CVar [[r.DOF.Recombine.EnableBokehSettings:0    ; no bokeh simulation on slight out of focus]]
[2020.06.16-22.07.17:488][  0]LogConfig: Setting CVar [[r.DOF.TemporalAAQuality:1                ; more stable temporal accumulation]]
[2020.06.16-22.07.17:488][  0]LogConfig: Setting CVar [[r.DOF.Kernel.MaxForegroundRadius:0.025]]
[2020.06.16-22.07.17:488][  0]LogConfig: Setting CVar [[r.DOF.Kernel.MaxBackgroundRadius:0.025]]
[2020.06.16-22.07.17:488][  0]LogConfig: Applying CVar settings from Section [TextureQuality@3] File [D:/projectz/rollerz/Saved/Config/Windows/Scalability.ini]
[2020.06.16-22.07.17:488][  0]LogConfig: Setting CVar [[r.Streaming.MipBias:0]]
[2020.06.16-22.07.17:488][  0]LogConfig: Setting CVar [[r.Streaming.AmortizeCPUToGPUCopy:0]]
[2020.06.16-22.07.17:488][  0]LogConfig: Setting CVar [[r.Streaming.MaxNumTexturesToStreamPerFrame:0]]
[2020.06.16-22.07.17:488][  0]LogConfig: Setting CVar [[r.Streaming.Boost:1]]
[2020.06.16-22.07.17:488][  0]LogConfig: Setting CVar [[r.MaxAnisotropy:8]]
[2020.06.16-22.07.17:488][  0]LogConfig: Setting CVar [[r.VT.MaxAnisotropy:8]]
[2020.06.16-22.07.17:488][  0]LogConfig: Setting CVar [[r.Streaming.LimitPoolSizeToVRAM:0]]
[2020.06.16-22.07.17:488][  0]LogConfig: Setting CVar [[r.Streaming.PoolSize:1000]]
[2020.06.16-22.07.17:488][  0]LogConfig: Setting CVar [[r.Streaming.MaxEffectiveScreenSize:0]]
[2020.06.16-22.07.17:489][  0]LogConfig: Applying CVar settings from Section [EffectsQuality@3] File [D:/projectz/rollerz/Saved/Config/Windows/Scalability.ini]
[2020.06.16-22.07.17:489][  0]LogConfig: Setting CVar [[r.TranslucencyLightingVolumeDim:64]]
[2020.06.16-22.07.17:489][  0]LogConfig: Setting CVar [[r.RefractionQuality:2]]
[2020.06.16-22.07.17:489][  0]LogConfig: Setting CVar [[r.SSR.Quality:3]]
[2020.06.16-22.07.17:489][  0]LogConfig: Setting CVar [[r.SSR.HalfResSceneColor:0]]
[2020.06.16-22.07.17:489][  0]LogConfig: Setting CVar [[r.SceneColorFormat:4]]
[2020.06.16-22.07.17:489][  0]LogConfig: Setting CVar [[r.DetailMode:2]]
[2020.06.16-22.07.17:489][  0]LogConfig: Setting CVar [[r.TranslucencyVolumeBlur:1]]
[2020.06.16-22.07.17:489][  0]LogConfig: Setting CVar [[r.MaterialQualityLevel:1 ; High quality]]
[2020.06.16-22.07.17:489][  0]LogConfig: Setting CVar [[r.SSS.Scale:1]]
[2020.06.16-22.07.17:489][  0]LogConfig: Setting CVar [[r.SSS.SampleSet:2]]
[2020.06.16-22.07.17:489][  0]LogConfig: Setting CVar [[r.SSS.Quality:1]]
[2020.06.16-22.07.17:489][  0]LogConfig: Setting CVar [[r.SSS.HalfRes:0]]
[2020.06.16-22.07.17:489][  0]LogConfig: Setting CVar [[r.SSGI.Quality:3]]
[2020.06.16-22.07.17:489][  0]LogConfig: Setting CVar [[r.EmitterSpawnRateScale:1.0]]
[2020.06.16-22.07.17:489][  0]LogConfig: Setting CVar [[r.ParticleLightQuality:2]]
[2020.06.16-22.07.17:489][  0]LogConfig: Setting CVar [[r.SkyAtmosphere.AerialPerspectiveLUT.FastApplyOnOpaque:1 ; Always have FastSkyLUT 1 in this case to avoid wrong sky]]
[2020.06.16-22.07.17:489][  0]LogConfig: Setting CVar [[r.SkyAtmosphere.AerialPerspectiveLUT.SampleCountPerSlice:1]]
[2020.06.16-22.07.17:489][  0]LogConfig: Setting CVar [[r.SkyAtmosphere.AerialPerspectiveLUT.DepthResolution:16.0]]
[2020.06.16-22.07.17:489][  0]LogConfig: Setting CVar [[r.SkyAtmosphere.FastSkyLUT:1]]
[2020.06.16-22.07.17:489][  0]LogConfig: Setting CVar [[r.SkyAtmosphere.FastSkyLUT.SampleCountMin:4.0]]
[2020.06.16-22.07.17:489][  0]LogConfig: Setting CVar [[r.SkyAtmosphere.FastSkyLUT.SampleCountMax:32.0]]
[2020.06.16-22.07.17:489][  0]LogConfig: Setting CVar [[r.SkyAtmosphere.SampleCountMin:4.0]]
[2020.06.16-22.07.17:489][  0]LogConfig: Setting CVar [[r.SkyAtmosphere.SampleCountMax:32.0]]
[2020.06.16-22.07.17:489][  0]LogConfig: Setting CVar [[r.SkyAtmosphere.TransmittanceLUT.UseSmallFormat:0]]
[2020.06.16-22.07.17:489][  0]LogConfig: Setting CVar [[r.SkyAtmosphere.TransmittanceLUT.SampleCount:10.0]]
[2020.06.16-22.07.17:489][  0]LogConfig: Setting CVar [[r.SkyAtmosphere.MultiScatteringLUT.SampleCount:15.0]]
[2020.06.16-22.07.17:489][  0]LogConfig: Applying CVar settings from Section [FoliageQuality@3] File [D:/projectz/rollerz/Saved/Config/Windows/Scalability.ini]
[2020.06.16-22.07.17:489][  0]LogConfig: Setting CVar [[foliage.DensityScale:1.0]]
[2020.06.16-22.07.17:489][  0]LogConfig: Setting CVar [[grass.DensityScale:1.0]]
[2020.06.16-22.07.17:489][  0]LogConfig: Applying CVar settings from Section [ShadingQuality@3] File [D:/projectz/rollerz/Saved/Config/Windows/Scalability.ini]
[2020.06.16-22.07.17:489][  0]LogConfig: Setting CVar [[r.HairStrands.SkyLighting.SampleCount:16]]
[2020.06.16-22.07.17:489][  0]LogConfig: Setting CVar [[r.HairStrands.SkyLighting.JitterIntegration:0]]
[2020.06.16-22.07.17:489][  0]LogConfig: Setting CVar [[r.HairStrands.SkyAO.SampleCount:16]]
[2020.06.16-22.07.17:489][  0]LogConfig: Setting CVar [[r.HairStrands.DeepShadow.SuperSampling:0]]
[2020.06.16-22.07.17:489][  0]LogConfig: Setting CVar [[r.HairStrands.VisibilityPPLL:0]]
[2020.06.16-22.07.17:489][  0]LogConfig: Setting CVar [[r.HairStrands.RasterizationScale:0.5]]
[2020.06.16-22.07.17:489][  0]LogConfig: Setting CVar [[r.HairStrands.VelocityRasterizationScale:1]]
[2020.06.16-22.07.17:489][  0]LogInit: Selected Device Profile: [Windows]
[2020.06.16-22.07.17:489][  0]LogInit: Applying CVar settings loaded from the selected device profile: [Windows]
[2020.06.16-22.07.17:489][  0]LogHAL: Display: Platform has ~ 32 GB [34269765632 / 34359738368 / 32], which maps to Largest [LargestMinGB=32, LargerMinGB=12, DefaultMinGB=8, SmallerMinGB=6, SmallestMinGB=0)
[2020.06.16-22.07.17:489][  0]LogInit: Going up to parent DeviceProfile []
[2020.06.16-22.07.17:489][  0]LogConfig: Applying CVar settings from Section [ViewDistanceQuality@3] File [D:/projectz/rollerz/Saved/Config/Windows/Scalability.ini]
[2020.06.16-22.07.17:489][  0]LogConfig: Setting CVar [[r.SkeletalMeshLODBias:0]]
[2020.06.16-22.07.17:489][  0]LogConfig: Setting CVar [[r.ViewDistanceScale:1.0]]
[2020.06.16-22.07.17:489][  0]LogConfig: Applying CVar settings from Section [AntiAliasingQuality@3] File [D:/projectz/rollerz/Saved/Config/Windows/Scalability.ini]
[2020.06.16-22.07.17:489][  0]LogConfig: Setting CVar [[r.PostProcessAAQuality:4]]
[2020.06.16-22.07.17:489][  0]LogConfig: Applying CVar settings from Section [ShadowQuality@3] File [D:/projectz/rollerz/Saved/Config/Windows/Scalability.ini]
[2020.06.16-22.07.17:489][  0]LogConfig: Setting CVar [[r.LightFunctionQuality:1]]
[2020.06.16-22.07.17:489][  0]LogConfig: Setting CVar [[r.ShadowQuality:5]]
[2020.06.16-22.07.17:489][  0]LogConfig: Setting CVar [[r.Shadow.CSM.MaxCascades:10]]
[2020.06.16-22.07.17:489][  0]LogConfig: Setting CVar [[r.Shadow.MaxResolution:2048]]
[2020.06.16-22.07.17:489][  0]LogConfig: Setting CVar [[r.Shadow.MaxCSMResolution:2048]]
[2020.06.16-22.07.17:489][  0]LogConfig: Setting CVar [[r.Shadow.RadiusThreshold:0.01]]
[2020.06.16-22.07.17:489][  0]LogConfig: Setting CVar [[r.Shadow.DistanceScale:1.0]]
[2020.06.16-22.07.17:489][  0]LogConfig: Setting CVar [[r.Shadow.CSM.TransitionScale:1.0]]
[2020.06.16-22.07.17:489][  0]LogConfig: Setting CVar [[r.Shadow.PreShadowResolutionFactor:1.0]]
[2020.06.16-22.07.17:489][  0]LogConfig: Setting CVar [[r.DistanceFieldShadowing:1]]
[2020.06.16-22.07.17:489][  0]LogConfig: Setting CVar [[r.DistanceFieldAO:1]]
[2020.06.16-22.07.17:489][  0]LogConfig: Setting CVar [[r.AOQuality:2]]
[2020.06.16-22.07.17:489][  0]LogConfig: Setting CVar [[r.VolumetricFog:1]]
[2020.06.16-22.07.17:489][  0]LogConfig: Setting CVar [[r.VolumetricFog.GridPixelSize:8]]
[2020.06.16-22.07.17:489][  0]LogConfig: Setting CVar [[r.VolumetricFog.GridSizeZ:128]]
[2020.06.16-22.07.17:489][  0]LogConfig: Setting CVar [[r.VolumetricFog.HistoryMissSupersampleCount:4]]
[2020.06.16-22.07.17:489][  0]LogConfig: Setting CVar [[r.LightMaxDrawDistanceScale:1]]
[2020.06.16-22.07.17:489][  0]LogConfig: Setting CVar [[r.CapsuleShadows:1]]
[2020.06.16-22.07.17:489][  0]LogConfig: Applying CVar settings from Section [PostProcessQuality@3] File [D:/projectz/rollerz/Saved/Config/Windows/Scalability.ini]
[2020.06.16-22.07.17:489][  0]LogConfig: Setting CVar [[r.MotionBlurQuality:4]]
[2020.06.16-22.07.17:489][  0]LogConfig: Setting CVar [[r.AmbientOcclusionMipLevelFactor:0.4]]
[2020.06.16-22.07.17:489][  0]LogConfig: Setting CVar [[r.AmbientOcclusionMaxQuality:100]]
[2020.06.16-22.07.17:489][  0]LogConfig: Setting CVar [[r.AmbientOcclusionLevels:-1]]
[2020.06.16-22.07.17:489][  0]LogConfig: Setting CVar [[r.AmbientOcclusionRadiusScale:1.0]]
[2020.06.16-22.07.17:489][  0]LogConfig: Setting CVar [[r.DepthOfFieldQuality:2]]
[2020.06.16-22.07.17:489][  0]LogConfig: Setting CVar [[r.RenderTargetPoolMin:400]]
[2020.06.16-22.07.17:489][  0]LogConfig: Setting CVar [[r.LensFlareQuality:2]]
[2020.06.16-22.07.17:489][  0]LogConfig: Setting CVar [[r.SceneColorFringeQuality:1]]
[2020.06.16-22.07.17:489][  0]LogConfig: Setting CVar [[r.EyeAdaptationQuality:2]]
[2020.06.16-22.07.17:489][  0]LogConfig: Setting CVar [[r.BloomQuality:5]]
[2020.06.16-22.07.17:489][  0]LogConfig: Setting CVar [[r.FastBlurThreshold:100]]
[2020.06.16-22.07.17:489][  0]LogConfig: Setting CVar [[r.Upscale.Quality:3]]
[2020.06.16-22.07.17:489][  0]LogConfig: Setting CVar [[r.Tonemapper.GrainQuantization:1]]
[2020.06.16-22.07.17:489][  0]LogConfig: Setting CVar [[r.LightShaftQuality:1]]
[2020.06.16-22.07.17:489][  0]LogConfig: Setting CVar [[r.Filter.SizeScale:1]]
[2020.06.16-22.07.17:489][  0]LogConfig: Setting CVar [[r.Tonemapper.Quality:5]]
[2020.06.16-22.07.17:490][  0]LogConfig: Setting CVar [[r.DOF.Gather.AccumulatorQuality:1        ; higher gathering accumulator quality]]
[2020.06.16-22.07.17:490][  0]LogConfig: Setting CVar [[r.DOF.Gather.PostfilterMethod:1          ; Median3x3 postfilering method]]
[2020.06.16-22.07.17:490][  0]LogConfig: Setting CVar [[r.DOF.Gather.EnableBokehSettings:0       ; no bokeh simulation when gathering]]
[2020.06.16-22.07.17:490][  0]LogConfig: Setting CVar [[r.DOF.Gather.RingCount:4                 ; medium number of samples when gathering]]
[2020.06.16-22.07.17:490][  0]LogConfig: Setting CVar [[r.DOF.Scatter.ForegroundCompositing:1    ; additive foreground scattering]]
[2020.06.16-22.07.17:490][  0]LogConfig: Setting CVar [[r.DOF.Scatter.BackgroundCompositing:2    ; additive background scattering]]
[2020.06.16-22.07.17:490][  0]LogConfig: Setting CVar [[r.DOF.Scatter.EnableBokehSettings:1      ; bokeh simulation when scattering]]
[2020.06.16-22.07.17:490][  0]LogConfig: Setting CVar [[r.DOF.Scatter.MaxSpriteRatio:0.1         ; only a maximum of 10% of scattered bokeh]]
[2020.06.16-22.07.17:490][  0]LogConfig: Setting CVar [[r.DOF.Recombine.Quality:1                ; cheap slight out of focus]]
[2020.06.16-22.07.17:490][  0]LogConfig: Setting CVar [[r.DOF.Recombine.EnableBokehSettings:0    ; no bokeh simulation on slight out of focus]]
[2020.06.16-22.07.17:490][  0]LogConfig: Setting CVar [[r.DOF.TemporalAAQuality:1                ; more stable temporal accumulation]]
[2020.06.16-22.07.17:490][  0]LogConfig: Setting CVar [[r.DOF.Kernel.MaxForegroundRadius:0.025]]
[2020.06.16-22.07.17:490][  0]LogConfig: Setting CVar [[r.DOF.Kernel.MaxBackgroundRadius:0.025]]
[2020.06.16-22.07.17:490][  0]LogConfig: Applying CVar settings from Section [TextureQuality@3] File [D:/projectz/rollerz/Saved/Config/Windows/Scalability.ini]
[2020.06.16-22.07.17:490][  0]LogConfig: Setting CVar [[r.Streaming.MipBias:0]]
[2020.06.16-22.07.17:490][  0]LogConfig: Setting CVar [[r.Streaming.AmortizeCPUToGPUCopy:0]]
[2020.06.16-22.07.17:490][  0]LogConfig: Setting CVar [[r.Streaming.MaxNumTexturesToStreamPerFrame:0]]
[2020.06.16-22.07.17:490][  0]LogConfig: Setting CVar [[r.Streaming.Boost:1]]
[2020.06.16-22.07.17:490][  0]LogConfig: Setting CVar [[r.MaxAnisotropy:8]]
[2020.06.16-22.07.17:490][  0]LogConfig: Setting CVar [[r.VT.MaxAnisotropy:8]]
[2020.06.16-22.07.17:490][  0]LogConfig: Setting CVar [[r.Streaming.LimitPoolSizeToVRAM:0]]
[2020.06.16-22.07.17:490][  0]LogConfig: Setting CVar [[r.Streaming.PoolSize:1000]]
[2020.06.16-22.07.17:490][  0]LogConfig: Setting CVar [[r.Streaming.MaxEffectiveScreenSize:0]]
[2020.06.16-22.07.17:490][  0]LogConfig: Applying CVar settings from Section [EffectsQuality@3] File [D:/projectz/rollerz/Saved/Config/Windows/Scalability.ini]
[2020.06.16-22.07.17:490][  0]LogConfig: Setting CVar [[r.TranslucencyLightingVolumeDim:64]]
[2020.06.16-22.07.17:490][  0]LogConfig: Setting CVar [[r.RefractionQuality:2]]
[2020.06.16-22.07.17:490][  0]LogConfig: Setting CVar [[r.SSR.Quality:3]]
[2020.06.16-22.07.17:490][  0]LogConfig: Setting CVar [[r.SSR.HalfResSceneColor:0]]
[2020.06.16-22.07.17:490][  0]LogConfig: Setting CVar [[r.SceneColorFormat:4]]
[2020.06.16-22.07.17:490][  0]LogConfig: Setting CVar [[r.DetailMode:2]]
[2020.06.16-22.07.17:490][  0]LogConfig: Setting CVar [[r.TranslucencyVolumeBlur:1]]
[2020.06.16-22.07.17:490][  0]LogConfig: Setting CVar [[r.MaterialQualityLevel:1 ; High quality]]
[2020.06.16-22.07.17:490][  0]LogConfig: Setting CVar [[r.SSS.Scale:1]]
[2020.06.16-22.07.17:490][  0]LogConfig: Setting CVar [[r.SSS.SampleSet:2]]
[2020.06.16-22.07.17:490][  0]LogConfig: Setting CVar [[r.SSS.Quality:1]]
[2020.06.16-22.07.17:490][  0]LogConfig: Setting CVar [[r.SSS.HalfRes:0]]
[2020.06.16-22.07.17:490][  0]LogConfig: Setting CVar [[r.SSGI.Quality:3]]
[2020.06.16-22.07.17:490][  0]LogConfig: Setting CVar [[r.EmitterSpawnRateScale:1.0]]
[2020.06.16-22.07.17:490][  0]LogConfig: Setting CVar [[r.ParticleLightQuality:2]]
[2020.06.16-22.07.17:490][  0]LogConfig: Setting CVar [[r.SkyAtmosphere.AerialPerspectiveLUT.FastApplyOnOpaque:1 ; Always have FastSkyLUT 1 in this case to avoid wrong sky]]
[2020.06.16-22.07.17:490][  0]LogConfig: Setting CVar [[r.SkyAtmosphere.AerialPerspectiveLUT.SampleCountPerSlice:1]]
[2020.06.16-22.07.17:490][  0]LogConfig: Setting CVar [[r.SkyAtmosphere.AerialPerspectiveLUT.DepthResolution:16.0]]
[2020.06.16-22.07.17:490][  0]LogConfig: Setting CVar [[r.SkyAtmosphere.FastSkyLUT:1]]
[2020.06.16-22.07.17:490][  0]LogConfig: Setting CVar [[r.SkyAtmosphere.FastSkyLUT.SampleCountMin:4.0]]
[2020.06.16-22.07.17:490][  0]LogConfig: Setting CVar [[r.SkyAtmosphere.FastSkyLUT.SampleCountMax:32.0]]
[2020.06.16-22.07.17:490][  0]LogConfig: Setting CVar [[r.SkyAtmosphere.SampleCountMin:4.0]]
[2020.06.16-22.07.17:490][  0]LogConfig: Setting CVar [[r.SkyAtmosphere.SampleCountMax:32.0]]
[2020.06.16-22.07.17:490][  0]LogConfig: Setting CVar [[r.SkyAtmosphere.TransmittanceLUT.UseSmallFormat:0]]
[2020.06.16-22.07.17:490][  0]LogConfig: Setting CVar [[r.SkyAtmosphere.TransmittanceLUT.SampleCount:10.0]]
[2020.06.16-22.07.17:490][  0]LogConfig: Setting CVar [[r.SkyAtmosphere.MultiScatteringLUT.SampleCount:15.0]]
[2020.06.16-22.07.17:490][  0]LogConfig: Applying CVar settings from Section [FoliageQuality@3] File [D:/projectz/rollerz/Saved/Config/Windows/Scalability.ini]
[2020.06.16-22.07.17:490][  0]LogConfig: Setting CVar [[foliage.DensityScale:1.0]]
[2020.06.16-22.07.17:490][  0]LogConfig: Setting CVar [[grass.DensityScale:1.0]]
[2020.06.16-22.07.17:490][  0]LogConfig: Applying CVar settings from Section [ShadingQuality@3] File [D:/projectz/rollerz/Saved/Config/Windows/Scalability.ini]
[2020.06.16-22.07.17:490][  0]LogConfig: Setting CVar [[r.HairStrands.SkyLighting.SampleCount:16]]
[2020.06.16-22.07.17:490][  0]LogConfig: Setting CVar [[r.HairStrands.SkyLighting.JitterIntegration:0]]
[2020.06.16-22.07.17:490][  0]LogConfig: Setting CVar [[r.HairStrands.SkyAO.SampleCount:16]]
[2020.06.16-22.07.17:490][  0]LogConfig: Setting CVar [[r.HairStrands.DeepShadow.SuperSampling:0]]
[2020.06.16-22.07.17:490][  0]LogConfig: Setting CVar [[r.HairStrands.VisibilityPPLL:0]]
[2020.06.16-22.07.17:490][  0]LogConfig: Setting CVar [[r.HairStrands.RasterizationScale:0.5]]
[2020.06.16-22.07.17:490][  0]LogConfig: Setting CVar [[r.HairStrands.VelocityRasterizationScale:1]]
[2020.06.16-22.07.17:490][  0]LogConfig: Applying CVar settings from Section [Startup] File [../../../Engine/Config/ConsoleVariables.ini]
[2020.06.16-22.07.17:495][  0]LogConfig: Setting CVar [[net.UseAdaptiveNetUpdateFrequency:0]]
[2020.06.16-22.07.17:495][  0]LogConfig: Setting CVar [[p.chaos.AllowCreatePhysxBodies:1]]
[2020.06.16-22.07.17:495][  0]LogConfig: Setting CVar [[fx.SkipVectorVMBackendOptimizations:1]]
[2020.06.16-22.07.17:495][  0]LogConfig: Applying CVar settings from Section [ConsoleVariables] File [D:/projectz/rollerz/Saved/Config/Windows/Engine.ini]
[2020.06.16-22.07.17:495][  0]LogInit: Computer: DESKTOP-TR79E97
[2020.06.16-22.07.17:495][  0]LogInit: User: flytip
[2020.06.16-22.07.17:495][  0]LogInit: CPU Page size=4096, Cores=6
[2020.06.16-22.07.17:495][  0]LogInit: High frequency timer resolution =10.000000 MHz
[2020.06.16-22.07.17:495][  0]LogMemory: Memory total: Physical=31.9GB (32GB approx)
[2020.06.16-22.07.17:495][  0]LogMemory: Platform Memory Stats for Windows
[2020.06.16-22.07.17:495][  0]LogMemory: Process Physical Memory: 123.82 MB used, 123.82 MB peak
[2020.06.16-22.07.17:495][  0]LogMemory: Process Virtual Memory: 102.45 MB used, 102.45 MB peak
[2020.06.16-22.07.17:495][  0]LogMemory: Physical Memory: 4656.63 MB used,  28025.57 MB free, 32682.20 MB total
[2020.06.16-22.07.17:495][  0]LogMemory: Virtual Memory: 5185.24 MB used,  134212544.00 MB free, 134217728.00 MB total
[2020.06.16-22.07.17:497][  0]LogWindows: WindowsPlatformFeatures enabled
[2020.06.16-22.07.17:749][  0]LogInit: Physics initialised using underlying interface: PhysX
[2020.06.16-22.07.17:750][  0]LogInit: Using OS detected language (en-GB).
[2020.06.16-22.07.17:750][  0]LogInit: Using OS detected locale (en-GB).
[2020.06.16-22.07.17:765][  0]LogTextLocalizationManager: No specific localization for 'en-GB' exists, so the 'en' localization will be used.
[2020.06.16-22.07.18:092][  0]LogInit: Setting process to per monitor DPI aware
[2020.06.16-22.07.18:173][  0]LogSlate: New Slate User Created.  User Index 0, Is Virtual User: 0
[2020.06.16-22.07.18:173][  0]LogSlate: Slate User Registered.  User Index 0, Is Virtual User: 0
[2020.06.16-22.07.20:335][  0]LogD3D11RHI: D3D11 min allowed feature level: 11_0
[2020.06.16-22.07.20:335][  0]LogD3D11RHI: D3D11 max allowed feature level: 11_0
[2020.06.16-22.07.20:335][  0]LogD3D11RHI: D3D11 adapters:
[2020.06.16-22.07.20:418][  0]LogD3D11RHI:    0. 'NVIDIA GeForce RTX 2070 SUPER' (Feature Level 11_0)
[2020.06.16-22.07.20:418][  0]LogD3D11RHI:       8011/0/16341 MB DedicatedVideo/DedicatedSystem/SharedSystem, Outputs:1, VendorId:0x10de
[2020.06.16-22.07.20:422][  0]LogD3D11RHI:    1. 'Microsoft Basic Render Driver' (Feature Level 11_0)
[2020.06.16-22.07.20:422][  0]LogD3D11RHI:       0/0/16341 MB DedicatedVideo/DedicatedSystem/SharedSystem, Outputs:0, VendorId:0x1414
[2020.06.16-22.07.20:422][  0]LogD3D11RHI: Chosen D3D11 Adapter: 0
[2020.06.16-22.07.20:427][  0]LogD3D11RHI: Creating new Direct3DDevice
[2020.06.16-22.07.20:427][  0]LogD3D11RHI:     GPU DeviceId: 0x1e84 (for the marketing name, search the web for "GPU Device Id")
[2020.06.16-22.07.20:427][  0]LogWindows: EnumDisplayDevices:
[2020.06.16-22.07.20:427][  0]LogWindows:    0. 'NVIDIA GeForce RTX 2070 SUPER' (P:1 D:1)
[2020.06.16-22.07.20:428][  0]LogWindows:    1. 'NVIDIA GeForce RTX 2070 SUPER' (P:0 D:0)
[2020.06.16-22.07.20:428][  0]LogWindows:    2. 'NVIDIA GeForce RTX 2070 SUPER' (P:0 D:0)
[2020.06.16-22.07.20:428][  0]LogWindows:    3. 'NVIDIA GeForce RTX 2070 SUPER' (P:0 D:0)
[2020.06.16-22.07.20:428][  0]LogWindows: DebugString: FoundDriverCount:4 
[2020.06.16-22.07.20:428][  0]LogD3D11RHI:     Adapter Name: NVIDIA GeForce RTX 2070 SUPER
[2020.06.16-22.07.20:428][  0]LogD3D11RHI:   Driver Version: 446.14 (internal:26.21.14.4614, unified:446.14)
[2020.06.16-22.07.20:428][  0]LogD3D11RHI:      Driver Date: 5-15-2020
[2020.06.16-22.07.20:428][  0]LogRHI: Texture pool is 5607 MB (70% of 8011 MB)
[2020.06.16-22.07.20:471][  0]LogD3D11RHI: RHI has support for 64 bit atomics
[2020.06.16-22.07.20:473][  0]LogD3D11RHI: [Aftermath] Enabled and primed
[2020.06.16-22.07.20:474][  0]LogD3D11RHI: Async texture creation enabled
[2020.06.16-22.07.20:474][  0]LogD3D11RHI: Array index from any shader is supported
[2020.06.16-22.07.20:488][  0]LogD3D11RHI: GPU Timing Frequency: 1000.000000 (Debug: 2 1)
[2020.06.16-22.07.20:958][  0]LogTargetPlatformManager: Display: Loaded TargetPlatform 'AllDesktop'
[2020.06.16-22.07.20:988][  0]LogTargetPlatformManager: Display: Loaded TargetPlatform 'Android'
[2020.06.16-22.07.20:988][  0]LogTargetPlatformManager: Display: Loaded TargetPlatform 'Android_ASTC'
[2020.06.16-22.07.20:988][  0]LogTargetPlatformManager: Display: Loaded TargetPlatform 'Android_DXT'
[2020.06.16-22.07.20:988][  0]LogTargetPlatformManager: Display: Loaded TargetPlatform 'Android_ETC2'
[2020.06.16-22.07.20:988][  0]LogTargetPlatformManager: Display: Loaded TargetPlatform 'AndroidClient'
[2020.06.16-22.07.20:988][  0]LogTargetPlatformManager: Display: Loaded TargetPlatform 'Android_ASTCClient'
[2020.06.16-22.07.20:988][  0]LogTargetPlatformManager: Display: Loaded TargetPlatform 'Android_DXTClient'
[2020.06.16-22.07.20:988][  0]LogTargetPlatformManager: Display: Loaded TargetPlatform 'Android_ETC2Client'
[2020.06.16-22.07.20:988][  0]LogTargetPlatformManager: Display: Loaded TargetPlatform 'Android_Multi'
[2020.06.16-22.07.20:988][  0]LogTargetPlatformManager: Display: Loaded TargetPlatform 'Android_MultiClient'
[2020.06.16-22.07.21:050][  0]LogTargetPlatformManager: Display: Loaded TargetPlatform 'IOSClient'
[2020.06.16-22.07.21:050][  0]LogTargetPlatformManager: Display: Loaded TargetPlatform 'IOS'
[2020.06.16-22.07.21:077][  0]LogTargetPlatformManager: Display: Loaded TargetPlatform 'Linux'
[2020.06.16-22.07.21:097][  0]LogTargetPlatformManager: Display: Loaded TargetPlatform 'LinuxNoEditor'
[2020.06.16-22.07.21:116][  0]LogTargetPlatformManager: Display: Loaded TargetPlatform 'LinuxClient'
[2020.06.16-22.07.21:135][  0]LogTargetPlatformManager: Display: Loaded TargetPlatform 'LinuxServer'
[2020.06.16-22.07.21:154][  0]LogTargetPlatformManager: Display: Loaded TargetPlatform 'LinuxAArch64NoEditor'
[2020.06.16-22.07.21:174][  0]LogTargetPlatformManager: Display: Loaded TargetPlatform 'LinuxAArch64Client'
[2020.06.16-22.07.21:192][  0]LogTargetPlatformManager: Display: Loaded TargetPlatform 'LinuxAArch64Server'
[2020.06.16-22.07.21:228][  0]LogTargetPlatformManager: Display: Loaded TargetPlatform 'Lumin'
[2020.06.16-22.07.21:228][  0]LogTargetPlatformManager: Display: Loaded TargetPlatform 'LuminClient'
[2020.06.16-22.07.21:251][  0]LogTargetPlatformManager: Display: Loaded TargetPlatform 'TVOSClient'
[2020.06.16-22.07.21:251][  0]LogTargetPlatformManager: Display: Loaded TargetPlatform 'TVOS'
[2020.06.16-22.07.21:271][  0]LogTargetPlatformManager: Display: Loaded TargetPlatform 'WindowsNoEditor'
[2020.06.16-22.07.21:290][  0]LogTargetPlatformManager: Display: Loaded TargetPlatform 'Windows'
[2020.06.16-22.07.21:310][  0]LogTargetPlatformManager: Display: Loaded TargetPlatform 'WindowsClient'
[2020.06.16-22.07.21:328][  0]LogTargetPlatformManager: Display: Loaded TargetPlatform 'WindowsServer'
[2020.06.16-22.07.21:328][  0]LogTargetPlatformManager: Display: Building Assets For Windows
[2020.06.16-22.07.21:385][  0]LogAudioDebug: Display: Lib vorbis DLL was dynamically loaded.
[2020.06.16-22.07.21:745][  0]LogShaderCompilers: Guid format shader working directory is 27 characters bigger than the processId version (D:/projectz/rollerz/Intermediate/Shaders/WorkingDirectory/14368/).
[2020.06.16-22.07.21:745][  0]LogShaderCompilers: Cleaned the shader compiler working directory 'C:/Users/flytip/AppData/Local/Temp/UnrealShaderWorkingDir/1155218E47F1A6080B0B1D941A29B52B/'.
[2020.06.16-22.07.21:745][  0]LogXGEController: Cleaning working directory: C:/Users/flytip/AppData/Local/Temp/UnrealXGEWorkingDir/
[2020.06.16-22.07.21:745][  0]LogXGEController: Cannot use XGE Controller as Incredibuild is not installed on this machine.
[2020.06.16-22.07.21:745][  0]LogShaderCompilers: Cannot use XGE Shader Compiler as Incredibuild is not installed on this machine.
[2020.06.16-22.07.21:745][  0]LogShaderCompilers: Display: Using Local Shader Compiler.
[2020.06.16-22.07.24:426][  0]LogDerivedDataCache: Display: Max Cache Size: 512 MB
[2020.06.16-22.07.24:509][  0]LogDerivedDataCache: Loaded boot cache 0.08s 79MB C:/Users/flytip/AppData/Local/UnrealEngine/4.25/DerivedDataCache/Boot.ddc.
[2020.06.16-22.07.24:509][  0]LogDerivedDataCache: Display: Loaded Boot cache: C:/Users/flytip/AppData/Local/UnrealEngine/4.25/DerivedDataCache/Boot.ddc
[2020.06.16-22.07.24:509][  0]LogDerivedDataCache: FDerivedDataBackendGraph:  Pak pak cache file D:/projectz/rollerz/DerivedDataCache/DDC.ddp not found, will not use a pak cache.
[2020.06.16-22.07.24:509][  0]LogDerivedDataCache: Unable to find inner node Pak for hierarchical cache Hierarchy.
[2020.06.16-22.07.24:509][  0]LogDerivedDataCache: FDerivedDataBackendGraph:  CompressedPak pak cache file D:/projectz/rollerz/DerivedDataCache/Compressed.ddp not found, will not use a pak cache.
[2020.06.16-22.07.24:509][  0]LogDerivedDataCache: Unable to find inner node CompressedPak for hierarchical cache Hierarchy.
[2020.06.16-22.07.24:526][  0]LogDerivedDataCache: Display: Pak cache opened for reading ../../../Engine/DerivedDataCache/Compressed.ddp.
[2020.06.16-22.07.24:526][  0]LogDerivedDataCache: FDerivedDataBackendGraph:  EnterprisePak pak cache file ../../../Enterprise/DerivedDataCache/Compressed.ddp not found, will not use a pak cache.
[2020.06.16-22.07.24:526][  0]LogDerivedDataCache: Unable to find inner node EnterprisePak for hierarchical cache Hierarchy.
[2020.06.16-22.07.24:527][  0]LogDerivedDataCache: Using Local data cache path C:/Users/flytip/AppData/Local/UnrealEngine/Common/DerivedDataCache: Writable
[2020.06.16-22.07.24:527][  0]LogDerivedDataCache: Shared data cache path not found in *engine.ini, will not use an Shared cache.
[2020.06.16-22.07.24:527][  0]LogDerivedDataCache: Unable to find inner node Shared for hierarchical cache Hierarchy.
[2020.06.16-22.07.24:572][  0]LogSlate: Using FreeType 2.10.0
[2020.06.16-22.07.24:584][  0]LogSlate: SlateFontServices - WITH_FREETYPE: 1, WITH_HARFBUZZ: 1
[2020.06.16-22.07.24:647][  0]LogAssetRegistry: FAssetRegistry took 0.0024 seconds to start up
[2020.06.16-22.07.24:859][  0]LogInit: Selected Device Profile: [Windows]
[2020.06.16-22.07.25:386][  0]LogMeshReduction: Using QuadricMeshReduction for automatic static mesh reduction
[2020.06.16-22.07.25:386][  0]LogMeshReduction: Using SimplygonMeshReduction for automatic skeletal mesh reduction
[2020.06.16-22.07.25:386][  0]LogMeshReduction: Using ProxyLODMeshReduction for automatic mesh merging
[2020.06.16-22.07.25:386][  0]LogMeshReduction: No distributed automatic mesh merging module available
[2020.06.16-22.07.25:386][  0]LogMeshMerging: No distributed automatic mesh merging module available
[2020.06.16-22.07.25:435][  0]LogNetVersion: rollerz 1.0.0, NetCL: 13144385, EngineNetVer: 14, GameNetVer: 0 (Checksum: 3986346402)
[2020.06.16-22.07.26:577][  0]LogAISub: UAISubsystem::UAISubsystem AISubsystem (000001DACC5C6940), frame # 0
[2020.06.16-22.07.26:577][  0]LogAISub: UAISubsystem::UAISubsystem AIPerceptionSystem (000001DACC48AAC0), frame # 0
[2020.06.16-22.07.26:578][  0]LogAISub: UAISubsystem::UAISubsystem EnvQueryManager (000001DACC5CEA00), frame # 0
[2020.06.16-22.07.26:634][  0]LogPackageLocalizationCache: Processed 19 localized package path(s) for 1 prioritized culture(s) in 0.040678 seconds
[2020.06.16-22.07.26:639][  0]LogUObjectArray: 15917 objects as part of root set at end of initial load.
[2020.06.16-22.07.26:639][  0]LogUObjectAllocator: 3965568 out of 0 bytes used by permanent object pool.
[2020.06.16-22.07.26:639][  0]LogUObjectArray: CloseDisregardForGC: 0/0 objects in disregard for GC pool
[2020.06.16-22.07.28:365][  0]LogTcpMessaging: Initializing TcpMessaging bridge
[2020.06.16-22.07.28:384][  0]LogUdpMessaging: Initializing bridge on interface 0.0.0.0:0 to multicast group 230.0.0.1:6666.
[2020.06.16-22.07.28:732][  0]SourceControl: Source control is disabled
[2020.06.16-22.07.28:732][  0]SourceControl: Source control is disabled
[2020.06.16-22.07.28:781][  0]SourceControl: Source control is disabled
[2020.06.16-22.07.28:799][  0]SourceControl: Source control is disabled
[2020.06.16-22.07.28:831][  0]SourceControl: Source control is disabled
[2020.06.16-22.07.28:878][  0]LogVSAccessor: Display: Unable to create Visual Studio setup instance: 80040154
[2020.06.16-22.07.28:879][  0]LogVSAccessor: Display: Unable to create Visual Studio setup instance: 80040154
[2020.06.16-22.07.30:028][  0]LogAndroidPermission: UAndroidPermissionCallbackProxy::GetInstance
[2020.06.16-22.07.30:120][  0]LogAudioCaptureCore: Display: No Audio Capture implementations found. Audio input will be silent.
[2020.06.16-22.07.30:120][  0]LogAudioCaptureCore: Display: No Audio Capture implementations found. Audio input will be silent.
[2020.06.16-22.07.30:303][  0]LogOcInput: OculusInput pre-init called
[2020.06.16-22.07.30:734][  0]LogEngine: Initializing Engine...
[2020.06.16-22.07.30:735][  0]LogHMD: Oculus plugin initialized. Version: 4.25.1-13594126+++UE4+Release-4.25, OVRPlugin: 1.44.0
[2020.06.16-22.07.30:735][  0]LogStats: UGameplayTagsManager::InitializeManager -  0.000 s
[2020.06.16-22.07.31:002][  0]LogInit: Initializing FReadOnlyCVARCache
[2020.06.16-22.07.31:032][  0]LogAIModule: Creating AISystem for world Untitled
[2020.06.16-22.07.31:032][  0]LogAISub: UAISubsystem::UAISubsystem EnvQueryManager (000001DAD26FD800), frame # 0
[2020.06.16-22.07.31:032][  0]LogAISub: UAISubsystem::UAISubsystem AIPerceptionSystem (000001DAD272AFC0), frame # 0
[2020.06.16-22.07.31:048][  0]LogAudioMixer: Display: Audio Mixer Platform Settings:
[2020.06.16-22.07.31:049][  0]LogAudioMixer: Display: 	Sample Rate:						  48000
[2020.06.16-22.07.31:049][  0]LogAudioMixer: Display: 	Callback Buffer Frame Size Requested: 1024
[2020.06.16-22.07.31:049][  0]LogAudioMixer: Display: 	Callback Buffer Frame Size To Use:	  1024
[2020.06.16-22.07.31:049][  0]LogAudioMixer: Display: 	Number of buffers to queue:			  2
[2020.06.16-22.07.31:049][  0]LogAudioMixer: Display: 	Max Channels (voices):				  32
[2020.06.16-22.07.31:049][  0]LogAudioMixer: Display: 	Number of Async Source Workers:		  0
[2020.06.16-22.07.31:049][  0]LogAudio: Display: AudioDevice MaxSources: 32
[2020.06.16-22.07.31:049][  0]LogAudio: Display: Using built-in audio occlusion.
[2020.06.16-22.07.31:049][  0]LogAudioMixer: Display: Initializing audio mixer.
[2020.06.16-22.07.31:085][  0]LogAudioMixer: Display: 0: FrontLeft
[2020.06.16-22.07.31:085][  0]LogAudioMixer: Display: 1: FrontRight
[2020.06.16-22.07.31:119][  0]LogAudioMixer: Display: Using Audio Device Headphones (Rift Audio)
[2020.06.16-22.07.31:122][  0]LogAudioMixer: Display: Initializing Sound Submixes...
[2020.06.16-22.07.31:142][  0]LogAudioMixer: Display: Creating Master Submix 'MasterSubmixDefault'
[2020.06.16-22.07.31:142][  0]LogAudioMixer: Display: Creating Master Submix 'MasterReverbSubmixDefault'
[2020.06.16-22.07.31:142][  0]LogAudioMixer: Display: Creating Master Submix 'MasterEQSubmixDefault'
[2020.06.16-22.07.31:143][  0]LogInit: FAudioDevice initialized.
[2020.06.16-22.07.31:144][  0]LogNetVersion: Set ProjectVersion to 1.0.0.0. Version Checksum will be recalculated on next use.
[2020.06.16-22.07.31:186][  0]LogDerivedDataCache: Saved boot cache 0.04s 79MB C:/Users/flytip/AppData/Local/UnrealEngine/4.25/DerivedDataCache/Boot.ddc.
[2020.06.16-22.07.31:189][  0]LogInit: Texture streaming: Enabled
[2020.06.16-22.07.31:250][  0]LogEngineSessionManager: EngineSessionManager initialized
[2020.06.16-22.07.31:250][  0]LogEditorSessionSummary: Verbose: Initializing EditorSessionSummaryWriter for editor session tracking
[2020.06.16-22.07.31:251][  0]LogEditorSessionSummary: EditorSessionSummaryWriter initialized
[2020.06.16-22.07.31:328][  0]LogInit: Transaction tracking system initialized
[2020.06.16-22.07.31:436][  0]BlueprintLog: New page: Editor Load
[2020.06.16-22.07.31:894][  0]LocalizationService: Localization service is disabled
[2020.06.16-22.07.32:290][  0]LogVSAccessor: Display: Unable to create Visual Studio setup instance: 80040154
[2020.06.16-22.07.32:290][  0]LogVSAccessor: Display: Unable to create Visual Studio setup instance: 80040154
[2020.06.16-22.07.32:576][  0]LogCook: Display: Max memory allowance for cook 16384mb min free memory 0mb
[2020.06.16-22.07.32:576][  0]LogCook: Display: Mobile HDR setting 1
[2020.06.16-22.07.32:830][  0]LogFileCache: Scanning file cache for directory 'D:/projectz/rollerz/Content/' took 0.01s
[2020.06.16-22.07.33:432][  0]SourceControl: Source control is disabled
[2020.06.16-22.07.33:432][  0]LogUnrealEdMisc: Loading editor; pre map load, took 21.951
[2020.06.16-22.07.33:432][  0]Cmd: MAP LOAD FILE="D:/projectz/rollerz/Content/Maps/level1.umap" TEMPLATE=0 SHOWPROGRESS=1 FEATURELEVEL=3
[2020.06.16-22.07.33:432][  0]LightingResults: New page: Lighting Build
[2020.06.16-22.07.33:433][  0]LogWorld: UWorld::CleanupWorld for Untitled, bSessionEnded=true, bCleanupResources=true
[2020.06.16-22.07.33:433][  0]LogSlate: InvalidateAllWidgets triggered.  All widgets were invalidated
[2020.06.16-22.07.33:433][  0]MapCheck: New page: Map Check
[2020.06.16-22.07.33:433][  0]LightingResults: New page: Lighting Build
[2020.06.16-22.07.33:442][  0]LogAISub: UAISubsystem::~UAISubsystem EnvQueryManager (000001DAD26FD800), frame # 0
[2020.06.16-22.07.33:442][  0]LogAISub: UAISubsystem::~UAISubsystem AIPerceptionSystem (000001DAD272AFC0), frame # 0
[2020.06.16-22.07.33:443][  0]LogUObjectHash: Compacting FUObjectHashTables data took   0.57ms
[2020.06.16-22.07.34:202][  0]LogAIModule: Creating AISystem for world level1
[2020.06.16-22.07.34:202][  0]LogAISub: UAISubsystem::UAISubsystem EnvQueryManager (000001DABF997E00), frame # 0
[2020.06.16-22.07.34:202][  0]LogAISub: UAISubsystem::UAISubsystem AIPerceptionSystem (000001DABF9DAAC0), frame # 0
[2020.06.16-22.07.34:218][  0]LogEditorServer: Finished looking for orphan Actors (0.000 secs)
[2020.06.16-22.07.34:228][  0]LogUObjectHash: Compacting FUObjectHashTables data took   0.77ms
[2020.06.16-22.07.34:228][  0]Cmd: MAP CHECKDEP NOCLEARLOG
[2020.06.16-22.07.34:229][  0]MapCheck: Map check complete: 0 Error(s), 0 Warning(s), took 0.09ms to complete.
[2020.06.16-22.07.34:229][  0]LogFileHelpers: Loading map 'level1' took 0.797
[2020.06.16-22.07.34:230][  0]LogUnrealEdMisc: Total Editor Startup Time, took 22.749
[2020.06.16-22.07.34:390][  0]LogSlate: Updating window title bar state: overlay mode, drag disabled, window buttons hidden, title bar hidden
[2020.06.16-22.07.34:396][  0]LogSlate: Updating window title bar state: overlay mode, drag disabled, window buttons hidden, title bar hidden
[2020.06.16-22.07.34:402][  0]LogSlate: Updating window title bar state: overlay mode, drag disabled, window buttons hidden, title bar hidden
[2020.06.16-22.07.34:408][  0]LogSlate: Updating window title bar state: overlay mode, drag disabled, window buttons hidden, title bar hidden
[2020.06.16-22.07.34:431][  0]LogCollectionManager: Loaded 0 collections in 0.001272 seconds
[2020.06.16-22.07.34:443][  0]LogFileCache: Scanning file cache for directory 'D:/projectz/rollerz/Saved/Collections/' took 0.00s
[2020.06.16-22.07.34:443][  0]LogFileCache: Scanning file cache for directory 'D:/projectz/rollerz/Content/Developers/flytip/Collections/' took 0.00s
[2020.06.16-22.07.34:443][  0]LogFileCache: Scanning file cache for directory 'D:/projectz/rollerz/Content/Collections/' took 0.00s
[2020.06.16-22.07.34:443][  0]LogContentBrowser: Native class hierarchy populated in 0.0078 seconds. Added 3427 classes and 821 folders.
[2020.06.16-22.07.34:446][  0]LogContentBrowser: Native class hierarchy updated for 'WidgetCarousel' in 0.0002 seconds. Added 0 classes and 0 folders.
[2020.06.16-22.07.34:771][  0]LogContentBrowser: Native class hierarchy updated for 'AddContentDialog' in 0.0002 seconds. Added 0 classes and 0 folders.
[2020.06.16-22.07.34:772][  0]LogContentBrowser: Native class hierarchy updated for 'SceneOutliner' in 0.0002 seconds. Added 2 classes and 0 folders.
[2020.06.16-22.07.34:867][  0]LogSlate: Took 0.004767 seconds to synchronously load lazily loaded font '../../../Engine/Content/Slate/Fonts/Roboto-Regular.ttf' (155K)
[2020.06.16-22.07.34:872][  0]LogSlate: Took 0.004364 seconds to synchronously load lazily loaded font '../../../Engine/Content/Slate/Fonts/Roboto-Bold.ttf' (160K)
[2020.06.16-22.07.34:880][  0]LogSlate: Took 0.004391 seconds to synchronously load lazily loaded font '../../../Engine/Content/Editor/Slate/Fonts/FontAwesome.ttf' (139K)
[2020.06.16-22.07.34:993][  0]LogRenderer: Reallocating scene render targets to support 1316x572 Format 10 NumSamples 1 (Frame:1).
[2020.06.16-22.07.35:089][  0]LogContentBrowser: Native class hierarchy updated for 'HierarchicalLODOutliner' in 0.0002 seconds. Added 0 classes and 0 folders.
[2020.06.16-22.07.35:089][  0]LogLoad: (Engine Initialization) Total time: 23.61 seconds
[2020.06.16-22.07.35:089][  0]LogLoad: (Engine Initialization) Total Blueprint compile time: 0.00 seconds
[2020.06.16-22.07.35:099][  0]LogOcInput: OculusInput is initialized
[2020.06.16-22.07.35:132][  0]LogAssetRegistry: Asset discovery search completed in 10.4856 seconds
[2020.06.16-22.07.35:136][  0]LogCollectionManager: Fixed up redirectors for 0 collections in 0.000005 seconds (updated 0 objects)
[2020.06.16-22.07.35:138][  0]LogContentStreaming: Texture pool size now 1000 MB
[2020.06.16-22.07.35:184][  0]LogSlate: Took 0.004977 seconds to synchronously load lazily loaded font '../../../Engine/Content/Slate/Fonts/Roboto-Light.ttf' (167K)
[2020.06.16-22.07.36:447][  4]LogSlate: Took 0.000120 seconds to synchronously load lazily loaded font '../../../Engine/Content/Slate/Fonts/Roboto-Light.ttf' (167K)
[2020.06.16-22.09.12:716][291]LogAudioMixer: Warning: Changing default audio render device to new device: {0.0.0.00000000}.{32f125b3-a44d-4a37-8f22-3a6b50a63b79}.
[2020.06.16-22.09.12:716][291]LogTemp: Resetting audio stream to device id 
[2020.06.16-22.09.12:733][291]LogAudioMixer: Display: 0: FrontLeft
[2020.06.16-22.09.12:733][291]LogAudioMixer: Display: 1: FrontRight
[2020.06.16-22.09.20:082][313]LogAudioMixer: Warning: Changing default audio render device to new device: {0.0.0.00000000}.{a5d012ff-e6bf-4da4-b233-2e2fe196e12d}.
[2020.06.16-22.09.20:083][313]LogTemp: Resetting audio stream to device id 
[2020.06.16-22.09.20:099][313]LogAudioMixer: Display: 0: FrontLeft
[2020.06.16-22.09.20:099][313]LogAudioMixer: Display: 1: FrontRight
[2020.06.16-22.09.55:930][420]LogAudioMixer: Warning: Changing default audio render device to new device: {0.0.0.00000000}.{32f125b3-a44d-4a37-8f22-3a6b50a63b79}.
[2020.06.16-22.09.55:930][420]LogTemp: Resetting audio stream to device id 
[2020.06.16-22.09.55:947][420]LogAudioMixer: Display: 0: FrontLeft
[2020.06.16-22.09.55:947][420]LogAudioMixer: Display: 1: FrontRight
[2020.06.16-22.10.20:742][494]LogAudioMixer: Warning: Changing default audio render device to new device: {0.0.0.00000000}.{a5d012ff-e6bf-4da4-b233-2e2fe196e12d}.
[2020.06.16-22.10.20:742][494]LogTemp: Resetting audio stream to device id 
[2020.06.16-22.10.20:758][494]LogAudioMixer: Display: 0: FrontLeft
[2020.06.16-22.10.20:758][494]LogAudioMixer: Display: 1: FrontRight
[2020.06.16-22.16.32:574][ 84]LogAssetEditorSubsystem: Opening Asset editor for WidgetBlueprint /Game/blueprints/ScoreHud.ScoreHud
[2020.06.16-22.16.33:055][ 84]LogContentBrowser: Native class hierarchy updated for 'BlueprintGraph' in 0.0005 seconds. Added 125 classes and 0 folders.
[2020.06.16-22.16.33:972][ 84]LogAssetEditorSubsystem: Opening Asset editor for Blueprint /Game/blueprints/RollingHud.RollingHud
[2020.06.16-22.16.34:321][ 84]LogAssetEditorSubsystem: Opening Asset editor for Blueprint /Game/blueprints/Pickup/Pickup_base.Pickup_base
[2020.06.16-22.16.34:622][ 84]LogAssetEditorSubsystem: Opening Asset editor for Blueprint /Game/blueprints/explosive.explosive
[2020.06.16-22.16.35:213][ 84]LogSlate: Took 0.004755 seconds to synchronously load lazily loaded font '../../../Engine/Content/Slate/Fonts/Roboto-BoldCondensed.ttf' (158K)
[2020.06.16-22.16.35:329][ 85]LogSlate: Took 0.004182 seconds to synchronously load lazily loaded font '../../../Engine/Content/Slate/Fonts/Roboto-Italic.ttf' (157K)
[2020.06.16-22.16.42:598][881]LogSlate: Window 'RollingHud' being destroyed
[2020.06.16-22.16.42:602][881]LogSlate: Window 'RollingHud' being destroyed
[2020.06.16-22.16.42:608][881]LogWorld: UWorld::CleanupWorld for World_5, bSessionEnded=true, bCleanupResources=true
[2020.06.16-22.16.42:608][881]LogSlate: InvalidateAllWidgets triggered.  All widgets were invalidated
[2020.06.16-22.16.42:621][881]LogWorld: UWorld::CleanupWorld for World_4, bSessionEnded=true, bCleanupResources=true
[2020.06.16-22.16.42:621][881]LogSlate: InvalidateAllWidgets triggered.  All widgets were invalidated
[2020.06.16-22.16.42:657][881]LogWorld: UWorld::CleanupWorld for World_6, bSessionEnded=true, bCleanupResources=true
[2020.06.16-22.16.42:657][881]LogSlate: InvalidateAllWidgets triggered.  All widgets were invalidated
[2020.06.16-22.22.03:791][117]LogTemp: Repeating last play command: Selected Viewport
[2020.06.16-22.22.03:806][117]LogPlayLevel: PlayLevel: No blueprints needed recompiling
[2020.06.16-22.22.03:806][117]LogHMD: Initializing OVRPlugin session
[2020.06.16-22.22.05:486][117]LogHMD: Allocating Oculus 2688 x 1600 rendertarget swapchain
[2020.06.16-22.22.05:491][117]PIE: New page: PIE session: level1 (17 Jun 2020, 00:22:05)
[2020.06.16-22.22.05:494][117]LogOnline: OSS: Creating online subsystem instance for: NULL
[2020.06.16-22.22.05:496][117]LogOnline: OSS: TryLoadSubsystemAndSetDefault: Loaded subsystem for module [NULL]
[2020.06.16-22.22.05:497][117]LogPlayLevel: Creating play world package: /Game/Maps/UEDPIE_0_level1
[2020.06.16-22.22.05:508][117]LogPlayLevel: PIE: StaticDuplicateObject took: (0.011280s)
[2020.06.16-22.22.05:509][117]LogAIModule: Creating AISystem for world level1
[2020.06.16-22.22.05:509][117]LogAISub: UAISubsystem::UAISubsystem EnvQueryManager (000001DB2742BE00), frame # 19117
[2020.06.16-22.22.05:509][117]LogAISub: UAISubsystem::UAISubsystem AIPerceptionSystem (000001DB2744CB80), frame # 19117
[2020.06.16-22.22.05:510][117]LogPlayLevel: PIE: World Init took: (0.001311s)
[2020.06.16-22.22.05:510][117]LogPlayLevel: PIE: Created PIE world by copying editor world from /Game/Maps/level1.level1 to /Game/Maps/UEDPIE_0_level1.level1 (0.012923s)
[2020.06.16-22.22.05:569][117]LogUObjectHash: Compacting FUObjectHashTables data took   3.51ms
[2020.06.16-22.22.05:574][117]LogAudioMixer: Display: Audio Mixer Platform Settings:
[2020.06.16-22.22.05:574][117]LogAudioMixer: Display: 	Sample Rate:						  48000
[2020.06.16-22.22.05:574][117]LogAudioMixer: Display: 	Callback Buffer Frame Size Requested: 1024
[2020.06.16-22.22.05:574][117]LogAudioMixer: Display: 	Callback Buffer Frame Size To Use:	  1024
[2020.06.16-22.22.05:574][117]LogAudioMixer: Display: 	Number of buffers to queue:			  2
[2020.06.16-22.22.05:574][117]LogAudioMixer: Display: 	Max Channels (voices):				  32
[2020.06.16-22.22.05:574][117]LogAudioMixer: Display: 	Number of Async Source Workers:		  0
[2020.06.16-22.22.05:574][117]LogAudio: Display: AudioDevice MaxSources: 32
[2020.06.16-22.22.05:575][117]LogAudio: Display: Using built-in audio occlusion.
[2020.06.16-22.22.05:575][117]LogAudioMixer: Display: Initializing audio mixer.
[2020.06.16-22.22.05:605][117]LogAudioMixer: Display: 0: FrontLeft
[2020.06.16-22.22.05:605][117]LogAudioMixer: Display: 1: FrontRight
[2020.06.16-22.22.05:619][117]LogAudioMixer: Display: Using Audio Device Speakers (High Definition Audio Device)
[2020.06.16-22.22.05:620][117]LogAudioMixer: Display: Initializing Sound Submixes...
[2020.06.16-22.22.05:620][117]LogAudioMixer: Display: Creating Master Submix 'MasterSubmixDefault'
[2020.06.16-22.22.05:620][117]LogAudioMixer: Display: Creating Master Submix 'MasterReverbSubmixDefault'
[2020.06.16-22.22.05:620][117]LogAudioMixer: Display: Creating Master Submix 'MasterEQSubmixDefault'
[2020.06.16-22.22.05:634][117]LogInit: FAudioDevice initialized.
[2020.06.16-22.22.05:684][117]LogSlate: Updating window title bar state: overlay mode, drag disabled, window buttons hidden, title bar hidden
[2020.06.16-22.22.05:685][117]LogLoad: Game class is 'RollingGameMode_C'
[2020.06.16-22.22.05:686][117]LogWorld: Bringing World /Game/Maps/UEDPIE_0_level1.level1 up for play (max tick rate 0) at 2020.06.16-23.22.05
[2020.06.16-22.22.05:688][117]LogWorld: Bringing up level for play took: 0.002079
[2020.06.16-22.22.05:689][117]LogOnline: OSS: Creating online subsystem instance for: :Context_10
[2020.06.16-22.22.05:733][117]LogContentBrowser: Native class hierarchy updated for 'MovieSceneCapture' in 0.0003 seconds. Added 20 classes and 0 folders.
[2020.06.16-22.22.05:745][117]PIE: Server logged in
[2020.06.16-22.22.05:747][117]PIE: Play in editor total start time 1.943 seconds.
[2020.06.16-22.22.05:759][117]LogAudio: Warning: Detected orphaned looping sound 'Fire_Sparks01_Cue'.
[2020.06.16-22.22.05:792][118]LogRenderer: Reallocating scene render targets to support 1316x720 Format 10 NumSamples 1 (Frame:1).
[2020.06.16-22.22.13:271][964]LogBlueprintUserMessages: [level1_C_8] You LOSE...!!
[2020.06.16-22.22.15:923][276]LogSlate: Updating window title bar state: overlay mode, drag disabled, window buttons hidden, title bar hidden
[2020.06.16-22.22.15:923][276]LogWorld: BeginTearingDown for /Game/Maps/UEDPIE_0_level1
[2020.06.16-22.22.15:923][276]LogSlate: Window 'rollerz Preview [NetMode: Standalone] (64-bit/Windows) ' being destroyed
[2020.06.16-22.22.15:930][276]LogWorld: UWorld::CleanupWorld for level1, bSessionEnded=true, bCleanupResources=true
[2020.06.16-22.22.15:930][276]LogSlate: InvalidateAllWidgets triggered.  All widgets were invalidated
[2020.06.16-22.22.15:940][276]LogPlayLevel: Display: Shutting down PIE online subsystems
[2020.06.16-22.22.15:945][276]LogSlate: InvalidateAllWidgets triggered.  All widgets were invalidated
[2020.06.16-22.22.16:005][276]LogAISub: UAISubsystem::~UAISubsystem EnvQueryManager (000001DB2742BE00), frame # 20276
[2020.06.16-22.22.16:005][276]LogAISub: UAISubsystem::~UAISubsystem AIPerceptionSystem (000001DB2744CB80), frame # 20276
[2020.06.16-22.22.16:030][276]LogUObjectHash: Compacting FUObjectHashTables data took   3.55ms
[2020.06.16-22.22.16:051][277]LogPlayLevel: Display: Destroying online subsystem :Context_10
[2020.06.16-22.24.05:203][ 58]Cmd: OBJ SAVEPACKAGE PACKAGE="/Game/blueprints/Pickup/Pickup_base" FILE="D:/projectz/rollerz/Content/blueprints/Pickup/Pickup_base.uasset" SILENT=true
[2020.06.16-22.24.05:254][ 58]LogSavePackage: Moving 'D:/projectz/rollerz/Saved/Pickup_baseC3D17D984E9E931BE2E30CB4A6100045.tmp' to 'D:/projectz/rollerz/Content/blueprints/Pickup/Pickup_base.uasset'
[2020.06.16-22.24.05:269][ 58]AssetCheck: New page: Asset Save: Pickup_base
[2020.06.16-22.24.05:269][ 58]LogContentValidation: Display: Validating Blueprint /Game/blueprints/Pickup/Pickup_base.Pickup_base
[2020.06.16-22.24.40:338][227]BlueprintLog: New page: Compile explosive
[2020.06.16-22.24.40:408][227]LogUObjectHash: Compacting FUObjectHashTables data took   3.02ms
[2020.06.16-22.24.40:465][227]LogSlate: Took 0.005775 seconds to synchronously load lazily loaded font '../../../Engine/Content/Slate/Fonts/DroidSansMono.ttf' (77K)
[2020.06.16-22.24.42:380][439]LogTemp: Repeating last play command: Selected Viewport
[2020.06.16-22.24.42:395][439]LogPlayLevel: PlayLevel: No blueprints needed recompiling
[2020.06.16-22.24.42:395][439]LogHMD: Initializing OVRPlugin session
[2020.06.16-22.24.42:484][439]LogHMD: Allocating Oculus 2688 x 1600 rendertarget swapchain
[2020.06.16-22.24.42:485][439]PIE: New page: PIE session: level1 (17 Jun 2020, 00:24:42)
[2020.06.16-22.24.42:485][439]LogPlayLevel: Creating play world package: /Game/Maps/UEDPIE_0_level1
[2020.06.16-22.24.42:489][439]LogPlayLevel: PIE: StaticDuplicateObject took: (0.003667s)
[2020.06.16-22.24.42:490][439]LogAIModule: Creating AISystem for world level1
[2020.06.16-22.24.42:490][439]LogAISub: UAISubsystem::UAISubsystem EnvQueryManager (000001DB26575800), frame # 33439
[2020.06.16-22.24.42:490][439]LogAISub: UAISubsystem::UAISubsystem AIPerceptionSystem (000001DB0AD99F80), frame # 33439
[2020.06.16-22.24.42:490][439]LogPlayLevel: PIE: World Init took: (0.001172s)
[2020.06.16-22.24.42:490][439]LogPlayLevel: PIE: Created PIE world by copying editor world from /Game/Maps/level1.level1 to /Game/Maps/UEDPIE_0_level1.level1 (0.004938s)
[2020.06.16-22.24.42:513][439]LogUObjectHash: Compacting FUObjectHashTables data took   2.50ms
[2020.06.16-22.24.42:514][439]LogAudioMixer: Display: Audio Mixer Platform Settings:
[2020.06.16-22.24.42:514][439]LogAudioMixer: Display: 	Sample Rate:						  48000
[2020.06.16-22.24.42:514][439]LogAudioMixer: Display: 	Callback Buffer Frame Size Requested: 1024
[2020.06.16-22.24.42:514][439]LogAudioMixer: Display: 	Callback Buffer Frame Size To Use:	  1024
[2020.06.16-22.24.42:514][439]LogAudioMixer: Display: 	Number of buffers to queue:			  2
[2020.06.16-22.24.42:514][439]LogAudioMixer: Display: 	Max Channels (voices):				  32
[2020.06.16-22.24.42:514][439]LogAudioMixer: Display: 	Number of Async Source Workers:		  0
[2020.06.16-22.24.42:515][439]LogAudio: Display: AudioDevice MaxSources: 32
[2020.06.16-22.24.42:515][439]LogAudio: Display: Using built-in audio occlusion.
[2020.06.16-22.24.42:515][439]LogAudioMixer: Display: Initializing audio mixer.
[2020.06.16-22.24.42:517][439]LogAudioMixer: Display: 0: FrontLeft
[2020.06.16-22.24.42:517][439]LogAudioMixer: Display: 1: FrontRight
[2020.06.16-22.24.42:530][439]LogAudioMixer: Display: Using Audio Device Speakers (High Definition Audio Device)
[2020.06.16-22.24.42:530][439]LogAudioMixer: Display: Initializing Sound Submixes...
[2020.06.16-22.24.42:530][439]LogAudioMixer: Display: Creating Master Submix 'MasterSubmixDefault'
[2020.06.16-22.24.42:530][439]LogAudioMixer: Display: Creating Master Submix 'MasterReverbSubmixDefault'
[2020.06.16-22.24.42:530][439]LogAudioMixer: Display: Creating Master Submix 'MasterEQSubmixDefault'
[2020.06.16-22.24.42:543][439]LogInit: FAudioDevice initialized.
[2020.06.16-22.24.42:592][439]LogSlate: Updating window title bar state: overlay mode, drag disabled, window buttons hidden, title bar hidden
[2020.06.16-22.24.42:592][439]LogLoad: Game class is 'RollingGameMode_C'
[2020.06.16-22.24.42:593][439]LogWorld: Bringing World /Game/Maps/UEDPIE_0_level1.level1 up for play (max tick rate 0) at 2020.06.16-23.24.42
[2020.06.16-22.24.42:593][439]LogWorld: Bringing up level for play took: 0.001056
[2020.06.16-22.24.42:593][439]LogOnline: OSS: Creating online subsystem instance for: :Context_12
[2020.06.16-22.24.42:597][439]PIE: Server logged in
[2020.06.16-22.24.42:598][439]PIE: Play in editor total start time 0.206 seconds.
[2020.06.16-22.24.42:599][439]LogAudio: Warning: Detected orphaned looping sound 'Fire_Sparks01_Cue'.
[2020.06.16-22.25.01:472][693]LogSlate: Updating window title bar state: overlay mode, drag disabled, window buttons hidden, title bar hidden
[2020.06.16-22.25.01:472][693]LogWorld: BeginTearingDown for /Game/Maps/UEDPIE_0_level1
[2020.06.16-22.25.01:472][693]LogSlate: Window 'rollerz Preview [NetMode: Standalone] (64-bit/Windows) ' being destroyed
[2020.06.16-22.25.01:478][693]LogWorld: UWorld::CleanupWorld for level1, bSessionEnded=true, bCleanupResources=true
[2020.06.16-22.25.01:478][693]LogSlate: InvalidateAllWidgets triggered.  All widgets were invalidated
[2020.06.16-22.25.01:485][693]LogPlayLevel: Display: Shutting down PIE online subsystems
[2020.06.16-22.25.01:489][693]LogSlate: InvalidateAllWidgets triggered.  All widgets were invalidated
[2020.06.16-22.25.01:525][693]LogAISub: UAISubsystem::~UAISubsystem AIPerceptionSystem (000001DB0AD99F80), frame # 35693
[2020.06.16-22.25.01:525][693]LogAISub: UAISubsystem::~UAISubsystem EnvQueryManager (000001DB26575800), frame # 35693
[2020.06.16-22.25.01:528][693]LogUObjectHash: Compacting FUObjectHashTables data took   1.97ms
[2020.06.16-22.25.01:546][694]LogPlayLevel: Display: Destroying online subsystem :Context_12
[2020.06.16-22.25.20:523][932]BlueprintLog: New page: Compile explosive
[2020.06.16-22.25.20:562][932]LogUObjectHash: Compacting FUObjectHashTables data took   2.23ms
[2020.06.16-22.25.22:007][ 93]Cmd: OBJ SAVEPACKAGE PACKAGE="/Game/blueprints/explosive" FILE="D:/projectz/rollerz/Content/blueprints/explosive.uasset" SILENT=true
[2020.06.16-22.25.22:032][ 93]LogSavePackage: Moving 'D:/projectz/rollerz/Saved/explosive3A1227094C482C47F08D29A8A09DCC6A.tmp' to 'D:/projectz/rollerz/Content/blueprints/explosive.uasset'
[2020.06.16-22.25.22:050][ 93]AssetCheck: New page: Asset Save: explosive
[2020.06.16-22.25.22:050][ 93]LogContentValidation: Display: Validating Blueprint /Game/blueprints/explosive.explosive
[2020.06.16-22.25.30:343][ 60]LogSlate: Last resort fallback font was requested. Font: '/Game/blueprints/Pickup/Arcade.Arcade', Character: '_ (U+005f)'
[2020.06.16-22.25.30:354][ 60]LogSlate: Took 0.009803 seconds to synchronously load lazily loaded font '../../../Engine/Content/SlateDebug/Fonts/LastResort.ttf' (5269K)
[2020.06.16-22.25.34:498][550]LogAssetEditorSubsystem: Opening Asset editor for WidgetBlueprint /Game/blueprints/Pickup/pickup_text.pickup_text
[2020.06.16-22.26.01:245][488]LogSlate: Window 'pickup_text' being destroyed
[2020.06.16-22.32.14:266][ 71]LogTemp: Repeating last play command: Selected Viewport
[2020.06.16-22.32.14:281][ 71]LogPlayLevel: PlayLevel: No blueprints needed recompiling
[2020.06.16-22.32.14:281][ 71]LogHMD: Initializing OVRPlugin session
[2020.06.16-22.32.15:655][ 71]LogHMD: Allocating Oculus 2688 x 1600 rendertarget swapchain
[2020.06.16-22.32.15:656][ 71]PIE: New page: PIE session: level1 (17 Jun 2020, 00:32:15)
[2020.06.16-22.32.15:656][ 71]LogPlayLevel: Creating play world package: /Game/Maps/UEDPIE_0_level1
[2020.06.16-22.32.15:661][ 71]LogPlayLevel: PIE: StaticDuplicateObject took: (0.004687s)
[2020.06.16-22.32.15:662][ 71]LogAIModule: Creating AISystem for world level1
[2020.06.16-22.32.15:662][ 71]LogAISub: UAISubsystem::UAISubsystem EnvQueryManager (000001DB25CA2200), frame # 65071
[2020.06.16-22.32.15:662][ 71]LogAISub: UAISubsystem::UAISubsystem AIPerceptionSystem (000001DB25C9FD80), frame # 65071
[2020.06.16-22.32.15:663][ 71]LogPlayLevel: PIE: World Init took: (0.001341s)
[2020.06.16-22.32.15:663][ 71]LogPlayLevel: PIE: Created PIE world by copying editor world from /Game/Maps/level1.level1 to /Game/Maps/UEDPIE_0_level1.level1 (0.006203s)
[2020.06.16-22.32.15:695][ 71]LogUObjectHash: Compacting FUObjectHashTables data took   3.17ms
[2020.06.16-22.32.15:696][ 71]LogAudioMixer: Display: Audio Mixer Platform Settings:
[2020.06.16-22.32.15:696][ 71]LogAudioMixer: Display: 	Sample Rate:						  48000
[2020.06.16-22.32.15:696][ 71]LogAudioMixer: Display: 	Callback Buffer Frame Size Requested: 1024
[2020.06.16-22.32.15:696][ 71]LogAudioMixer: Display: 	Callback Buffer Frame Size To Use:	  1024
[2020.06.16-22.32.15:696][ 71]LogAudioMixer: Display: 	Number of buffers to queue:			  2
[2020.06.16-22.32.15:696][ 71]LogAudioMixer: Display: 	Max Channels (voices):				  32
[2020.06.16-22.32.15:696][ 71]LogAudioMixer: Display: 	Number of Async Source Workers:		  0
[2020.06.16-22.32.15:696][ 71]LogAudio: Display: AudioDevice MaxSources: 32
[2020.06.16-22.32.15:697][ 71]LogAudio: Display: Using built-in audio occlusion.
[2020.06.16-22.32.15:697][ 71]LogAudioMixer: Display: Initializing audio mixer.
[2020.06.16-22.32.15:700][ 71]LogAudioMixer: Display: 0: FrontLeft
[2020.06.16-22.32.15:700][ 71]LogAudioMixer: Display: 1: FrontRight
[2020.06.16-22.32.15:712][ 71]LogAudioMixer: Display: Using Audio Device Speakers (High Definition Audio Device)
[2020.06.16-22.32.15:712][ 71]LogAudioMixer: Display: Initializing Sound Submixes...
[2020.06.16-22.32.15:712][ 71]LogAudioMixer: Display: Creating Master Submix 'MasterSubmixDefault'
[2020.06.16-22.32.15:712][ 71]LogAudioMixer: Display: Creating Master Submix 'MasterReverbSubmixDefault'
[2020.06.16-22.32.15:712][ 71]LogAudioMixer: Display: Creating Master Submix 'MasterEQSubmixDefault'
[2020.06.16-22.32.15:725][ 71]LogInit: FAudioDevice initialized.
[2020.06.16-22.32.15:733][ 71]LogLoad: Game class is 'RollingGameMode_C'
[2020.06.16-22.32.15:734][ 71]LogWorld: Bringing World /Game/Maps/UEDPIE_0_level1.level1 up for play (max tick rate 0) at 2020.06.16-23.32.15
[2020.06.16-22.32.15:734][ 71]LogWorld: Bringing up level for play took: 0.000963
[2020.06.16-22.32.15:735][ 71]LogOnline: OSS: Creating online subsystem instance for: :Context_15
[2020.06.16-22.32.15:737][ 71]PIE: Server logged in
[2020.06.16-22.32.15:737][ 71]PIE: Play in editor total start time 1.46 seconds.
[2020.06.16-22.32.15:739][ 71]LogAudio: Warning: Detected orphaned looping sound 'Fire_Sparks01_Cue'.
[2020.06.16-22.32.32:071][ 18]LogSlate: Updating window title bar state: overlay mode, drag disabled, window buttons hidden, title bar hidden
[2020.06.16-22.32.32:071][ 18]LogWorld: BeginTearingDown for /Game/Maps/UEDPIE_0_level1
[2020.06.16-22.32.32:072][ 18]LogWorld: UWorld::CleanupWorld for level1, bSessionEnded=true, bCleanupResources=true
[2020.06.16-22.32.32:072][ 18]LogSlate: InvalidateAllWidgets triggered.  All widgets were invalidated
[2020.06.16-22.32.32:081][ 18]LogPlayLevel: Display: Shutting down PIE online subsystems
[2020.06.16-22.32.32:085][ 18]LogSlate: InvalidateAllWidgets triggered.  All widgets were invalidated
[2020.06.16-22.32.32:122][ 18]LogSlate: Updating window title bar state: overlay mode, drag disabled, window buttons hidden, title bar hidden
[2020.06.16-22.32.32:123][ 18]LogAISub: UAISubsystem::~UAISubsystem AIPerceptionSystem (000001DB25C9FD80), frame # 67018
[2020.06.16-22.32.32:123][ 18]LogAISub: UAISubsystem::~UAISubsystem EnvQueryManager (000001DB25CA2200), frame # 67018
[2020.06.16-22.32.32:125][ 18]LogUObjectHash: Compacting FUObjectHashTables data took   2.18ms
[2020.06.16-22.32.32:150][ 19]LogPlayLevel: Display: Destroying online subsystem :Context_15
[2020.06.16-22.34.35:152][766]LogUObjectHash: Compacting FUObjectHashTables data took   2.06ms
[2020.06.16-22.34.35:155][766]Cmd: OBJ SAVEPACKAGE PACKAGE="/Game/Maps/level1" FILE="D:/projectz/rollerz/Saved/Autosaves/Game/Maps/level1_Auto1.umap" SILENT=true AUTOSAVING=true KEEPDIRTY=false
[2020.06.16-22.34.35:186][766]LogSavePackage: Moving 'D:/projectz/rollerz/Saved/level1_Auto1EA69CAA64657D2B51C86ECBC63DCF606.tmp' to 'D:/projectz/rollerz/Saved/Autosaves/Game/Maps/level1_Auto1.umap'
[2020.06.16-22.34.35:189][766]LogFileHelpers: Editor autosave (incl. sublevels) for '/Game/Maps/level1' took 0.063
[2020.06.16-22.34.35:189][766]LogFileHelpers: Editor autosave (incl. sublevels) for all levels took 0.063
[2020.06.16-22.35.15:399][342]LogTemp: Repeating last play command: Selected Viewport
[2020.06.16-22.35.15:417][342]LogPlayLevel: PlayLevel: No blueprints needed recompiling
[2020.06.16-22.35.15:418][342]LogHMD: Initializing OVRPlugin session
[2020.06.16-22.35.15:525][342]LogHMD: Allocating Oculus 2688 x 1600 rendertarget swapchain
[2020.06.16-22.35.15:525][342]PIE: New page: PIE session: level1 (17 Jun 2020, 00:35:15)
[2020.06.16-22.35.15:525][342]LogPlayLevel: Creating play world package: /Game/Maps/UEDPIE_0_level1
[2020.06.16-22.35.15:529][342]LogPlayLevel: PIE: StaticDuplicateObject took: (0.003818s)
[2020.06.16-22.35.15:530][342]LogAIModule: Creating AISystem for world level1
[2020.06.16-22.35.15:530][342]LogAISub: UAISubsystem::UAISubsystem EnvQueryManager (000001DB1C4D5600), frame # 79342
[2020.06.16-22.35.15:531][342]LogAISub: UAISubsystem::UAISubsystem AIPerceptionSystem (000001DB25C9D300), frame # 79342
[2020.06.16-22.35.15:531][342]LogPlayLevel: PIE: World Init took: (0.001404s)
[2020.06.16-22.35.15:531][342]LogPlayLevel: PIE: Created PIE world by copying editor world from /Game/Maps/level1.level1 to /Game/Maps/UEDPIE_0_level1.level1 (0.005355s)
[2020.06.16-22.35.15:556][342]LogUObjectHash: Compacting FUObjectHashTables data took   2.07ms
[2020.06.16-22.35.15:557][342]LogAudioMixer: Display: Audio Mixer Platform Settings:
[2020.06.16-22.35.15:557][342]LogAudioMixer: Display: 	Sample Rate:						  48000
[2020.06.16-22.35.15:557][342]LogAudioMixer: Display: 	Callback Buffer Frame Size Requested: 1024
[2020.06.16-22.35.15:557][342]LogAudioMixer: Display: 	Callback Buffer Frame Size To Use:	  1024
[2020.06.16-22.35.15:557][342]LogAudioMixer: Display: 	Number of buffers to queue:			  2
[2020.06.16-22.35.15:557][342]LogAudioMixer: Display: 	Max Channels (voices):				  32
[2020.06.16-22.35.15:557][342]LogAudioMixer: Display: 	Number of Async Source Workers:		  0
[2020.06.16-22.35.15:557][342]LogAudio: Display: AudioDevice MaxSources: 32
[2020.06.16-22.35.15:558][342]LogAudio: Display: Using built-in audio occlusion.
[2020.06.16-22.35.15:558][342]LogAudioMixer: Display: Initializing audio mixer.
[2020.06.16-22.35.15:560][342]LogAudioMixer: Display: 0: FrontLeft
[2020.06.16-22.35.15:560][342]LogAudioMixer: Display: 1: FrontRight
[2020.06.16-22.35.15:572][342]LogAudioMixer: Display: Using Audio Device Speakers (High Definition Audio Device)
[2020.06.16-22.35.15:572][342]LogAudioMixer: Display: Initializing Sound Submixes...
[2020.06.16-22.35.15:572][342]LogAudioMixer: Display: Creating Master Submix 'MasterSubmixDefault'
[2020.06.16-22.35.15:572][342]LogAudioMixer: Display: Creating Master Submix 'MasterReverbSubmixDefault'
[2020.06.16-22.35.15:573][342]LogAudioMixer: Display: Creating Master Submix 'MasterEQSubmixDefault'
[2020.06.16-22.35.15:585][342]LogInit: FAudioDevice initialized.
[2020.06.16-22.35.15:635][342]LogSlate: Updating window title bar state: overlay mode, drag disabled, window buttons hidden, title bar hidden
[2020.06.16-22.35.15:635][342]LogLoad: Game class is 'RollingGameMode_C'
[2020.06.16-22.35.15:636][342]LogWorld: Bringing World /Game/Maps/UEDPIE_0_level1.level1 up for play (max tick rate 0) at 2020.06.16-23.35.15
[2020.06.16-22.35.15:636][342]LogWorld: Bringing up level for play took: 0.001030
[2020.06.16-22.35.15:637][342]LogOnline: OSS: Creating online subsystem instance for: :Context_16
[2020.06.16-22.35.15:641][342]PIE: Server logged in
[2020.06.16-22.35.15:642][342]PIE: Play in editor total start time 0.231 seconds.
[2020.06.16-22.35.15:643][342]LogAudio: Warning: Detected orphaned looping sound 'Fire_Sparks01_Cue'.
[2020.06.16-22.35.23:408][268]LogBlueprintUserMessages: [level1_C_8] You LOSE...!!
[2020.06.16-22.35.25:231][484]LogSlate: Updating window title bar state: overlay mode, drag disabled, window buttons hidden, title bar hidden
[2020.06.16-22.35.25:231][484]LogWorld: BeginTearingDown for /Game/Maps/UEDPIE_0_level1
[2020.06.16-22.35.25:232][484]LogSlate: Window 'rollerz Preview [NetMode: Standalone] (64-bit/Windows) ' being destroyed
[2020.06.16-22.35.25:238][484]LogWorld: UWorld::CleanupWorld for level1, bSessionEnded=true, bCleanupResources=true
[2020.06.16-22.35.25:238][484]LogSlate: InvalidateAllWidgets triggered.  All widgets were invalidated
[2020.06.16-22.35.25:247][484]LogPlayLevel: Display: Shutting down PIE online subsystems
[2020.06.16-22.35.25:251][484]LogSlate: InvalidateAllWidgets triggered.  All widgets were invalidated
[2020.06.16-22.35.25:289][484]LogAISub: UAISubsystem::~UAISubsystem AIPerceptionSystem (000001DB25C9D300), frame # 80484
[2020.06.16-22.35.25:289][484]LogAISub: UAISubsystem::~UAISubsystem EnvQueryManager (000001DB1C4D5600), frame # 80484
[2020.06.16-22.35.25:291][484]LogUObjectHash: Compacting FUObjectHashTables data took   2.11ms
[2020.06.16-22.35.25:311][485]LogPlayLevel: Display: Destroying online subsystem :Context_16
[2020.06.16-22.38.05:280][418]LogAssetEditorSubsystem: Opening Asset editor for Blueprint /Game/blueprints/RollingHud.RollingHud
[2020.06.16-22.38.58:629][224]LogAssetEditorSubsystem: Opening Asset editor for WidgetBlueprint /Game/blueprints/ScoreHud.ScoreHud
[2020.06.16-22.39.02:010][591]LogSlate: Took 0.008259 seconds to synchronously load lazily loaded font '../../../Engine/Content/Slate/Fonts/DroidSansFallback.ttf' (3848K)
[2020.06.16-22.44.45:702][167]LogUObjectHash: Compacting FUObjectHashTables data took   2.46ms
[2020.06.16-22.44.45:703][167]LogFileHelpers: Editor autosave (incl. sublevels) for '/Game/Maps/level1' took 0.036
[2020.06.16-22.44.45:703][167]OBJ SavePackage: Generating thumbnails for [0] asset(s) in package [/Game/blueprints/RollingHud] ([1] browsable assets)...
[2020.06.16-22.44.45:703][167]OBJ SavePackage: Finished generating thumbnails for package [/Game/blueprints/RollingHud]
[2020.06.16-22.44.45:703][167]Cmd: OBJ SAVEPACKAGE PACKAGE="/Game/blueprints/RollingHud" FILE="D:/projectz/rollerz/Saved/Autosaves/Game/blueprints/RollingHud_Auto2.uasset" SILENT=false AUTOSAVING=true
[2020.06.16-22.44.45:723][167]LogSavePackage: Moving 'D:/projectz/rollerz/Saved/RollingHud_Auto279AAB10C410846C21AA1F1AAE44549AF.tmp' to 'D:/projectz/rollerz/Saved/Autosaves/Game/blueprints/RollingHud_Auto2.uasset'
[2020.06.16-22.44.45:723][167]LogFileHelpers: Auto-saving content packages took 0.020
[2020.06.16-22.48.25:506][135]LogAssetEditorSubsystem: Opening Asset editor for Blueprint /Game/blueprints/BallPawn.BallPawn
[2020.06.16-22.48.32:102][860]LogWorld: UWorld::CleanupWorld for World_15, bSessionEnded=true, bCleanupResources=true
[2020.06.16-22.48.32:102][860]LogSlate: InvalidateAllWidgets triggered.  All widgets were invalidated
[2020.06.16-22.59.56:035][752]LogUObjectHash: Compacting FUObjectHashTables data took   2.96ms
[2020.06.16-22.59.56:037][752]LogFileHelpers: Editor autosave (incl. sublevels) for '/Game/Maps/level1' took 0.038
[2020.06.16-22.59.56:037][752]OBJ SavePackage: Generating thumbnails for [0] asset(s) in package [/Game/blueprints/ScoreHud] ([1] browsable assets)...
[2020.06.16-22.59.56:037][752]OBJ SavePackage: Finished generating thumbnails for package [/Game/blueprints/ScoreHud]
[2020.06.16-22.59.56:037][752]Cmd: OBJ SAVEPACKAGE PACKAGE="/Game/blueprints/ScoreHud" FILE="D:/projectz/rollerz/Saved/Autosaves/Game/blueprints/ScoreHud_Auto3.uasset" SILENT=false AUTOSAVING=true
[2020.06.16-22.59.56:057][752]LogSavePackage: Moving 'D:/projectz/rollerz/Saved/ScoreHud_Auto39C628C634521F35E9F9C7A9D33402379.tmp' to 'D:/projectz/rollerz/Saved/Autosaves/Game/blueprints/ScoreHud_Auto3.uasset'
[2020.06.16-22.59.56:058][752]LogFileHelpers: Auto-saving content packages took 0.020
[2020.06.16-23.00.17:685][761]BlueprintLog: New page: Compile ScoreHud
[2020.06.16-23.00.17:723][761]LogUObjectHash: Compacting FUObjectHashTables data took   2.35ms
[2020.06.16-23.00.19:849][982]Cmd: OBJ SAVEPACKAGE PACKAGE="/Game/blueprints/ScoreHud" FILE="D:/projectz/rollerz/Content/blueprints/ScoreHud.uasset" SILENT=true
[2020.06.16-23.00.19:865][982]LogSavePackage: Moving 'D:/projectz/rollerz/Saved/ScoreHudA3899847412B014FA30C128C9872C0E1.tmp' to 'D:/projectz/rollerz/Content/blueprints/ScoreHud.uasset'
[2020.06.16-23.00.19:880][982]AssetCheck: New page: Asset Save: ScoreHud
[2020.06.16-23.00.19:880][982]LogContentValidation: Display: Validating WidgetBlueprint /Game/blueprints/ScoreHud.ScoreHud
[2020.06.16-23.00.21:710][186]LogTemp: Repeating last play command: Selected Viewport
[2020.06.16-23.00.21:722][186]LogPlayLevel: PlayLevel: No blueprints needed recompiling
[2020.06.16-23.00.21:722][186]LogHMD: Initializing OVRPlugin session
[2020.06.16-23.00.21:826][186]LogHMD: Allocating Oculus 2688 x 1600 rendertarget swapchain
[2020.06.16-23.00.21:828][186]PIE: New page: PIE session: level1 (17 Jun 2020, 01:00:21)
[2020.06.16-23.00.21:829][186]LogPlayLevel: Creating play world package: /Game/Maps/UEDPIE_0_level1
[2020.06.16-23.00.21:832][186]LogPlayLevel: PIE: StaticDuplicateObject took: (0.003740s)
[2020.06.16-23.00.21:833][186]LogAIModule: Creating AISystem for world level1
[2020.06.16-23.00.21:833][186]LogAISub: UAISubsystem::UAISubsystem EnvQueryManager (000001DB54721200), frame # 134186
[2020.06.16-23.00.21:833][186]LogAISub: UAISubsystem::UAISubsystem AIPerceptionSystem (000001DB2B762AC0), frame # 134186
[2020.06.16-23.00.21:833][186]LogPlayLevel: PIE: World Init took: (0.001006s)
[2020.06.16-23.00.21:833][186]LogPlayLevel: PIE: Created PIE world by copying editor world from /Game/Maps/level1.level1 to /Game/Maps/UEDPIE_0_level1.level1 (0.004854s)
[2020.06.16-23.00.21:863][186]LogUObjectHash: Compacting FUObjectHashTables data took   2.68ms
[2020.06.16-23.00.21:864][186]LogAudioMixer: Display: Audio Mixer Platform Settings:
[2020.06.16-23.00.21:864][186]LogAudioMixer: Display: 	Sample Rate:						  48000
[2020.06.16-23.00.21:864][186]LogAudioMixer: Display: 	Callback Buffer Frame Size Requested: 1024
[2020.06.16-23.00.21:864][186]LogAudioMixer: Display: 	Callback Buffer Frame Size To Use:	  1024
[2020.06.16-23.00.21:864][186]LogAudioMixer: Display: 	Number of buffers to queue:			  2
[2020.06.16-23.00.21:864][186]LogAudioMixer: Display: 	Max Channels (voices):				  32
[2020.06.16-23.00.21:864][186]LogAudioMixer: Display: 	Number of Async Source Workers:		  0
[2020.06.16-23.00.21:864][186]LogAudio: Display: AudioDevice MaxSources: 32
[2020.06.16-23.00.21:865][186]LogAudio: Display: Using built-in audio occlusion.
[2020.06.16-23.00.21:865][186]LogAudioMixer: Display: Initializing audio mixer.
[2020.06.16-23.00.21:867][186]LogAudioMixer: Display: 0: FrontLeft
[2020.06.16-23.00.21:867][186]LogAudioMixer: Display: 1: FrontRight
[2020.06.16-23.00.21:880][186]LogAudioMixer: Display: Using Audio Device Speakers (High Definition Audio Device)
[2020.06.16-23.00.21:880][186]LogAudioMixer: Display: Initializing Sound Submixes...
[2020.06.16-23.00.21:880][186]LogAudioMixer: Display: Creating Master Submix 'MasterSubmixDefault'
[2020.06.16-23.00.21:880][186]LogAudioMixer: Display: Creating Master Submix 'MasterReverbSubmixDefault'
[2020.06.16-23.00.21:880][186]LogAudioMixer: Display: Creating Master Submix 'MasterEQSubmixDefault'
[2020.06.16-23.00.21:894][186]LogInit: FAudioDevice initialized.
[2020.06.16-23.00.21:946][186]LogSlate: Updating window title bar state: overlay mode, drag disabled, window buttons hidden, title bar hidden
[2020.06.16-23.00.21:946][186]LogLoad: Game class is 'RollingGameMode_C'
[2020.06.16-23.00.21:947][186]LogWorld: Bringing World /Game/Maps/UEDPIE_0_level1.level1 up for play (max tick rate 0) at 2020.06.17-00.00.21
[2020.06.16-23.00.21:948][186]LogWorld: Bringing up level for play took: 0.000978
[2020.06.16-23.00.21:948][186]LogOnline: OSS: Creating online subsystem instance for: :Context_21
[2020.06.16-23.00.21:951][186]PIE: Server logged in
[2020.06.16-23.00.21:952][186]PIE: Play in editor total start time 0.231 seconds.
[2020.06.16-23.00.21:953][186]LogAudio: Warning: Detected orphaned looping sound 'Fire_Sparks01_Cue'.
[2020.06.16-23.00.32:471][438]LogNet: Browse: /Game/Maps/level2
[2020.06.16-23.00.32:471][438]LogHMD: FSplash::OnShow
[2020.06.16-23.00.32:471][438]LogLoad: LoadMap: /Game/Maps/level2
[2020.06.16-23.00.32:471][438]LogWorld: BeginTearingDown for /Game/Maps/UEDPIE_0_level1
[2020.06.16-23.00.32:472][438]LogWorld: UWorld::CleanupWorld for level1, bSessionEnded=true, bCleanupResources=true
[2020.06.16-23.00.32:473][438]LogSlate: InvalidateAllWidgets triggered.  All widgets were invalidated
[2020.06.16-23.00.32:525][438]LogAISub: UAISubsystem::~UAISubsystem AIPerceptionSystem (000001DB2B762AC0), frame # 135438
[2020.06.16-23.00.32:525][438]LogAISub: UAISubsystem::~UAISubsystem EnvQueryManager (000001DB54721200), frame # 135438
[2020.06.16-23.00.32:528][438]LogUObjectHash: Compacting FUObjectHashTables data took   2.17ms
[2020.06.16-23.00.32:574][438]LogAIModule: Creating AISystem for world level2
[2020.06.16-23.00.32:574][438]LogAISub: UAISubsystem::UAISubsystem EnvQueryManager (000001DB26350C00), frame # 135438
[2020.06.16-23.00.32:574][438]LogAISub: UAISubsystem::UAISubsystem AIPerceptionSystem (000001DB2B7634C0), frame # 135438
[2020.06.16-23.00.32:574][438]LogLoad: Game class is 'GameModeBase'
[2020.06.16-23.00.32:576][438]LogWorld: Bringing World /Game/Maps/UEDPIE_0_level2.level2 up for play (max tick rate 0) at 2020.06.17-00.00.32
[2020.06.16-23.00.32:576][438]LogWorld: Bringing up level for play took: 0.002018
[2020.06.16-23.00.32:577][438]LogGameMode: FindPlayerStart: PATHS NOT DEFINED or NO PLAYERSTART with positive rating
[2020.06.16-23.00.32:577][438]LogHMD: FSplash::OnShow
[2020.06.16-23.00.32:578][438]LogLoad: Took 0.106714 seconds to LoadMap(/Game/Maps/level2)
[2020.06.16-23.00.32:597][439]LogHMD: FSplash::OnHide
[2020.06.16-23.00.34:609][677]LogSlate: Updating window title bar state: overlay mode, drag disabled, window buttons hidden, title bar hidden
[2020.06.16-23.00.34:609][677]LogWorld: BeginTearingDown for /Game/Maps/UEDPIE_0_level2
[2020.06.16-23.00.34:609][677]LogSlate: Window 'rollerz Preview [NetMode: Standalone] (64-bit/Windows) ' being destroyed
[2020.06.16-23.00.34:617][677]LogWorld: UWorld::CleanupWorld for level2, bSessionEnded=true, bCleanupResources=true
[2020.06.16-23.00.34:617][677]LogSlate: InvalidateAllWidgets triggered.  All widgets were invalidated
[2020.06.16-23.00.34:625][677]LogPlayLevel: Display: Shutting down PIE online subsystems
[2020.06.16-23.00.34:629][677]LogSlate: InvalidateAllWidgets triggered.  All widgets were invalidated
[2020.06.16-23.00.34:672][677]LogAISub: UAISubsystem::~UAISubsystem AIPerceptionSystem (000001DB2B7634C0), frame # 135677
[2020.06.16-23.00.34:672][677]LogAISub: UAISubsystem::~UAISubsystem EnvQueryManager (000001DB26350C00), frame # 135677
[2020.06.16-23.00.34:674][677]LogUObjectHash: Compacting FUObjectHashTables data took   2.22ms
[2020.06.16-23.00.34:698][678]LogPlayLevel: Display: Destroying online subsystem :Context_21
[2020.06.16-23.10.09:366][951]LogUObjectHash: Compacting FUObjectHashTables data took   2.55ms
[2020.06.16-23.10.09:367][951]LogFileHelpers: Editor autosave (incl. sublevels) for '/Game/Maps/level1' took 0.039
[2020.06.16-23.10.09:367][951]OBJ SavePackage: Generating thumbnails for [0] asset(s) in package [/Game/blueprints/RollingHud] ([1] browsable assets)...
[2020.06.16-23.10.09:367][951]OBJ SavePackage: Finished generating thumbnails for package [/Game/blueprints/RollingHud]
[2020.06.16-23.10.09:367][951]Cmd: OBJ SAVEPACKAGE PACKAGE="/Game/blueprints/RollingHud" FILE="D:/projectz/rollerz/Saved/Autosaves/Game/blueprints/RollingHud_Auto4.uasset" SILENT=false AUTOSAVING=true
[2020.06.16-23.10.09:384][951]LogSavePackage: Moving 'D:/projectz/rollerz/Saved/RollingHud_Auto4158829024C8308BF476464928130875C.tmp' to 'D:/projectz/rollerz/Saved/Autosaves/Game/blueprints/RollingHud_Auto4.uasset'
[2020.06.16-23.10.09:384][951]LogFileHelpers: Auto-saving content packages took 0.018
[2020.06.16-23.11.57:355][273]LogAudioMixer: Warning: Changing default audio render device to new device: {0.0.0.00000000}.{fe491f62-df40-499c-9e67-c359104e083c}.
[2020.06.16-23.11.57:355][273]LogTemp: Resetting audio stream to device id 
[2020.06.16-23.11.57:428][273]LogAudioMixer: Display: 0: FrontLeft
[2020.06.16-23.11.57:428][273]LogAudioMixer: Display: 1: FrontRight
[2020.06.16-23.27.16:646][ 13]LogAudioMixer: Warning: Changing default audio render device to new device: {0.0.0.00000000}.{a5d012ff-e6bf-4da4-b233-2e2fe196e12d}.
[2020.06.16-23.27.16:646][ 13]LogTemp: Resetting audio stream to device id 
[2020.06.16-23.27.16:665][ 13]LogAudioMixer: Display: 0: FrontLeft
[2020.06.16-23.27.16:665][ 13]LogAudioMixer: Display: 1: FrontRight
